<?xml version="1.0" encoding="utf-8"?>
<CoverageSession xmlns:xsd="http://www.w3.org/2001/XMLSchema" xmlns:xsi="http://www.w3.org/2001/XMLSchema-instance" Version="0.0.0.0">
  <Summary numSequencePoints="1231" visitedSequencePoints="1074" numBranchPoints="0" visitedBranchPoints="0" sequenceCoverage="87.25" branchCoverage="0.0" maxCyclomaticComplexity="0" minCyclomaticComplexity="0" maxCrapScore="0" minCrapScore="0" visitedClasses="26" numClasses="26" visitedMethods="170" numMethods="170" />
  <Modules>
    <Module>
      <Summary numSequencePoints="1231" visitedSequencePoints="1074" numBranchPoints="0" visitedBranchPoints="0" sequenceCoverage="87.25" branchCoverage="0.0" maxCyclomaticComplexity="0" minCyclomaticComplexity="0" maxCrapScore="0" minCrapScore="0" visitedClasses="26" numClasses="26" visitedMethods="170" numMethods="170" />
      <ModuleTime>0001-01-01T00:00:00</ModuleTime>
      <ModuleName>Assembly-CSharp</ModuleName>
      <Files>
        <File uid="1" fullPath="C:/Users/Layan/Desktop/capstone-project/MathQuest-Capstone/Assets/ChestAnimationInteractable.cs" />
        <File uid="2" fullPath="C:/Users/Layan/Desktop/capstone-project/MathQuest-Capstone/Assets/Core/UserAvatar/FinalCharacterController/Scripts/AudioManager.cs" />
        <File uid="3" fullPath="C:/Users/Layan/Desktop/capstone-project/MathQuest-Capstone/Assets/Core/UserAvatar/FinalCharacterController/Scripts/Interactor.cs" />
        <File uid="4" fullPath="C:/Users/Layan/Desktop/capstone-project/MathQuest-Capstone/Assets/Core/UserAvatar/FinalCharacterController/Scripts/MainMenu.cs" />
        <File uid="5" fullPath="C:/Users/Layan/Desktop/capstone-project/MathQuest-Capstone/Assets/Core/UserAvatar/FinalCharacterController/Scripts/NumberGenerator.cs" />
        <File uid="6" fullPath="C:/Users/Layan/Desktop/capstone-project/MathQuest-Capstone/Assets/Core/UserAvatar/FinalCharacterController/Scripts/Quest3DTransition.cs" />
        <File uid="7" fullPath="C:/Users/Layan/Desktop/capstone-project/MathQuest-Capstone/Assets/Core/UserAvatar/FinalCharacterController/Scripts/QuestManager.cs" />
        <File uid="8" fullPath="C:/Users/Layan/Desktop/capstone-project/MathQuest-Capstone/Assets/Core/UserAvatar/FinalCharacterController/Scripts/VolumeControl.cs" />
        <File uid="9" fullPath="C:/Users/Layan/Desktop/capstone-project/MathQuest-Capstone/Assets/IgniteCoders/Simple Water Shader/Resources/WaterReflection.cs" />
        <File uid="10" fullPath="C:/Users/Layan/Desktop/capstone-project/MathQuest-Capstone/Assets/Scripts/LevelCalculator.cs" />
        <File uid="11" fullPath="C:/Users/Layan/Desktop/capstone-project/MathQuest-Capstone/Assets/Scripts/LoginController.cs" />
        <File uid="12" fullPath="C:/Users/Layan/Desktop/capstone-project/MathQuest-Capstone/Assets/Scripts/ProfileController.cs" />
        <File uid="13" fullPath="C:/Users/Layan/Desktop/capstone-project/MathQuest-Capstone/Assets/Scripts/RuntimeTests/MiniTestRunner.cs" />
        <File uid="14" fullPath="C:/Users/Layan/Desktop/capstone-project/MathQuest-Capstone/Assets/Scripts/ShipRock.cs" />
        <File uid="15" fullPath="C:/Users/Layan/Desktop/capstone-project/MathQuest-Capstone/Assets/TextMesh Pro/Examples &amp; Extras/Scripts/ChatController.cs" />
        <File uid="16" fullPath="C:/Users/Layan/Desktop/capstone-project/MathQuest-Capstone/Assets/TextMesh Pro/Examples &amp; Extras/Scripts/DropdownSample.cs" />
        <File uid="17" fullPath="C:/Users/Layan/Desktop/capstone-project/MathQuest-Capstone/Assets/TextMesh Pro/Examples &amp; Extras/Scripts/EnvMapAnimator.cs" />
        <File uid="18" fullPath="C:/Users/Layan/Desktop/capstone-project/MathQuest-Capstone/Assets/TextMesh Pro/Examples &amp; Extras/Scripts/TMP_DigitValidator.cs" />
        <File uid="19" fullPath="C:/Users/Layan/Desktop/capstone-project/MathQuest-Capstone/Assets/TextMesh Pro/Examples &amp; Extras/Scripts/TMP_PhoneNumberValidator.cs" />
        <File uid="20" fullPath="C:/Users/Layan/Desktop/capstone-project/MathQuest-Capstone/Assets/TextMesh Pro/Examples &amp; Extras/Scripts/TMP_TextEventHandler.cs" />
        <File uid="21" fullPath="C:/Users/Layan/Desktop/capstone-project/MathQuest-Capstone/Assets/TextMesh Pro/Examples &amp; Extras/Scripts/Benchmark01.cs" />
        <File uid="22" fullPath="C:/Users/Layan/Desktop/capstone-project/MathQuest-Capstone/Assets/TextMesh Pro/Examples &amp; Extras/Scripts/Benchmark01_UGUI.cs" />
        <File uid="23" fullPath="C:/Users/Layan/Desktop/capstone-project/MathQuest-Capstone/Assets/TextMesh Pro/Examples &amp; Extras/Scripts/Benchmark02.cs" />
        <File uid="24" fullPath="C:/Users/Layan/Desktop/capstone-project/MathQuest-Capstone/Assets/TextMesh Pro/Examples &amp; Extras/Scripts/Benchmark03.cs" />
        <File uid="25" fullPath="C:/Users/Layan/Desktop/capstone-project/MathQuest-Capstone/Assets/TextMesh Pro/Examples &amp; Extras/Scripts/Benchmark04.cs" />
        <File uid="26" fullPath="C:/Users/Layan/Desktop/capstone-project/MathQuest-Capstone/Assets/TextMesh Pro/Examples &amp; Extras/Scripts/CameraController.cs" />
        <File uid="27" fullPath="C:/Users/Layan/Desktop/capstone-project/MathQuest-Capstone/Assets/TextMesh Pro/Examples &amp; Extras/Scripts/ObjectSpin.cs" />
        <File uid="28" fullPath="C:/Users/Layan/Desktop/capstone-project/MathQuest-Capstone/Assets/TextMesh Pro/Examples &amp; Extras/Scripts/ShaderPropAnimator.cs" />
        <File uid="29" fullPath="C:/Users/Layan/Desktop/capstone-project/MathQuest-Capstone/Assets/TextMesh Pro/Examples &amp; Extras/Scripts/SimpleScript.cs" />
        <File uid="30" fullPath="C:/Users/Layan/Desktop/capstone-project/MathQuest-Capstone/Assets/TextMesh Pro/Examples &amp; Extras/Scripts/SkewTextExample.cs" />
        <File uid="31" fullPath="C:/Users/Layan/Desktop/capstone-project/MathQuest-Capstone/Assets/TextMesh Pro/Examples &amp; Extras/Scripts/TeleType.cs" />
        <File uid="32" fullPath="C:/Users/Layan/Desktop/capstone-project/MathQuest-Capstone/Assets/TextMesh Pro/Examples &amp; Extras/Scripts/TextConsoleSimulator.cs" />
        <File uid="33" fullPath="C:/Users/Layan/Desktop/capstone-project/MathQuest-Capstone/Assets/TextMesh Pro/Examples &amp; Extras/Scripts/TextMeshProFloatingText.cs" />
        <File uid="34" fullPath="C:/Users/Layan/Desktop/capstone-project/MathQuest-Capstone/Assets/TextMesh Pro/Examples &amp; Extras/Scripts/TextMeshSpawner.cs" />
        <File uid="35" fullPath="C:/Users/Layan/Desktop/capstone-project/MathQuest-Capstone/Assets/TextMesh Pro/Examples &amp; Extras/Scripts/TMPro_InstructionOverlay.cs" />
        <File uid="36" fullPath="C:/Users/Layan/Desktop/capstone-project/MathQuest-Capstone/Assets/TextMesh Pro/Examples &amp; Extras/Scripts/TMP_ExampleScript_01.cs" />
        <File uid="37" fullPath="C:/Users/Layan/Desktop/capstone-project/MathQuest-Capstone/Assets/TextMesh Pro/Examples &amp; Extras/Scripts/TMP_FrameRateCounter.cs" />
        <File uid="38" fullPath="C:/Users/Layan/Desktop/capstone-project/MathQuest-Capstone/Assets/TextMesh Pro/Examples &amp; Extras/Scripts/TMP_TextEventCheck.cs" />
        <File uid="39" fullPath="C:/Users/Layan/Desktop/capstone-project/MathQuest-Capstone/Assets/TextMesh Pro/Examples &amp; Extras/Scripts/TMP_TextInfoDebugTool.cs" />
        <File uid="40" fullPath="C:/Users/Layan/Desktop/capstone-project/MathQuest-Capstone/Assets/TextMesh Pro/Examples &amp; Extras/Scripts/TMP_TextSelector_A.cs" />
        <File uid="41" fullPath="C:/Users/Layan/Desktop/capstone-project/MathQuest-Capstone/Assets/TextMesh Pro/Examples &amp; Extras/Scripts/TMP_TextSelector_B.cs" />
        <File uid="42" fullPath="C:/Users/Layan/Desktop/capstone-project/MathQuest-Capstone/Assets/TextMesh Pro/Examples &amp; Extras/Scripts/TMP_UiFrameRateCounter.cs" />
        <File uid="43" fullPath="C:/Users/Layan/Desktop/capstone-project/MathQuest-Capstone/Assets/TextMesh Pro/Examples &amp; Extras/Scripts/VertexColorCycler.cs" />
        <File uid="44" fullPath="C:/Users/Layan/Desktop/capstone-project/MathQuest-Capstone/Assets/TextMesh Pro/Examples &amp; Extras/Scripts/VertexJitter.cs" />
        <File uid="45" fullPath="C:/Users/Layan/Desktop/capstone-project/MathQuest-Capstone/Assets/TextMesh Pro/Examples &amp; Extras/Scripts/VertexShakeA.cs" />
        <File uid="46" fullPath="C:/Users/Layan/Desktop/capstone-project/MathQuest-Capstone/Assets/TextMesh Pro/Examples &amp; Extras/Scripts/VertexShakeB.cs" />
        <File uid="47" fullPath="C:/Users/Layan/Desktop/capstone-project/MathQuest-Capstone/Assets/TextMesh Pro/Examples &amp; Extras/Scripts/VertexZoom.cs" />
        <File uid="48" fullPath="C:/Users/Layan/Desktop/capstone-project/MathQuest-Capstone/Assets/TextMesh Pro/Examples &amp; Extras/Scripts/WarpTextExample.cs" />
        <File uid="49" fullPath="C:/Users/Layan/Desktop/capstone-project/MathQuest-Capstone/Assets/Scripts/Supabase/SupabaseConfig.cs" />
        <File uid="50" fullPath="C:/Users/Layan/Desktop/capstone-project/MathQuest-Capstone/Assets/Scripts/SupabaseAuth.cs" />
        <File uid="51" fullPath="C:/Users/Layan/Desktop/capstone-project/MathQuest-Capstone/Assets/Scripts/RuntimeTests/DataModelTests.cs" />
        <File uid="52" fullPath="C:/Users/Layan/Desktop/capstone-project/MathQuest-Capstone/Assets/Scripts/RuntimeTests/GameplayTests.cs" />
        <File uid="53" fullPath="C:/Users/Layan/Desktop/capstone-project/MathQuest-Capstone/Assets/Scripts/RuntimeTests/LevelCalculatorTests.cs" />
        <File uid="54" fullPath="C:/Users/Layan/Desktop/capstone-project/MathQuest-Capstone/Assets/Scripts/RuntimeTests/SupabaseTests.cs" />
        <File uid="55" fullPath="C:/Users/Layan/Desktop/capstone-project/MathQuest-Capstone/Assets/Scripts/RuntimeTests/UITests.cs" />
        <File uid="56" fullPath="C:/Users/Layan/Desktop/capstone-project/MathQuest-Capstone/Assets/Core/UserAvatar/FinalCharacterController/Input/PlayerControls.cs" />
        <File uid="57" fullPath="C:/Users/Layan/Desktop/capstone-project/MathQuest-Capstone/Assets/Core/UserAvatar/FinalCharacterController/Scripts/CharacterControllerUtils.cs" />
        <File uid="58" fullPath="C:/Users/Layan/Desktop/capstone-project/MathQuest-Capstone/Assets/Core/UserAvatar/FinalCharacterController/Scripts/Input/PlayerInputManager.cs" />
        <File uid="59" fullPath="C:/Users/Layan/Desktop/capstone-project/MathQuest-Capstone/Assets/Core/UserAvatar/FinalCharacterController/Scripts/Input/PlayerInteractInput.cs" />
        <File uid="60" fullPath="C:/Users/Layan/Desktop/capstone-project/MathQuest-Capstone/Assets/Core/UserAvatar/FinalCharacterController/Scripts/Input/PlayerLocomotionInput.cs" />
        <File uid="61" fullPath="C:/Users/Layan/Desktop/capstone-project/MathQuest-Capstone/Assets/Core/UserAvatar/FinalCharacterController/Scripts/Input/ThirdPersonInput.cs" />
        <File uid="62" fullPath="C:/Users/Layan/Desktop/capstone-project/MathQuest-Capstone/Assets/Core/UserAvatar/FinalCharacterController/Scripts/PlayerAnimation.cs" />
        <File uid="63" fullPath="C:/Users/Layan/Desktop/capstone-project/MathQuest-Capstone/Assets/Core/UserAvatar/FinalCharacterController/Scripts/PlayerController.cs" />
        <File uid="64" fullPath="C:/Users/Layan/Desktop/capstone-project/MathQuest-Capstone/Assets/Core/UserAvatar/FinalCharacterController/Scripts/PlayerState.cs" />
        <File uid="65" fullPath="C:/Users/Layan/Desktop/capstone-project/MathQuest-Capstone/Assets/Scripts/Supabase/XPManager.cs" />
      </Files>
      <Classes>
        <Class>
          <Summary numSequencePoints="25" visitedSequencePoints="22" numBranchPoints="0" visitedBranchPoints="0" sequenceCoverage="88.00" branchCoverage="0.0" maxCyclomaticComplexity="0" minCyclomaticComplexity="0" maxCrapScore="0" minCrapScore="0" visitedClasses="1" numClasses="1" visitedMethods="3" numMethods="3" />
          <FullName>AudioManager</FullName>
          <Methods>
            <Method visited="true" cyclomaticComplexity="0" nPathComplexity="0" sequenceCoverage="100.0" branchCoverage="0" crapScore="0" isConstructor="false" isStatic="false" isGetter="false" isSetter="false">
              <Summary numSequencePoints="14" visitedSequencePoints="14" numBranchPoints="0" visitedBranchPoints="0" sequenceCoverage="100.0" branchCoverage="0" maxCyclomaticComplexity="0" minCyclomaticComplexity="0" maxCrapScore="0" minCrapScore="0" visitedClasses="0" numClasses="0" visitedMethods="1" numMethods="1" />
              <MetadataToken>100663303</MetadataToken>
              <Name>System.Void AudioManager::Awake()</Name>
              <FileRef uid="2" />
              <SequencePoints>
                <SequencePoint vc="3" uspid="8563" ordinal="0" offset="0" sl="13" sc="5" el="13" ec="5" bec="0" bev="0" fileid="2" />
                <SequencePoint vc="3" uspid="8564" ordinal="0" offset="1" sl="15" sc="9" el="15" ec="9" bec="0" bev="0" fileid="2" />
                <SequencePoint vc="1" uspid="8565" ordinal="0" offset="16" sl="16" sc="9" el="16" ec="9" bec="0" bev="0" fileid="2" />
                <SequencePoint vc="1" uspid="8566" ordinal="0" offset="17" sl="18" sc="13" el="18" ec="13" bec="0" bev="0" fileid="2" />
                <SequencePoint vc="1" uspid="8567" ordinal="0" offset="23" sl="19" sc="13" el="19" ec="13" bec="0" bev="0" fileid="2" />
                <SequencePoint vc="1" uspid="8568" ordinal="0" offset="35" sl="20" sc="9" el="20" ec="9" bec="0" bev="0" fileid="2" />
                <SequencePoint vc="2" uspid="8569" ordinal="0" offset="38" sl="22" sc="9" el="22" ec="9" bec="0" bev="0" fileid="2" />
                <SequencePoint vc="2" uspid="8570" ordinal="0" offset="39" sl="24" sc="13" el="24" ec="13" bec="0" bev="0" fileid="2" />
                <SequencePoint vc="2" uspid="8571" ordinal="0" offset="51" sl="25" sc="9" el="25" ec="9" bec="0" bev="0" fileid="2" />
                <SequencePoint vc="3" uspid="8572" ordinal="0" offset="52" sl="27" sc="9" el="27" ec="9" bec="0" bev="0" fileid="2" />
                <SequencePoint vc="3" uspid="8573" ordinal="0" offset="68" sl="28" sc="9" el="28" ec="9" bec="0" bev="0" fileid="2" />
                <SequencePoint vc="3" uspid="8574" ordinal="0" offset="69" sl="29" sc="13" el="29" ec="13" bec="0" bev="0" fileid="2" />
                <SequencePoint vc="3" uspid="8575" ordinal="0" offset="81" sl="30" sc="9" el="30" ec="9" bec="0" bev="0" fileid="2" />
                <SequencePoint vc="3" uspid="8576" ordinal="0" offset="82" sl="31" sc="5" el="31" ec="5" bec="0" bev="0" fileid="2" />
              </SequencePoints>
              <BranchPoints />
            </Method>
            <Method visited="true" cyclomaticComplexity="0" nPathComplexity="0" sequenceCoverage="66.67" branchCoverage="0" crapScore="0" isConstructor="false" isStatic="false" isGetter="false" isSetter="false">
              <Summary numSequencePoints="9" visitedSequencePoints="6" numBranchPoints="0" visitedBranchPoints="0" sequenceCoverage="66.67" branchCoverage="0" maxCyclomaticComplexity="0" minCyclomaticComplexity="0" maxCrapScore="0" minCrapScore="0" visitedClasses="0" numClasses="0" visitedMethods="1" numMethods="1" />
              <MetadataToken>100663304</MetadataToken>
              <Name>System.Void AudioManager::StopMusic()</Name>
              <FileRef uid="2" />
              <SequencePoints>
                <SequencePoint vc="2" uspid="8577" ordinal="0" offset="0" sl="34" sc="5" el="34" ec="5" bec="0" bev="0" fileid="2" />
                <SequencePoint vc="2" uspid="8578" ordinal="0" offset="1" sl="35" sc="9" el="35" ec="9" bec="0" bev="0" fileid="2" />
                <SequencePoint vc="0" uspid="8579" ordinal="0" offset="33" sl="36" sc="9" el="36" ec="9" bec="0" bev="0" fileid="2" />
                <SequencePoint vc="0" uspid="8580" ordinal="0" offset="34" sl="37" sc="13" el="37" ec="13" bec="0" bev="0" fileid="2" />
                <SequencePoint vc="0" uspid="8581" ordinal="0" offset="46" sl="38" sc="9" el="38" ec="9" bec="0" bev="0" fileid="2" />
                <SequencePoint vc="2" uspid="8582" ordinal="0" offset="49" sl="40" sc="9" el="40" ec="9" bec="0" bev="0" fileid="2" />
                <SequencePoint vc="2" uspid="8583" ordinal="0" offset="50" sl="41" sc="13" el="41" ec="13" bec="0" bev="0" fileid="2" />
                <SequencePoint vc="2" uspid="8584" ordinal="0" offset="61" sl="42" sc="9" el="42" ec="9" bec="0" bev="0" fileid="2" />
                <SequencePoint vc="2" uspid="8585" ordinal="0" offset="62" sl="43" sc="5" el="43" ec="5" bec="0" bev="0" fileid="2" />
              </SequencePoints>
              <BranchPoints />
            </Method>
            <Method visited="true" cyclomaticComplexity="0" nPathComplexity="0" sequenceCoverage="100.0" branchCoverage="0" crapScore="0" isConstructor="true" isStatic="false" isGetter="false" isSetter="false">
              <Summary numSequencePoints="2" visitedSequencePoints="2" numBranchPoints="0" visitedBranchPoints="0" sequenceCoverage="100.0" branchCoverage="0" maxCyclomaticComplexity="0" minCyclomaticComplexity="0" maxCrapScore="0" minCrapScore="0" visitedClasses="0" numClasses="0" visitedMethods="1" numMethods="1" />
              <MetadataToken>100663307</MetadataToken>
              <Name>AudioManager::AudioManager()</Name>
              <FileRef uid="2" />
              <SequencePoints>
                <SequencePoint vc="3" uspid="8594" ordinal="0" offset="0" sl="8" sc="5" el="8" ec="5" bec="0" bev="0" fileid="2" />
                <SequencePoint vc="3" uspid="8595" ordinal="0" offset="11" sl="9" sc="5" el="9" ec="5" bec="0" bev="0" fileid="2" />
              </SequencePoints>
              <BranchPoints />
            </Method>
          </Methods>
        </Class>
        <Class>
          <Summary numSequencePoints="27" visitedSequencePoints="21" numBranchPoints="0" visitedBranchPoints="0" sequenceCoverage="77.78" branchCoverage="0.0" maxCyclomaticComplexity="0" minCyclomaticComplexity="0" maxCrapScore="0" minCrapScore="0" visitedClasses="1" numClasses="1" visitedMethods="6" numMethods="6" />
          <FullName>MainMenu</FullName>
          <Methods>
            <Method visited="true" cyclomaticComplexity="0" nPathComplexity="0" sequenceCoverage="57.14" branchCoverage="0" crapScore="0" isConstructor="false" isStatic="false" isGetter="false" isSetter="false">
              <Summary numSequencePoints="7" visitedSequencePoints="4" numBranchPoints="0" visitedBranchPoints="0" sequenceCoverage="57.14" branchCoverage="0" maxCyclomaticComplexity="0" minCyclomaticComplexity="0" maxCrapScore="0" minCrapScore="0" visitedClasses="0" numClasses="0" visitedMethods="1" numMethods="1" />
              <MetadataToken>100663311</MetadataToken>
              <Name>System.Void MainMenu::LoadQuests()</Name>
              <FileRef uid="4" />
              <SequencePoints>
                <SequencePoint vc="1" uspid="8611" ordinal="0" offset="0" sl="7" sc="5" el="7" ec="5" bec="0" bev="0" fileid="4" />
                <SequencePoint vc="1" uspid="8612" ordinal="0" offset="1" sl="9" sc="9" el="9" ec="9" bec="0" bev="0" fileid="4" />
                <SequencePoint vc="0" uspid="8613" ordinal="0" offset="16" sl="10" sc="9" el="10" ec="9" bec="0" bev="0" fileid="4" />
                <SequencePoint vc="0" uspid="8614" ordinal="0" offset="17" sl="11" sc="13" el="11" ec="13" bec="0" bev="0" fileid="4" />
                <SequencePoint vc="0" uspid="8615" ordinal="0" offset="33" sl="12" sc="9" el="12" ec="9" bec="0" bev="0" fileid="4" />
                <SequencePoint vc="1" uspid="8616" ordinal="0" offset="34" sl="14" sc="9" el="14" ec="9" bec="0" bev="0" fileid="4" />
                <SequencePoint vc="1" uspid="8617" ordinal="0" offset="41" sl="15" sc="5" el="15" ec="5" bec="0" bev="0" fileid="4" />
              </SequencePoints>
              <BranchPoints />
            </Method>
            <Method visited="true" cyclomaticComplexity="0" nPathComplexity="0" sequenceCoverage="100.0" branchCoverage="0" crapScore="0" isConstructor="false" isStatic="false" isGetter="false" isSetter="false">
              <Summary numSequencePoints="3" visitedSequencePoints="3" numBranchPoints="0" visitedBranchPoints="0" sequenceCoverage="100.0" branchCoverage="0" maxCyclomaticComplexity="0" minCyclomaticComplexity="0" maxCrapScore="0" minCrapScore="0" visitedClasses="0" numClasses="0" visitedMethods="1" numMethods="1" />
              <MetadataToken>100663312</MetadataToken>
              <Name>System.Void MainMenu::LoadProfile()</Name>
              <FileRef uid="4" />
              <SequencePoints>
                <SequencePoint vc="1" uspid="8618" ordinal="0" offset="0" sl="18" sc="5" el="18" ec="5" bec="0" bev="0" fileid="4" />
                <SequencePoint vc="1" uspid="8619" ordinal="0" offset="1" sl="19" sc="9" el="19" ec="9" bec="0" bev="0" fileid="4" />
                <SequencePoint vc="1" uspid="8620" ordinal="0" offset="8" sl="20" sc="5" el="20" ec="5" bec="0" bev="0" fileid="4" />
              </SequencePoints>
              <BranchPoints />
            </Method>
            <Method visited="true" cyclomaticComplexity="0" nPathComplexity="0" sequenceCoverage="100.0" branchCoverage="0" crapScore="0" isConstructor="false" isStatic="false" isGetter="false" isSetter="false">
              <Summary numSequencePoints="3" visitedSequencePoints="3" numBranchPoints="0" visitedBranchPoints="0" sequenceCoverage="100.0" branchCoverage="0" maxCyclomaticComplexity="0" minCyclomaticComplexity="0" maxCrapScore="0" minCrapScore="0" visitedClasses="0" numClasses="0" visitedMethods="1" numMethods="1" />
              <MetadataToken>100663313</MetadataToken>
              <Name>System.Void MainMenu::LoadSettings()</Name>
              <FileRef uid="4" />
              <SequencePoints>
                <SequencePoint vc="1" uspid="8621" ordinal="0" offset="0" sl="23" sc="5" el="23" ec="5" bec="0" bev="0" fileid="4" />
                <SequencePoint vc="1" uspid="8622" ordinal="0" offset="1" sl="24" sc="9" el="24" ec="9" bec="0" bev="0" fileid="4" />
                <SequencePoint vc="1" uspid="8623" ordinal="0" offset="8" sl="25" sc="5" el="25" ec="5" bec="0" bev="0" fileid="4" />
              </SequencePoints>
              <BranchPoints />
            </Method>
            <Method visited="true" cyclomaticComplexity="0" nPathComplexity="0" sequenceCoverage="57.14" branchCoverage="0" crapScore="0" isConstructor="false" isStatic="false" isGetter="false" isSetter="false">
              <Summary numSequencePoints="7" visitedSequencePoints="4" numBranchPoints="0" visitedBranchPoints="0" sequenceCoverage="57.14" branchCoverage="0" maxCyclomaticComplexity="0" minCyclomaticComplexity="0" maxCrapScore="0" minCrapScore="0" visitedClasses="0" numClasses="0" visitedMethods="1" numMethods="1" />
              <MetadataToken>100663314</MetadataToken>
              <Name>System.Void MainMenu::BackToMainMenu()</Name>
              <FileRef uid="4" />
              <SequencePoints>
                <SequencePoint vc="1" uspid="8624" ordinal="0" offset="0" sl="28" sc="5" el="28" ec="5" bec="0" bev="0" fileid="4" />
                <SequencePoint vc="1" uspid="8625" ordinal="0" offset="1" sl="30" sc="9" el="30" ec="9" bec="0" bev="0" fileid="4" />
                <SequencePoint vc="0" uspid="8626" ordinal="0" offset="16" sl="31" sc="9" el="31" ec="9" bec="0" bev="0" fileid="4" />
                <SequencePoint vc="0" uspid="8627" ordinal="0" offset="17" sl="32" sc="13" el="32" ec="13" bec="0" bev="0" fileid="4" />
                <SequencePoint vc="0" uspid="8628" ordinal="0" offset="33" sl="33" sc="9" el="33" ec="9" bec="0" bev="0" fileid="4" />
                <SequencePoint vc="1" uspid="8629" ordinal="0" offset="34" sl="34" sc="9" el="34" ec="9" bec="0" bev="0" fileid="4" />
                <SequencePoint vc="1" uspid="8630" ordinal="0" offset="41" sl="35" sc="5" el="35" ec="5" bec="0" bev="0" fileid="4" />
              </SequencePoints>
              <BranchPoints />
            </Method>
            <Method visited="true" cyclomaticComplexity="0" nPathComplexity="0" sequenceCoverage="100.0" branchCoverage="0" crapScore="0" isConstructor="false" isStatic="false" isGetter="false" isSetter="false">
              <Summary numSequencePoints="4" visitedSequencePoints="4" numBranchPoints="0" visitedBranchPoints="0" sequenceCoverage="100.0" branchCoverage="0" maxCyclomaticComplexity="0" minCyclomaticComplexity="0" maxCrapScore="0" minCrapScore="0" visitedClasses="0" numClasses="0" visitedMethods="1" numMethods="1" />
              <MetadataToken>100663315</MetadataToken>
              <Name>System.Void MainMenu::LoadGame()</Name>
              <FileRef uid="4" />
              <SequencePoints>
                <SequencePoint vc="1" uspid="8631" ordinal="0" offset="0" sl="38" sc="5" el="38" ec="5" bec="0" bev="0" fileid="4" />
                <SequencePoint vc="1" uspid="8632" ordinal="0" offset="1" sl="39" sc="9" el="39" ec="9" bec="0" bev="0" fileid="4" />
                <SequencePoint vc="1" uspid="8633" ordinal="0" offset="12" sl="40" sc="9" el="40" ec="9" bec="0" bev="0" fileid="4" />
                <SequencePoint vc="1" uspid="8634" ordinal="0" offset="19" sl="41" sc="5" el="41" ec="5" bec="0" bev="0" fileid="4" />
              </SequencePoints>
              <BranchPoints />
            </Method>
            <Method visited="true" cyclomaticComplexity="0" nPathComplexity="0" sequenceCoverage="100.0" branchCoverage="0" crapScore="0" isConstructor="false" isStatic="false" isGetter="false" isSetter="false">
              <Summary numSequencePoints="3" visitedSequencePoints="3" numBranchPoints="0" visitedBranchPoints="0" sequenceCoverage="100.0" branchCoverage="0" maxCyclomaticComplexity="0" minCyclomaticComplexity="0" maxCrapScore="0" minCrapScore="0" visitedClasses="0" numClasses="0" visitedMethods="1" numMethods="1" />
              <MetadataToken>100663316</MetadataToken>
              <Name>System.Void MainMenu::QuitGame()</Name>
              <FileRef uid="4" />
              <SequencePoints>
                <SequencePoint vc="1" uspid="8635" ordinal="0" offset="0" sl="45" sc="5" el="45" ec="5" bec="0" bev="0" fileid="4" />
                <SequencePoint vc="1" uspid="8636" ordinal="0" offset="1" sl="46" sc="9" el="46" ec="9" bec="0" bev="0" fileid="4" />
                <SequencePoint vc="1" uspid="8637" ordinal="0" offset="7" sl="47" sc="5" el="47" ec="5" bec="0" bev="0" fileid="4" />
              </SequencePoints>
              <BranchPoints />
            </Method>
          </Methods>
        </Class>
        <Class>
          <Summary numSequencePoints="6" visitedSequencePoints="6" numBranchPoints="0" visitedBranchPoints="0" sequenceCoverage="100.0" branchCoverage="0.0" maxCyclomaticComplexity="0" minCyclomaticComplexity="0" maxCrapScore="0" minCrapScore="0" visitedClasses="1" numClasses="1" visitedMethods="1" numMethods="1" />
          <FullName>Quest3DTransition</FullName>
          <Methods>
            <Method visited="true" cyclomaticComplexity="0" nPathComplexity="0" sequenceCoverage="100.0" branchCoverage="0" crapScore="0" isConstructor="true" isStatic="false" isGetter="false" isSetter="false">
              <Summary numSequencePoints="6" visitedSequencePoints="6" numBranchPoints="0" visitedBranchPoints="0" sequenceCoverage="100.0" branchCoverage="0" maxCyclomaticComplexity="0" minCyclomaticComplexity="0" maxCrapScore="0" minCrapScore="0" visitedClasses="0" numClasses="0" visitedMethods="1" numMethods="1" />
              <MetadataToken>100663322</MetadataToken>
              <Name>Quest3DTransition::Quest3DTransition()</Name>
              <FileRef uid="6" />
              <SequencePoints>
                <SequencePoint vc="1" uspid="8655" ordinal="0" offset="0" sl="8" sc="5" el="8" ec="5" bec="0" bev="0" fileid="6" />
                <SequencePoint vc="1" uspid="8656" ordinal="0" offset="11" sl="10" sc="5" el="10" ec="5" bec="0" bev="0" fileid="6" />
                <SequencePoint vc="1" uspid="8657" ordinal="0" offset="37" sl="14" sc="5" el="14" ec="5" bec="0" bev="0" fileid="6" />
                <SequencePoint vc="1" uspid="8658" ordinal="0" offset="63" sl="16" sc="5" el="16" ec="5" bec="0" bev="0" fileid="6" />
                <SequencePoint vc="1" uspid="8659" ordinal="0" offset="89" sl="20" sc="5" el="20" ec="5" bec="0" bev="0" fileid="6" />
                <SequencePoint vc="1" uspid="8660" ordinal="0" offset="115" sl="22" sc="5" el="22" ec="5" bec="0" bev="0" fileid="6" />
              </SequencePoints>
              <BranchPoints />
            </Method>
          </Methods>
        </Class>
        <Class>
          <Summary numSequencePoints="35" visitedSequencePoints="16" numBranchPoints="0" visitedBranchPoints="0" sequenceCoverage="45.71" branchCoverage="0.0" maxCyclomaticComplexity="0" minCyclomaticComplexity="0" maxCrapScore="0" minCrapScore="0" visitedClasses="1" numClasses="1" visitedMethods="3" numMethods="3" />
          <FullName>QuestManager</FullName>
          <Methods>
            <Method visited="true" cyclomaticComplexity="0" nPathComplexity="0" sequenceCoverage="100.0" branchCoverage="0" crapScore="0" isConstructor="false" isStatic="false" isGetter="false" isSetter="false">
              <Summary numSequencePoints="10" visitedSequencePoints="10" numBranchPoints="0" visitedBranchPoints="0" sequenceCoverage="100.0" branchCoverage="0" maxCyclomaticComplexity="0" minCyclomaticComplexity="0" maxCrapScore="0" minCrapScore="0" visitedClasses="0" numClasses="0" visitedMethods="1" numMethods="1" />
              <MetadataToken>100663323</MetadataToken>
              <Name>System.Void QuestManager::Awake()</Name>
              <FileRef uid="7" />
              <SequencePoints>
                <SequencePoint vc="4" uspid="8661" ordinal="0" offset="0" sl="35" sc="5" el="35" ec="5" bec="0" bev="0" fileid="7" />
                <SequencePoint vc="4" uspid="8662" ordinal="0" offset="1" sl="36" sc="9" el="36" ec="9" bec="0" bev="0" fileid="7" />
                <SequencePoint vc="1" uspid="8663" ordinal="0" offset="16" sl="37" sc="9" el="37" ec="9" bec="0" bev="0" fileid="7" />
                <SequencePoint vc="1" uspid="8664" ordinal="0" offset="17" sl="38" sc="13" el="38" ec="13" bec="0" bev="0" fileid="7" />
                <SequencePoint vc="1" uspid="8665" ordinal="0" offset="23" sl="39" sc="13" el="39" ec="13" bec="0" bev="0" fileid="7" />
                <SequencePoint vc="1" uspid="8666" ordinal="0" offset="35" sl="40" sc="9" el="40" ec="9" bec="0" bev="0" fileid="7" />
                <SequencePoint vc="3" uspid="8667" ordinal="0" offset="38" sl="42" sc="9" el="42" ec="9" bec="0" bev="0" fileid="7" />
                <SequencePoint vc="3" uspid="8668" ordinal="0" offset="39" sl="43" sc="13" el="43" ec="13" bec="0" bev="0" fileid="7" />
                <SequencePoint vc="3" uspid="8669" ordinal="0" offset="51" sl="44" sc="9" el="44" ec="9" bec="0" bev="0" fileid="7" />
                <SequencePoint vc="4" uspid="8670" ordinal="0" offset="52" sl="45" sc="5" el="45" ec="5" bec="0" bev="0" fileid="7" />
              </SequencePoints>
              <BranchPoints />
            </Method>
            <Method visited="true" cyclomaticComplexity="0" nPathComplexity="0" sequenceCoverage="17.39" branchCoverage="0" crapScore="0" isConstructor="false" isStatic="false" isGetter="false" isSetter="false">
              <Summary numSequencePoints="23" visitedSequencePoints="4" numBranchPoints="0" visitedBranchPoints="0" sequenceCoverage="17.39" branchCoverage="0" maxCyclomaticComplexity="0" minCyclomaticComplexity="0" maxCrapScore="0" minCrapScore="0" visitedClasses="0" numClasses="0" visitedMethods="1" numMethods="1" />
              <MetadataToken>100663324</MetadataToken>
              <Name>System.Void QuestManager::Start()</Name>
              <FileRef uid="7" />
              <SequencePoints>
                <SequencePoint vc="1" uspid="8671" ordinal="0" offset="0" sl="48" sc="5" el="48" ec="5" bec="0" bev="0" fileid="7" />
                <SequencePoint vc="1" uspid="8672" ordinal="0" offset="1" sl="51" sc="9" el="51" ec="9" bec="0" bev="0" fileid="7" />
                <SequencePoint vc="1" uspid="8673" ordinal="0" offset="2" sl="51" sc="33" el="51" ec="33" bec="0" bev="0" fileid="7" />
                <SequencePoint vc="0" uspid="8674" ordinal="0" offset="16" sl="51" sc="18" el="51" ec="18" bec="0" bev="0" fileid="7" />
                <SequencePoint vc="0" uspid="8675" ordinal="0" offset="20" sl="52" sc="9" el="52" ec="9" bec="0" bev="0" fileid="7" />
                <SequencePoint vc="0" uspid="8676" ordinal="0" offset="21" sl="53" sc="13" el="53" ec="13" bec="0" bev="0" fileid="7" />
                <SequencePoint vc="0" uspid="8677" ordinal="0" offset="39" sl="54" sc="13" el="54" ec="13" bec="0" bev="0" fileid="7" />
                <SequencePoint vc="0" uspid="8678" ordinal="0" offset="47" sl="57" sc="13" el="57" ec="13" bec="0" bev="0" fileid="7" />
                <SequencePoint vc="0" uspid="8679" ordinal="0" offset="67" sl="58" sc="13" el="58" ec="13" bec="0" bev="0" fileid="7" />
                <SequencePoint vc="0" uspid="8680" ordinal="0" offset="68" sl="59" sc="17" el="59" ec="17" bec="0" bev="0" fileid="7" />
                <SequencePoint vc="0" uspid="8681" ordinal="0" offset="96" sl="60" sc="13" el="60" ec="13" bec="0" bev="0" fileid="7" />
                <SequencePoint vc="0" uspid="8682" ordinal="0" offset="99" sl="62" sc="13" el="62" ec="13" bec="0" bev="0" fileid="7" />
                <SequencePoint vc="0" uspid="8683" ordinal="0" offset="100" sl="64" sc="17" el="64" ec="17" bec="0" bev="0" fileid="7" />
                <SequencePoint vc="0" uspid="8684" ordinal="0" offset="128" sl="65" sc="13" el="65" ec="13" bec="0" bev="0" fileid="7" />
                <SequencePoint vc="0" uspid="8685" ordinal="0" offset="129" sl="67" sc="13" el="67" ec="13" bec="0" bev="0" fileid="7" />
                <SequencePoint vc="0" uspid="8686" ordinal="0" offset="137" sl="68" sc="13" el="68" ec="13" bec="0" bev="0" fileid="7" />
                <SequencePoint vc="0" uspid="8687" ordinal="0" offset="151" sl="71" sc="13" el="71" ec="13" bec="0" bev="0" fileid="7" />
                <SequencePoint vc="0" uspid="8688" ordinal="0" offset="161" sl="72" sc="9" el="72" ec="9" bec="0" bev="0" fileid="7" />
                <SequencePoint vc="1" uspid="8689" ordinal="0" offset="166" sl="51" sc="30" el="51" ec="30" bec="0" bev="0" fileid="7" />
                <SequencePoint vc="0" uspid="8690" ordinal="0" offset="175" sl="76" sc="9" el="76" ec="9" bec="0" bev="0" fileid="7" />
                <SequencePoint vc="0" uspid="8691" ordinal="0" offset="198" sl="79" sc="9" el="79" ec="9" bec="0" bev="0" fileid="7" />
                <SequencePoint vc="0" uspid="8692" ordinal="0" offset="227" sl="80" sc="9" el="80" ec="9" bec="0" bev="0" fileid="7" />
                <SequencePoint vc="0" uspid="8693" ordinal="0" offset="256" sl="81" sc="5" el="81" ec="5" bec="0" bev="0" fileid="7" />
              </SequencePoints>
              <BranchPoints />
            </Method>
            <Method visited="true" cyclomaticComplexity="0" nPathComplexity="0" sequenceCoverage="100.0" branchCoverage="0" crapScore="0" isConstructor="true" isStatic="false" isGetter="false" isSetter="false">
              <Summary numSequencePoints="2" visitedSequencePoints="2" numBranchPoints="0" visitedBranchPoints="0" sequenceCoverage="100.0" branchCoverage="0" maxCyclomaticComplexity="0" minCyclomaticComplexity="0" maxCrapScore="0" minCrapScore="0" visitedClasses="0" numClasses="0" visitedMethods="1" numMethods="1" />
              <MetadataToken>100663328</MetadataToken>
              <Name>QuestManager::QuestManager()</Name>
              <FileRef uid="7" />
              <SequencePoints>
                <SequencePoint vc="4" uspid="8722" ordinal="0" offset="0" sl="29" sc="5" el="29" ec="5" bec="0" bev="0" fileid="7" />
                <SequencePoint vc="4" uspid="8723" ordinal="0" offset="11" sl="32" sc="5" el="32" ec="5" bec="0" bev="0" fileid="7" />
              </SequencePoints>
              <BranchPoints />
            </Method>
          </Methods>
        </Class>
        <Class>
          <Summary numSequencePoints="67" visitedSequencePoints="60" numBranchPoints="0" visitedBranchPoints="0" sequenceCoverage="89.55" branchCoverage="0.0" maxCyclomaticComplexity="0" minCyclomaticComplexity="0" maxCrapScore="0" minCrapScore="0" visitedClasses="1" numClasses="1" visitedMethods="9" numMethods="9" />
          <FullName>LevelCalculator</FullName>
          <Methods>
            <Method visited="true" cyclomaticComplexity="0" nPathComplexity="0" sequenceCoverage="100.0" branchCoverage="0" crapScore="0" isConstructor="false" isStatic="true" isGetter="false" isSetter="false">
              <Summary numSequencePoints="15" visitedSequencePoints="15" numBranchPoints="0" visitedBranchPoints="0" sequenceCoverage="100.0" branchCoverage="0" maxCyclomaticComplexity="0" minCyclomaticComplexity="0" maxCrapScore="0" minCrapScore="0" visitedClasses="0" numClasses="0" visitedMethods="1" numMethods="1" />
              <MetadataToken>100663337</MetadataToken>
              <Name>static System.Int32 LevelCalculator::CalculateLevel(System.Int32)</Name>
              <FileRef uid="10" />
              <SequencePoints>
                <SequencePoint vc="19" uspid="8778" ordinal="0" offset="0" sl="11" sc="5" el="11" ec="5" bec="0" bev="0" fileid="10" />
                <SequencePoint vc="19" uspid="8779" ordinal="0" offset="1" sl="12" sc="9" el="12" ec="9" bec="0" bev="0" fileid="10" />
                <SequencePoint vc="1" uspid="8780" ordinal="0" offset="9" sl="13" sc="9" el="13" ec="9" bec="0" bev="0" fileid="10" />
                <SequencePoint vc="1" uspid="8781" ordinal="0" offset="10" sl="14" sc="13" el="14" ec="13" bec="0" bev="0" fileid="10" />
                <SequencePoint vc="18" uspid="8782" ordinal="0" offset="15" sl="17" sc="9" el="17" ec="9" bec="0" bev="0" fileid="10" />
                <SequencePoint vc="18" uspid="8783" ordinal="0" offset="17" sl="18" sc="9" el="18" ec="9" bec="0" bev="0" fileid="10" />
                <SequencePoint vc="18" uspid="8784" ordinal="0" offset="20" sl="19" sc="9" el="19" ec="9" bec="0" bev="0" fileid="10" />
                <SequencePoint vc="142" uspid="8785" ordinal="0" offset="24" sl="22" sc="9" el="22" ec="9" bec="0" bev="0" fileid="10" />
                <SequencePoint vc="142" uspid="8786" ordinal="0" offset="25" sl="23" sc="13" el="23" ec="13" bec="0" bev="0" fileid="10" />
                <SequencePoint vc="142" uspid="8787" ordinal="0" offset="29" sl="24" sc="13" el="24" ec="13" bec="0" bev="0" fileid="10" />
                <SequencePoint vc="142" uspid="8788" ordinal="0" offset="33" sl="25" sc="13" el="25" ec="13" bec="0" bev="0" fileid="10" />
                <SequencePoint vc="142" uspid="8789" ordinal="0" offset="40" sl="26" sc="9" el="26" ec="9" bec="0" bev="0" fileid="10" />
                <SequencePoint vc="160" uspid="8790" ordinal="0" offset="41" sl="21" sc="9" el="21" ec="9" bec="0" bev="0" fileid="10" />
                <SequencePoint vc="18" uspid="8791" ordinal="0" offset="61" sl="28" sc="9" el="28" ec="9" bec="0" bev="0" fileid="10" />
                <SequencePoint vc="19" uspid="8792" ordinal="0" offset="66" sl="29" sc="5" el="29" ec="5" bec="0" bev="0" fileid="10" />
              </SequencePoints>
              <BranchPoints />
            </Method>
            <Method visited="true" cyclomaticComplexity="0" nPathComplexity="0" sequenceCoverage="77.78" branchCoverage="0" crapScore="0" isConstructor="false" isStatic="true" isGetter="false" isSetter="false">
              <Summary numSequencePoints="9" visitedSequencePoints="7" numBranchPoints="0" visitedBranchPoints="0" sequenceCoverage="77.78" branchCoverage="0" maxCyclomaticComplexity="0" minCyclomaticComplexity="0" maxCrapScore="0" minCrapScore="0" visitedClasses="0" numClasses="0" visitedMethods="1" numMethods="1" />
              <MetadataToken>100663338</MetadataToken>
              <Name>static System.Int32 LevelCalculator::CalculateXPForNextLevel(System.Int32)</Name>
              <FileRef uid="10" />
              <SequencePoints>
                <SequencePoint vc="259" uspid="8793" ordinal="0" offset="0" sl="32" sc="5" el="32" ec="5" bec="0" bev="0" fileid="10" />
                <SequencePoint vc="259" uspid="8794" ordinal="0" offset="1" sl="33" sc="9" el="33" ec="9" bec="0" bev="0" fileid="10" />
                <SequencePoint vc="0" uspid="8795" ordinal="0" offset="9" sl="34" sc="9" el="34" ec="9" bec="0" bev="0" fileid="10" />
                <SequencePoint vc="0" uspid="8796" ordinal="0" offset="10" sl="35" sc="13" el="35" ec="13" bec="0" bev="0" fileid="10" />
                <SequencePoint vc="259" uspid="8797" ordinal="0" offset="15" sl="38" sc="9" el="38" ec="9" bec="0" bev="0" fileid="10" />
                <SequencePoint vc="2" uspid="8798" ordinal="0" offset="27" sl="39" sc="9" el="39" ec="9" bec="0" bev="0" fileid="10" />
                <SequencePoint vc="2" uspid="8799" ordinal="0" offset="28" sl="40" sc="13" el="40" ec="13" bec="0" bev="0" fileid="10" />
                <SequencePoint vc="257" uspid="8800" ordinal="0" offset="36" sl="43" sc="9" el="43" ec="9" bec="0" bev="0" fileid="10" />
                <SequencePoint vc="259" uspid="8801" ordinal="0" offset="64" sl="44" sc="5" el="44" ec="5" bec="0" bev="0" fileid="10" />
              </SequencePoints>
              <BranchPoints />
            </Method>
            <Method visited="true" cyclomaticComplexity="0" nPathComplexity="0" sequenceCoverage="82.35" branchCoverage="0" crapScore="0" isConstructor="false" isStatic="true" isGetter="false" isSetter="false">
              <Summary numSequencePoints="17" visitedSequencePoints="14" numBranchPoints="0" visitedBranchPoints="0" sequenceCoverage="82.35" branchCoverage="0" maxCyclomaticComplexity="0" minCyclomaticComplexity="0" maxCrapScore="0" minCrapScore="0" visitedClasses="0" numClasses="0" visitedMethods="1" numMethods="1" />
              <MetadataToken>100663339</MetadataToken>
              <Name>static System.Int32 LevelCalculator::CalculateTotalXPForLevel(System.Int32)</Name>
              <FileRef uid="10" />
              <SequencePoints>
                <SequencePoint vc="23" uspid="8802" ordinal="0" offset="0" sl="47" sc="5" el="47" ec="5" bec="0" bev="0" fileid="10" />
                <SequencePoint vc="23" uspid="8803" ordinal="0" offset="1" sl="48" sc="9" el="48" ec="9" bec="0" bev="0" fileid="10" />
                <SequencePoint vc="3" uspid="8804" ordinal="0" offset="12" sl="49" sc="9" el="49" ec="9" bec="0" bev="0" fileid="10" />
                <SequencePoint vc="3" uspid="8805" ordinal="0" offset="13" sl="50" sc="13" el="50" ec="13" bec="0" bev="0" fileid="10" />
                <SequencePoint vc="20" uspid="8806" ordinal="0" offset="17" sl="53" sc="9" el="53" ec="9" bec="0" bev="0" fileid="10" />
                <SequencePoint vc="0" uspid="8807" ordinal="0" offset="26" sl="54" sc="9" el="54" ec="9" bec="0" bev="0" fileid="10" />
                <SequencePoint vc="0" uspid="8808" ordinal="0" offset="27" sl="55" sc="13" el="55" ec="13" bec="0" bev="0" fileid="10" />
                <SequencePoint vc="0" uspid="8809" ordinal="0" offset="31" sl="56" sc="9" el="56" ec="9" bec="0" bev="0" fileid="10" />
                <SequencePoint vc="20" uspid="8810" ordinal="0" offset="32" sl="58" sc="9" el="58" ec="9" bec="0" bev="0" fileid="10" />
                <SequencePoint vc="20" uspid="8811" ordinal="0" offset="34" sl="59" sc="14" el="59" ec="14" bec="0" bev="0" fileid="10" />
                <SequencePoint vc="97" uspid="8812" ordinal="0" offset="39" sl="60" sc="9" el="60" ec="9" bec="0" bev="0" fileid="10" />
                <SequencePoint vc="97" uspid="8813" ordinal="0" offset="40" sl="61" sc="13" el="61" ec="13" bec="0" bev="0" fileid="10" />
                <SequencePoint vc="97" uspid="8814" ordinal="0" offset="50" sl="62" sc="9" el="62" ec="9" bec="0" bev="0" fileid="10" />
                <SequencePoint vc="97" uspid="8815" ordinal="0" offset="51" sl="59" sc="44" el="59" ec="44" bec="0" bev="0" fileid="10" />
                <SequencePoint vc="117" uspid="8816" ordinal="0" offset="57" sl="59" sc="33" el="59" ec="33" bec="0" bev="0" fileid="10" />
                <SequencePoint vc="20" uspid="8817" ordinal="0" offset="68" sl="64" sc="9" el="64" ec="9" bec="0" bev="0" fileid="10" />
                <SequencePoint vc="23" uspid="8818" ordinal="0" offset="72" sl="65" sc="5" el="65" ec="5" bec="0" bev="0" fileid="10" />
              </SequencePoints>
              <BranchPoints />
            </Method>
            <Method visited="true" cyclomaticComplexity="0" nPathComplexity="0" sequenceCoverage="100.0" branchCoverage="0" crapScore="0" isConstructor="false" isStatic="true" isGetter="false" isSetter="false">
              <Summary numSequencePoints="4" visitedSequencePoints="4" numBranchPoints="0" visitedBranchPoints="0" sequenceCoverage="100.0" branchCoverage="0" maxCyclomaticComplexity="0" minCyclomaticComplexity="0" maxCrapScore="0" minCrapScore="0" visitedClasses="0" numClasses="0" visitedMethods="1" numMethods="1" />
              <MetadataToken>100663340</MetadataToken>
              <Name>static System.Int32 LevelCalculator::CalculateXPProgress(System.Int32, System.Int32)</Name>
              <FileRef uid="10" />
              <SequencePoints>
                <SequencePoint vc="11" uspid="8819" ordinal="0" offset="0" sl="68" sc="5" el="68" ec="5" bec="0" bev="0" fileid="10" />
                <SequencePoint vc="11" uspid="8820" ordinal="0" offset="1" sl="69" sc="9" el="69" ec="9" bec="0" bev="0" fileid="10" />
                <SequencePoint vc="11" uspid="8821" ordinal="0" offset="8" sl="70" sc="9" el="70" ec="9" bec="0" bev="0" fileid="10" />
                <SequencePoint vc="11" uspid="8822" ordinal="0" offset="14" sl="71" sc="5" el="71" ec="5" bec="0" bev="0" fileid="10" />
              </SequencePoints>
              <BranchPoints />
            </Method>
            <Method visited="true" cyclomaticComplexity="0" nPathComplexity="0" sequenceCoverage="75.00" branchCoverage="0" crapScore="0" isConstructor="false" isStatic="true" isGetter="false" isSetter="false">
              <Summary numSequencePoints="8" visitedSequencePoints="6" numBranchPoints="0" visitedBranchPoints="0" sequenceCoverage="75.00" branchCoverage="0" maxCyclomaticComplexity="0" minCyclomaticComplexity="0" maxCrapScore="0" minCrapScore="0" visitedClasses="0" numClasses="0" visitedMethods="1" numMethods="1" />
              <MetadataToken>100663341</MetadataToken>
              <Name>static System.Single LevelCalculator::CalculateProgressPercentage(System.Int32, System.Int32)</Name>
              <FileRef uid="10" />
              <SequencePoints>
                <SequencePoint vc="5" uspid="8823" ordinal="0" offset="0" sl="74" sc="5" el="74" ec="5" bec="0" bev="0" fileid="10" />
                <SequencePoint vc="5" uspid="8824" ordinal="0" offset="1" sl="75" sc="9" el="75" ec="9" bec="0" bev="0" fileid="10" />
                <SequencePoint vc="5" uspid="8825" ordinal="0" offset="9" sl="76" sc="9" el="76" ec="9" bec="0" bev="0" fileid="10" />
                <SequencePoint vc="5" uspid="8826" ordinal="0" offset="16" sl="78" sc="9" el="78" ec="9" bec="0" bev="0" fileid="10" />
                <SequencePoint vc="0" uspid="8827" ordinal="0" offset="34" sl="79" sc="9" el="79" ec="9" bec="0" bev="0" fileid="10" />
                <SequencePoint vc="0" uspid="8828" ordinal="0" offset="35" sl="80" sc="13" el="80" ec="13" bec="0" bev="0" fileid="10" />
                <SequencePoint vc="5" uspid="8829" ordinal="0" offset="43" sl="83" sc="9" el="83" ec="9" bec="0" bev="0" fileid="10" />
                <SequencePoint vc="5" uspid="8830" ordinal="0" offset="56" sl="84" sc="5" el="84" ec="5" bec="0" bev="0" fileid="10" />
              </SequencePoints>
              <BranchPoints />
            </Method>
            <Method visited="true" cyclomaticComplexity="0" nPathComplexity="0" sequenceCoverage="100.0" branchCoverage="0" crapScore="0" isConstructor="false" isStatic="true" isGetter="false" isSetter="false">
              <Summary numSequencePoints="3" visitedSequencePoints="3" numBranchPoints="0" visitedBranchPoints="0" sequenceCoverage="100.0" branchCoverage="0" maxCyclomaticComplexity="0" minCyclomaticComplexity="0" maxCrapScore="0" minCrapScore="0" visitedClasses="0" numClasses="0" visitedMethods="1" numMethods="1" />
              <MetadataToken>100663342</MetadataToken>
              <Name>static System.Boolean LevelCalculator::IsMaxLevel(System.Int32)</Name>
              <FileRef uid="10" />
              <SequencePoints>
                <SequencePoint vc="3" uspid="8831" ordinal="0" offset="0" sl="87" sc="5" el="87" ec="5" bec="0" bev="0" fileid="10" />
                <SequencePoint vc="3" uspid="8832" ordinal="0" offset="1" sl="88" sc="9" el="88" ec="9" bec="0" bev="0" fileid="10" />
                <SequencePoint vc="3" uspid="8833" ordinal="0" offset="12" sl="89" sc="5" el="89" ec="5" bec="0" bev="0" fileid="10" />
              </SequencePoints>
              <BranchPoints />
            </Method>
            <Method visited="true" cyclomaticComplexity="0" nPathComplexity="0" sequenceCoverage="100.0" branchCoverage="0" crapScore="0" isConstructor="false" isStatic="true" isGetter="false" isSetter="false">
              <Summary numSequencePoints="3" visitedSequencePoints="3" numBranchPoints="0" visitedBranchPoints="0" sequenceCoverage="100.0" branchCoverage="0" maxCyclomaticComplexity="0" minCyclomaticComplexity="0" maxCrapScore="0" minCrapScore="0" visitedClasses="0" numClasses="0" visitedMethods="1" numMethods="1" />
              <MetadataToken>100663343</MetadataToken>
              <Name>static System.Int32 LevelCalculator::GetMaxLevel()</Name>
              <FileRef uid="10" />
              <SequencePoints>
                <SequencePoint vc="5" uspid="8834" ordinal="0" offset="0" sl="92" sc="5" el="92" ec="5" bec="0" bev="0" fileid="10" />
                <SequencePoint vc="5" uspid="8835" ordinal="0" offset="1" sl="93" sc="9" el="93" ec="9" bec="0" bev="0" fileid="10" />
                <SequencePoint vc="5" uspid="8836" ordinal="0" offset="6" sl="94" sc="5" el="94" ec="5" bec="0" bev="0" fileid="10" />
              </SequencePoints>
              <BranchPoints />
            </Method>
            <Method visited="true" cyclomaticComplexity="0" nPathComplexity="0" sequenceCoverage="100.0" branchCoverage="0" crapScore="0" isConstructor="false" isStatic="true" isGetter="false" isSetter="false">
              <Summary numSequencePoints="3" visitedSequencePoints="3" numBranchPoints="0" visitedBranchPoints="0" sequenceCoverage="100.0" branchCoverage="0" maxCyclomaticComplexity="0" minCyclomaticComplexity="0" maxCrapScore="0" minCrapScore="0" visitedClasses="0" numClasses="0" visitedMethods="1" numMethods="1" />
              <MetadataToken>100663344</MetadataToken>
              <Name>static System.Int32 LevelCalculator::GetMinLevel()</Name>
              <FileRef uid="10" />
              <SequencePoints>
                <SequencePoint vc="1" uspid="8837" ordinal="0" offset="0" sl="97" sc="5" el="97" ec="5" bec="0" bev="0" fileid="10" />
                <SequencePoint vc="1" uspid="8838" ordinal="0" offset="1" sl="98" sc="9" el="98" ec="9" bec="0" bev="0" fileid="10" />
                <SequencePoint vc="1" uspid="8839" ordinal="0" offset="5" sl="99" sc="5" el="99" ec="5" bec="0" bev="0" fileid="10" />
              </SequencePoints>
              <BranchPoints />
            </Method>
            <Method visited="true" cyclomaticComplexity="0" nPathComplexity="0" sequenceCoverage="100.0" branchCoverage="0" crapScore="0" isConstructor="false" isStatic="true" isGetter="false" isSetter="false">
              <Summary numSequencePoints="5" visitedSequencePoints="5" numBranchPoints="0" visitedBranchPoints="0" sequenceCoverage="100.0" branchCoverage="0" maxCyclomaticComplexity="0" minCyclomaticComplexity="0" maxCrapScore="0" minCrapScore="0" visitedClasses="0" numClasses="0" visitedMethods="1" numMethods="1" />
              <MetadataToken>100663345</MetadataToken>
              <Name>static System.Int32 LevelCalculator::CalculateXPToNextLevel(System.Int32, System.Int32)</Name>
              <FileRef uid="10" />
              <SequencePoints>
                <SequencePoint vc="4" uspid="8840" ordinal="0" offset="0" sl="102" sc="5" el="102" ec="5" bec="0" bev="0" fileid="10" />
                <SequencePoint vc="4" uspid="8841" ordinal="0" offset="1" sl="103" sc="9" el="103" ec="9" bec="0" bev="0" fileid="10" />
                <SequencePoint vc="4" uspid="8842" ordinal="0" offset="9" sl="104" sc="9" el="104" ec="9" bec="0" bev="0" fileid="10" />
                <SequencePoint vc="4" uspid="8843" ordinal="0" offset="16" sl="105" sc="9" el="105" ec="9" bec="0" bev="0" fileid="10" />
                <SequencePoint vc="4" uspid="8844" ordinal="0" offset="28" sl="106" sc="5" el="106" ec="5" bec="0" bev="0" fileid="10" />
              </SequencePoints>
              <BranchPoints />
            </Method>
          </Methods>
        </Class>
        <Class>
          <Summary numSequencePoints="3" visitedSequencePoints="3" numBranchPoints="0" visitedBranchPoints="0" sequenceCoverage="100.0" branchCoverage="0.0" maxCyclomaticComplexity="0" minCyclomaticComplexity="0" maxCrapScore="0" minCrapScore="0" visitedClasses="1" numClasses="1" visitedMethods="1" numMethods="1" />
          <FullName>ProfileController</FullName>
          <Methods>
            <Method visited="true" cyclomaticComplexity="0" nPathComplexity="0" sequenceCoverage="100.0" branchCoverage="0" crapScore="0" isConstructor="false" isStatic="false" isGetter="false" isSetter="false">
              <Summary numSequencePoints="3" visitedSequencePoints="3" numBranchPoints="0" visitedBranchPoints="0" sequenceCoverage="100.0" branchCoverage="0" maxCyclomaticComplexity="0" minCyclomaticComplexity="0" maxCrapScore="0" minCrapScore="0" visitedClasses="0" numClasses="0" visitedMethods="1" numMethods="1" />
              <MetadataToken>100663356</MetadataToken>
              <Name>System.Void ProfileController::Start()</Name>
              <FileRef uid="12" />
              <SequencePoints>
                <SequencePoint vc="6" uspid="8888" ordinal="0" offset="0" sl="20" sc="5" el="20" ec="5" bec="0" bev="0" fileid="12" />
                <SequencePoint vc="6" uspid="8889" ordinal="0" offset="1" sl="21" sc="9" el="21" ec="9" bec="0" bev="0" fileid="12" />
                <SequencePoint vc="6" uspid="8890" ordinal="0" offset="14" sl="22" sc="5" el="22" ec="5" bec="0" bev="0" fileid="12" />
              </SequencePoints>
              <BranchPoints />
            </Method>
          </Methods>
        </Class>
        <Class>
          <Summary numSequencePoints="2" visitedSequencePoints="2" numBranchPoints="0" visitedBranchPoints="0" sequenceCoverage="100.0" branchCoverage="0.0" maxCyclomaticComplexity="0" minCyclomaticComplexity="0" maxCrapScore="0" minCrapScore="0" visitedClasses="1" numClasses="1" visitedMethods="1" numMethods="1" />
          <FullName>Supabase.SupabaseConfig</FullName>
          <Methods>
            <Method visited="true" cyclomaticComplexity="0" nPathComplexity="0" sequenceCoverage="100.0" branchCoverage="0" crapScore="0" isConstructor="true" isStatic="false" isGetter="false" isSetter="false">
              <Summary numSequencePoints="2" visitedSequencePoints="2" numBranchPoints="0" visitedBranchPoints="0" sequenceCoverage="100.0" branchCoverage="0" maxCyclomaticComplexity="0" minCyclomaticComplexity="0" maxCrapScore="0" minCrapScore="0" visitedClasses="0" numClasses="0" visitedMethods="1" numMethods="1" />
              <MetadataToken>100663558</MetadataToken>
              <Name>Supabase.SupabaseConfig::SupabaseConfig()</Name>
              <FileRef uid="49" />
              <SequencePoints>
                <SequencePoint vc="4" uspid="10588" ordinal="0" offset="0" sl="14" sc="9" el="14" ec="9" bec="0" bev="0" fileid="49" />
                <SequencePoint vc="4" uspid="10589" ordinal="0" offset="11" sl="15" sc="9" el="15" ec="9" bec="0" bev="0" fileid="49" />
              </SequencePoints>
              <BranchPoints />
            </Method>
          </Methods>
        </Class>
        <Class>
          <Summary numSequencePoints="19" visitedSequencePoints="19" numBranchPoints="0" visitedBranchPoints="0" sequenceCoverage="100.0" branchCoverage="0.0" maxCyclomaticComplexity="0" minCyclomaticComplexity="0" maxCrapScore="0" minCrapScore="0" visitedClasses="1" numClasses="1" visitedMethods="1" numMethods="1" />
          <FullName>Supabase.SupabaseAuth</FullName>
          <Methods>
            <Method visited="true" cyclomaticComplexity="0" nPathComplexity="0" sequenceCoverage="100.0" branchCoverage="0" crapScore="0" isConstructor="false" isStatic="true" isGetter="false" isSetter="false">
              <Summary numSequencePoints="19" visitedSequencePoints="19" numBranchPoints="0" visitedBranchPoints="0" sequenceCoverage="100.0" branchCoverage="0" maxCyclomaticComplexity="0" minCyclomaticComplexity="0" maxCrapScore="0" minCrapScore="0" visitedClasses="0" numClasses="0" visitedMethods="1" numMethods="1" />
              <MetadataToken>100663565</MetadataToken>
              <Name>static System.String Supabase.SupabaseAuth::GetUserIdFromJwt(System.String)</Name>
              <FileRef uid="50" />
              <SequencePoints>
                <SequencePoint vc="4" uspid="10591" ordinal="0" offset="0" sl="50" sc="5" el="50" ec="5" bec="0" bev="0" fileid="50" />
                <SequencePoint vc="4" uspid="10592" ordinal="0" offset="1" sl="52" sc="9" el="52" ec="9" bec="0" bev="0" fileid="50" />
                <SequencePoint vc="4" uspid="10593" ordinal="0" offset="2" sl="53" sc="13" el="53" ec="13" bec="0" bev="0" fileid="50" />
                <SequencePoint vc="3" uspid="10594" ordinal="0" offset="12" sl="54" sc="13" el="54" ec="13" bec="0" bev="0" fileid="50" />
                <SequencePoint vc="1" uspid="10595" ordinal="0" offset="24" sl="54" sc="35" el="54" ec="35" bec="0" bev="0" fileid="50" />
                <SequencePoint vc="2" uspid="10596" ordinal="0" offset="29" sl="55" sc="13" el="55" ec="13" bec="0" bev="0" fileid="50" />
                <SequencePoint vc="2" uspid="10597" ordinal="0" offset="51" sl="57" sc="13" el="57" ec="13" bec="0" bev="0" fileid="50" />
                <SequencePoint vc="1" uspid="10598" ordinal="0" offset="79" sl="57" sc="51" el="57" ec="51" bec="0" bev="0" fileid="50" />
                <SequencePoint vc="1" uspid="10599" ordinal="0" offset="91" sl="57" sc="68" el="57" ec="68" bec="0" bev="0" fileid="50" />
                <SequencePoint vc="1" uspid="10600" ordinal="0" offset="93" sl="57" sc="83" el="57" ec="83" bec="0" bev="0" fileid="50" />
                <SequencePoint vc="1" uspid="10601" ordinal="0" offset="105" sl="57" sc="99" el="57" ec="99" bec="0" bev="0" fileid="50" />
                <SequencePoint vc="2" uspid="10602" ordinal="0" offset="107" sl="58" sc="13" el="58" ec="13" bec="0" bev="0" fileid="50" />
                <SequencePoint vc="2" uspid="10603" ordinal="0" offset="114" sl="59" sc="13" el="59" ec="13" bec="0" bev="0" fileid="50" />
                <SequencePoint vc="2" uspid="10604" ordinal="0" offset="126" sl="60" sc="13" el="60" ec="13" bec="0" bev="0" fileid="50" />
                <SequencePoint vc="1" uspid="10605" ordinal="0" offset="134" sl="61" sc="13" el="61" ec="13" bec="0" bev="0" fileid="50" />
                <SequencePoint vc="2" uspid="10606" ordinal="0" offset="145" sl="63" sc="9" el="63" ec="9" bec="0" bev="0" fileid="50" />
                <SequencePoint vc="2" uspid="10607" ordinal="0" offset="146" sl="63" sc="15" el="63" ec="15" bec="0" bev="0" fileid="50" />
                <SequencePoint vc="2" uspid="10608" ordinal="0" offset="147" sl="63" sc="17" el="63" ec="17" bec="0" bev="0" fileid="50" />
                <SequencePoint vc="4" uspid="10609" ordinal="0" offset="152" sl="64" sc="5" el="64" ec="5" bec="0" bev="0" fileid="50" />
              </SequencePoints>
              <BranchPoints />
            </Method>
          </Methods>
        </Class>
        <Class>
          <Summary numSequencePoints="130" visitedSequencePoints="89" numBranchPoints="0" visitedBranchPoints="0" sequenceCoverage="68.46" branchCoverage="0.0" maxCyclomaticComplexity="0" minCyclomaticComplexity="0" maxCrapScore="0" minCrapScore="0" visitedClasses="1" numClasses="1" visitedMethods="11" numMethods="11" />
          <FullName>Tests.DataModelTests</FullName>
          <Methods>
            <Method visited="true" cyclomaticComplexity="0" nPathComplexity="0" sequenceCoverage="100.0" branchCoverage="0" crapScore="0" isConstructor="false" isStatic="false" isGetter="false" isSetter="false">
              <Summary numSequencePoints="15" visitedSequencePoints="15" numBranchPoints="0" visitedBranchPoints="0" sequenceCoverage="100.0" branchCoverage="0" maxCyclomaticComplexity="0" minCyclomaticComplexity="0" maxCrapScore="0" minCrapScore="0" visitedClasses="0" numClasses="0" visitedMethods="1" numMethods="1" />
              <MetadataToken>100663566</MetadataToken>
              <Name>System.Void Tests.DataModelTests::Test_Student_Serialization()</Name>
              <FileRef uid="51" />
              <SequencePoints>
                <SequencePoint vc="1" uspid="10610" ordinal="0" offset="0" sl="13" sc="9" el="13" ec="9" bec="0" bev="0" fileid="51" />
                <SequencePoint vc="1" uspid="10611" ordinal="0" offset="1" sl="15" sc="13" el="15" ec="13" bec="0" bev="0" fileid="51" />
                <SequencePoint vc="1" uspid="10612" ordinal="0" offset="77" sl="27" sc="13" el="27" ec="13" bec="0" bev="0" fileid="51" />
                <SequencePoint vc="1" uspid="10613" ordinal="0" offset="84" sl="28" sc="13" el="28" ec="13" bec="0" bev="0" fileid="51" />
                <SequencePoint vc="1" uspid="10614" ordinal="0" offset="106" sl="31" sc="13" el="31" ec="13" bec="0" bev="0" fileid="51" />
                <SequencePoint vc="1" uspid="10615" ordinal="0" offset="113" sl="32" sc="13" el="32" ec="13" bec="0" bev="0" fileid="51" />
                <SequencePoint vc="1" uspid="10616" ordinal="0" offset="130" sl="33" sc="13" el="33" ec="13" bec="0" bev="0" fileid="51" />
                <SequencePoint vc="1" uspid="10617" ordinal="0" offset="158" sl="34" sc="13" el="34" ec="13" bec="0" bev="0" fileid="51" />
                <SequencePoint vc="1" uspid="10618" ordinal="0" offset="186" sl="35" sc="13" el="35" ec="13" bec="0" bev="0" fileid="51" />
                <SequencePoint vc="1" uspid="10619" ordinal="0" offset="224" sl="36" sc="13" el="36" ec="13" bec="0" bev="0" fileid="51" />
                <SequencePoint vc="1" uspid="10620" ordinal="0" offset="262" sl="37" sc="13" el="37" ec="13" bec="0" bev="0" fileid="51" />
                <SequencePoint vc="1" uspid="10621" ordinal="0" offset="300" sl="38" sc="13" el="38" ec="13" bec="0" bev="0" fileid="51" />
                <SequencePoint vc="1" uspid="10622" ordinal="0" offset="328" sl="39" sc="13" el="39" ec="13" bec="0" bev="0" fileid="51" />
                <SequencePoint vc="1" uspid="10623" ordinal="0" offset="356" sl="41" sc="13" el="41" ec="13" bec="0" bev="0" fileid="51" />
                <SequencePoint vc="1" uspid="10624" ordinal="0" offset="367" sl="42" sc="9" el="42" ec="9" bec="0" bev="0" fileid="51" />
              </SequencePoints>
              <BranchPoints />
            </Method>
            <Method visited="true" cyclomaticComplexity="0" nPathComplexity="0" sequenceCoverage="100.0" branchCoverage="0" crapScore="0" isConstructor="false" isStatic="false" isGetter="false" isSetter="false">
              <Summary numSequencePoints="12" visitedSequencePoints="12" numBranchPoints="0" visitedBranchPoints="0" sequenceCoverage="100.0" branchCoverage="0" maxCyclomaticComplexity="0" minCyclomaticComplexity="0" maxCrapScore="0" minCrapScore="0" visitedClasses="0" numClasses="0" visitedMethods="1" numMethods="1" />
              <MetadataToken>100663567</MetadataToken>
              <Name>System.Void Tests.DataModelTests::Test_StudentData_Serialization()</Name>
              <FileRef uid="51" />
              <SequencePoints>
                <SequencePoint vc="1" uspid="10625" ordinal="0" offset="0" sl="46" sc="9" el="46" ec="9" bec="0" bev="0" fileid="51" />
                <SequencePoint vc="1" uspid="10626" ordinal="0" offset="1" sl="48" sc="13" el="48" ec="13" bec="0" bev="0" fileid="51" />
                <SequencePoint vc="1" uspid="10627" ordinal="0" offset="47" sl="57" sc="13" el="57" ec="13" bec="0" bev="0" fileid="51" />
                <SequencePoint vc="1" uspid="10628" ordinal="0" offset="54" sl="58" sc="13" el="58" ec="13" bec="0" bev="0" fileid="51" />
                <SequencePoint vc="1" uspid="10629" ordinal="0" offset="76" sl="61" sc="13" el="61" ec="13" bec="0" bev="0" fileid="51" />
                <SequencePoint vc="1" uspid="10630" ordinal="0" offset="83" sl="62" sc="13" el="62" ec="13" bec="0" bev="0" fileid="51" />
                <SequencePoint vc="1" uspid="10631" ordinal="0" offset="100" sl="63" sc="13" el="63" ec="13" bec="0" bev="0" fileid="51" />
                <SequencePoint vc="1" uspid="10632" ordinal="0" offset="128" sl="64" sc="13" el="64" ec="13" bec="0" bev="0" fileid="51" />
                <SequencePoint vc="1" uspid="10633" ordinal="0" offset="166" sl="65" sc="13" el="65" ec="13" bec="0" bev="0" fileid="51" />
                <SequencePoint vc="1" uspid="10634" ordinal="0" offset="204" sl="66" sc="13" el="66" ec="13" bec="0" bev="0" fileid="51" />
                <SequencePoint vc="1" uspid="10635" ordinal="0" offset="242" sl="68" sc="13" el="68" ec="13" bec="0" bev="0" fileid="51" />
                <SequencePoint vc="1" uspid="10636" ordinal="0" offset="253" sl="69" sc="9" el="69" ec="9" bec="0" bev="0" fileid="51" />
              </SequencePoints>
              <BranchPoints />
            </Method>
            <Method visited="true" cyclomaticComplexity="0" nPathComplexity="0" sequenceCoverage="100.0" branchCoverage="0" crapScore="0" isConstructor="false" isStatic="false" isGetter="false" isSetter="false">
              <Summary numSequencePoints="10" visitedSequencePoints="10" numBranchPoints="0" visitedBranchPoints="0" sequenceCoverage="100.0" branchCoverage="0" maxCyclomaticComplexity="0" minCyclomaticComplexity="0" maxCrapScore="0" minCrapScore="0" visitedClasses="0" numClasses="0" visitedMethods="1" numMethods="1" />
              <MetadataToken>100663568</MetadataToken>
              <Name>System.Void Tests.DataModelTests::Test_SupabaseConfig_Properties()</Name>
              <FileRef uid="51" />
              <SequencePoints>
                <SequencePoint vc="1" uspid="10637" ordinal="0" offset="0" sl="73" sc="9" el="73" ec="9" bec="0" bev="0" fileid="51" />
                <SequencePoint vc="1" uspid="10638" ordinal="0" offset="1" sl="75" sc="13" el="75" ec="13" bec="0" bev="0" fileid="51" />
                <SequencePoint vc="1" uspid="10639" ordinal="0" offset="7" sl="78" sc="13" el="78" ec="13" bec="0" bev="0" fileid="51" />
                <SequencePoint vc="1" uspid="10640" ordinal="0" offset="34" sl="79" sc="13" el="79" ec="13" bec="0" bev="0" fileid="51" />
                <SequencePoint vc="1" uspid="10641" ordinal="0" offset="61" sl="82" sc="13" el="82" ec="13" bec="0" bev="0" fileid="51" />
                <SequencePoint vc="1" uspid="10642" ordinal="0" offset="72" sl="83" sc="13" el="83" ec="13" bec="0" bev="0" fileid="51" />
                <SequencePoint vc="1" uspid="10643" ordinal="0" offset="83" sl="85" sc="13" el="85" ec="13" bec="0" bev="0" fileid="51" />
                <SequencePoint vc="1" uspid="10644" ordinal="0" offset="110" sl="86" sc="13" el="86" ec="13" bec="0" bev="0" fileid="51" />
                <SequencePoint vc="1" uspid="10645" ordinal="0" offset="137" sl="88" sc="13" el="88" ec="13" bec="0" bev="0" fileid="51" />
                <SequencePoint vc="1" uspid="10646" ordinal="0" offset="148" sl="89" sc="9" el="89" ec="9" bec="0" bev="0" fileid="51" />
              </SequencePoints>
              <BranchPoints />
            </Method>
            <Method visited="true" cyclomaticComplexity="0" nPathComplexity="0" sequenceCoverage="100.0" branchCoverage="0" crapScore="0" isConstructor="false" isStatic="false" isGetter="false" isSetter="false">
              <Summary numSequencePoints="11" visitedSequencePoints="11" numBranchPoints="0" visitedBranchPoints="0" sequenceCoverage="100.0" branchCoverage="0" maxCyclomaticComplexity="0" minCyclomaticComplexity="0" maxCrapScore="0" minCrapScore="0" visitedClasses="0" numClasses="0" visitedMethods="1" numMethods="1" />
              <MetadataToken>100663569</MetadataToken>
              <Name>System.Void Tests.DataModelTests::Test_Student_EdgeCases()</Name>
              <FileRef uid="51" />
              <SequencePoints>
                <SequencePoint vc="1" uspid="10647" ordinal="0" offset="0" sl="93" sc="9" el="93" ec="9" bec="0" bev="0" fileid="51" />
                <SequencePoint vc="1" uspid="10648" ordinal="0" offset="1" sl="95" sc="13" el="95" ec="13" bec="0" bev="0" fileid="51" />
                <SequencePoint vc="1" uspid="10649" ordinal="0" offset="64" sl="107" sc="13" el="107" ec="13" bec="0" bev="0" fileid="51" />
                <SequencePoint vc="1" uspid="10650" ordinal="0" offset="71" sl="108" sc="13" el="108" ec="13" bec="0" bev="0" fileid="51" />
                <SequencePoint vc="1" uspid="10651" ordinal="0" offset="93" sl="111" sc="13" el="111" ec="13" bec="0" bev="0" fileid="51" />
                <SequencePoint vc="1" uspid="10652" ordinal="0" offset="100" sl="112" sc="13" el="112" ec="13" bec="0" bev="0" fileid="51" />
                <SequencePoint vc="1" uspid="10653" ordinal="0" offset="117" sl="113" sc="13" el="113" ec="13" bec="0" bev="0" fileid="51" />
                <SequencePoint vc="1" uspid="10654" ordinal="0" offset="155" sl="114" sc="13" el="114" ec="13" bec="0" bev="0" fileid="51" />
                <SequencePoint vc="1" uspid="10655" ordinal="0" offset="193" sl="115" sc="13" el="115" ec="13" bec="0" bev="0" fileid="51" />
                <SequencePoint vc="1" uspid="10656" ordinal="0" offset="231" sl="117" sc="13" el="117" ec="13" bec="0" bev="0" fileid="51" />
                <SequencePoint vc="1" uspid="10657" ordinal="0" offset="242" sl="118" sc="9" el="118" ec="9" bec="0" bev="0" fileid="51" />
              </SequencePoints>
              <BranchPoints />
            </Method>
            <Method visited="true" cyclomaticComplexity="0" nPathComplexity="0" sequenceCoverage="100.0" branchCoverage="0" crapScore="0" isConstructor="false" isStatic="false" isGetter="false" isSetter="false">
              <Summary numSequencePoints="11" visitedSequencePoints="11" numBranchPoints="0" visitedBranchPoints="0" sequenceCoverage="100.0" branchCoverage="0" maxCyclomaticComplexity="0" minCyclomaticComplexity="0" maxCrapScore="0" minCrapScore="0" visitedClasses="0" numClasses="0" visitedMethods="1" numMethods="1" />
              <MetadataToken>100663570</MetadataToken>
              <Name>System.Void Tests.DataModelTests::Test_StudentData_EdgeCases()</Name>
              <FileRef uid="51" />
              <SequencePoints>
                <SequencePoint vc="1" uspid="10658" ordinal="0" offset="0" sl="122" sc="9" el="122" ec="9" bec="0" bev="0" fileid="51" />
                <SequencePoint vc="1" uspid="10659" ordinal="0" offset="1" sl="124" sc="13" el="124" ec="13" bec="0" bev="0" fileid="51" />
                <SequencePoint vc="1" uspid="10660" ordinal="0" offset="47" sl="133" sc="13" el="133" ec="13" bec="0" bev="0" fileid="51" />
                <SequencePoint vc="1" uspid="10661" ordinal="0" offset="54" sl="134" sc="13" el="134" ec="13" bec="0" bev="0" fileid="51" />
                <SequencePoint vc="1" uspid="10662" ordinal="0" offset="76" sl="137" sc="13" el="137" ec="13" bec="0" bev="0" fileid="51" />
                <SequencePoint vc="1" uspid="10663" ordinal="0" offset="83" sl="138" sc="13" el="138" ec="13" bec="0" bev="0" fileid="51" />
                <SequencePoint vc="1" uspid="10664" ordinal="0" offset="100" sl="139" sc="13" el="139" ec="13" bec="0" bev="0" fileid="51" />
                <SequencePoint vc="1" uspid="10665" ordinal="0" offset="138" sl="140" sc="13" el="140" ec="13" bec="0" bev="0" fileid="51" />
                <SequencePoint vc="1" uspid="10666" ordinal="0" offset="176" sl="141" sc="13" el="141" ec="13" bec="0" bev="0" fileid="51" />
                <SequencePoint vc="1" uspid="10667" ordinal="0" offset="214" sl="143" sc="13" el="143" ec="13" bec="0" bev="0" fileid="51" />
                <SequencePoint vc="1" uspid="10668" ordinal="0" offset="225" sl="144" sc="9" el="144" ec="9" bec="0" bev="0" fileid="51" />
              </SequencePoints>
              <BranchPoints />
            </Method>
            <Method visited="true" cyclomaticComplexity="0" nPathComplexity="0" sequenceCoverage="100.0" branchCoverage="0" crapScore="0" isConstructor="false" isStatic="false" isGetter="false" isSetter="false">
              <Summary numSequencePoints="11" visitedSequencePoints="11" numBranchPoints="0" visitedBranchPoints="0" sequenceCoverage="100.0" branchCoverage="0" maxCyclomaticComplexity="0" minCyclomaticComplexity="0" maxCrapScore="0" minCrapScore="0" visitedClasses="0" numClasses="0" visitedMethods="1" numMethods="1" />
              <MetadataToken>100663571</MetadataToken>
              <Name>System.Void Tests.DataModelTests::Test_Student_LevelCalculation()</Name>
              <FileRef uid="51" />
              <SequencePoints>
                <SequencePoint vc="1" uspid="10669" ordinal="0" offset="0" sl="148" sc="9" el="148" ec="9" bec="0" bev="0" fileid="51" />
                <SequencePoint vc="1" uspid="10670" ordinal="0" offset="1" sl="150" sc="13" el="150" ec="13" bec="0" bev="0" fileid="51" />
                <SequencePoint vc="1" uspid="10671" ordinal="0" offset="33" sl="158" sc="13" el="158" ec="13" bec="0" bev="0" fileid="51" />
                <SequencePoint vc="1" uspid="10672" ordinal="0" offset="49" sl="159" sc="13" el="159" ec="13" bec="0" bev="0" fileid="51" />
                <SequencePoint vc="1" uspid="10673" ordinal="0" offset="81" sl="162" sc="13" el="162" ec="13" bec="0" bev="0" fileid="51" />
                <SequencePoint vc="1" uspid="10674" ordinal="0" offset="96" sl="163" sc="13" el="163" ec="13" bec="0" bev="0" fileid="51" />
                <SequencePoint vc="1" uspid="10675" ordinal="0" offset="113" sl="166" sc="13" el="166" ec="13" bec="0" bev="0" fileid="51" />
                <SequencePoint vc="1" uspid="10676" ordinal="0" offset="125" sl="167" sc="13" el="167" ec="13" bec="0" bev="0" fileid="51" />
                <SequencePoint vc="1" uspid="10677" ordinal="0" offset="141" sl="168" sc="13" el="168" ec="13" bec="0" bev="0" fileid="51" />
                <SequencePoint vc="1" uspid="10678" ordinal="0" offset="173" sl="170" sc="13" el="170" ec="13" bec="0" bev="0" fileid="51" />
                <SequencePoint vc="1" uspid="10679" ordinal="0" offset="184" sl="171" sc="9" el="171" ec="9" bec="0" bev="0" fileid="51" />
              </SequencePoints>
              <BranchPoints />
            </Method>
            <Method visited="true" cyclomaticComplexity="0" nPathComplexity="0" sequenceCoverage="25.00" branchCoverage="0" crapScore="0" isConstructor="false" isStatic="false" isGetter="false" isSetter="false">
              <Summary numSequencePoints="12" visitedSequencePoints="3" numBranchPoints="0" visitedBranchPoints="0" sequenceCoverage="25.00" branchCoverage="0" maxCyclomaticComplexity="0" minCyclomaticComplexity="0" maxCrapScore="0" minCrapScore="0" visitedClasses="0" numClasses="0" visitedMethods="1" numMethods="1" />
              <MetadataToken>100663572</MetadataToken>
              <Name>System.Void Tests.DataModelTests::Test_StatsData_Model_Exists_TDD()</Name>
              <FileRef uid="51" />
              <SequencePoints>
                <SequencePoint vc="1" uspid="10680" ordinal="0" offset="0" sl="175" sc="9" el="175" ec="9" bec="0" bev="0" fileid="51" />
                <SequencePoint vc="1" uspid="10681" ordinal="0" offset="1" sl="176" sc="13" el="176" ec="13" bec="0" bev="0" fileid="51" />
                <SequencePoint vc="1" uspid="10682" ordinal="0" offset="12" sl="178" sc="13" el="178" ec="13" bec="0" bev="0" fileid="51" />
                <SequencePoint vc="0" uspid="10683" ordinal="0" offset="29" sl="180" sc="13" el="180" ec="13" bec="0" bev="0" fileid="51" />
                <SequencePoint vc="0" uspid="10684" ordinal="0" offset="43" sl="181" sc="13" el="181" ec="13" bec="0" bev="0" fileid="51" />
                <SequencePoint vc="0" uspid="10685" ordinal="0" offset="44" sl="182" sc="17" el="182" ec="17" bec="0" bev="0" fileid="51" />
                <SequencePoint vc="0" uspid="10686" ordinal="0" offset="71" sl="183" sc="17" el="183" ec="17" bec="0" bev="0" fileid="51" />
                <SequencePoint vc="0" uspid="10687" ordinal="0" offset="98" sl="184" sc="17" el="184" ec="17" bec="0" bev="0" fileid="51" />
                <SequencePoint vc="0" uspid="10688" ordinal="0" offset="125" sl="185" sc="17" el="185" ec="17" bec="0" bev="0" fileid="51" />
                <SequencePoint vc="0" uspid="10689" ordinal="0" offset="152" sl="186" sc="17" el="186" ec="17" bec="0" bev="0" fileid="51" />
                <SequencePoint vc="0" uspid="10690" ordinal="0" offset="179" sl="187" sc="13" el="187" ec="13" bec="0" bev="0" fileid="51" />
                <SequencePoint vc="0" uspid="10691" ordinal="0" offset="180" sl="188" sc="9" el="188" ec="9" bec="0" bev="0" fileid="51" />
              </SequencePoints>
              <BranchPoints />
            </Method>
            <Method visited="true" cyclomaticComplexity="0" nPathComplexity="0" sequenceCoverage="23.08" branchCoverage="0" crapScore="0" isConstructor="false" isStatic="false" isGetter="false" isSetter="false">
              <Summary numSequencePoints="13" visitedSequencePoints="3" numBranchPoints="0" visitedBranchPoints="0" sequenceCoverage="23.08" branchCoverage="0" maxCyclomaticComplexity="0" minCyclomaticComplexity="0" maxCrapScore="0" minCrapScore="0" visitedClasses="0" numClasses="0" visitedMethods="1" numMethods="1" />
              <MetadataToken>100663573</MetadataToken>
              <Name>System.Void Tests.DataModelTests::Test_AchievementData_Model_Exists_TDD()</Name>
              <FileRef uid="51" />
              <SequencePoints>
                <SequencePoint vc="1" uspid="10692" ordinal="0" offset="0" sl="192" sc="9" el="192" ec="9" bec="0" bev="0" fileid="51" />
                <SequencePoint vc="1" uspid="10693" ordinal="0" offset="1" sl="193" sc="13" el="193" ec="13" bec="0" bev="0" fileid="51" />
                <SequencePoint vc="1" uspid="10694" ordinal="0" offset="12" sl="195" sc="13" el="195" ec="13" bec="0" bev="0" fileid="51" />
                <SequencePoint vc="0" uspid="10695" ordinal="0" offset="29" sl="197" sc="13" el="197" ec="13" bec="0" bev="0" fileid="51" />
                <SequencePoint vc="0" uspid="10696" ordinal="0" offset="43" sl="198" sc="13" el="198" ec="13" bec="0" bev="0" fileid="51" />
                <SequencePoint vc="0" uspid="10697" ordinal="0" offset="44" sl="199" sc="17" el="199" ec="17" bec="0" bev="0" fileid="51" />
                <SequencePoint vc="0" uspid="10698" ordinal="0" offset="71" sl="200" sc="17" el="200" ec="17" bec="0" bev="0" fileid="51" />
                <SequencePoint vc="0" uspid="10699" ordinal="0" offset="98" sl="201" sc="17" el="201" ec="17" bec="0" bev="0" fileid="51" />
[...]
              <Summary numSequencePoints="9" visitedSequencePoints="7" numBranchPoints="0" visitedBranchPoints="0" sequenceCoverage="77.78" branchCoverage="0" maxCyclomaticComplexity="0" minCyclomaticComplexity="0" maxCrapScore="0" minCrapScore="0" visitedClasses="0" numClasses="0" visitedMethods="1" numMethods="1" />
              <MetadataToken>100663983</MetadataToken>
              <Name>System.Void UserAvatar.FinalCharacterController.PlayerControls/PlayerLocomotionMapActions::SetCallbacks(UserAvatar.FinalCharacterController.PlayerControls/IPlayerLocomotionMapActions)</Name>
              <FileRef uid="56" />
              <SequencePoints>
                <SequencePoint vc="1" uspid="13009" ordinal="0" offset="0" sl="665" sc="13" el="665" ec="13" bec="0" bev="0" fileid="56" />
                <SequencePoint vc="1" uspid="13010" ordinal="0" offset="1" sl="666" sc="17" el="666" ec="17" bec="0" bev="0" fileid="56" />
                <SequencePoint vc="1" uspid="13011" ordinal="0" offset="2" sl="666" sc="38" el="666" ec="38" bec="0" bev="0" fileid="56" />
                <SequencePoint vc="0" uspid="13012" ordinal="0" offset="21" sl="666" sc="26" el="666" ec="26" bec="0" bev="0" fileid="56" />
                <SequencePoint vc="0" uspid="13013" ordinal="0" offset="29" sl="667" sc="21" el="667" ec="21" bec="0" bev="0" fileid="56" />
                <SequencePoint vc="1" uspid="13014" ordinal="0" offset="37" sl="666" sc="35" el="666" ec="35" bec="0" bev="0" fileid="56" />
                <SequencePoint vc="1" uspid="13015" ordinal="0" offset="63" sl="668" sc="17" el="668" ec="17" bec="0" bev="0" fileid="56" />
                <SequencePoint vc="1" uspid="13016" ordinal="0" offset="80" sl="669" sc="17" el="669" ec="17" bec="0" bev="0" fileid="56" />
                <SequencePoint vc="1" uspid="13017" ordinal="0" offset="88" sl="670" sc="13" el="670" ec="13" bec="0" bev="0" fileid="56" />
              </SequencePoints>
              <BranchPoints />
            </Method>
            <Method visited="true" cyclomaticComplexity="0" nPathComplexity="0" sequenceCoverage="100.0" branchCoverage="0" crapScore="0" isConstructor="true" isStatic="false" isGetter="false" isSetter="false">
              <Summary numSequencePoints="3" visitedSequencePoints="3" numBranchPoints="0" visitedBranchPoints="0" sequenceCoverage="100.0" branchCoverage="0" maxCyclomaticComplexity="0" minCyclomaticComplexity="0" maxCrapScore="0" minCrapScore="0" visitedClasses="0" numClasses="0" visitedMethods="1" numMethods="1" />
              <MetadataToken>100663969</MetadataToken>
              <Name>UserAvatar.FinalCharacterController.PlayerControls/PlayerLocomotionMapActions::PlayerLocomotionMapActions(UserAvatar.FinalCharacterController.PlayerControls)</Name>
              <FileRef uid="56" />
              <SequencePoints>
                <SequencePoint vc="4" uspid="13018" ordinal="0" offset="0" sl="555" sc="72" el="555" ec="72" bec="0" bev="0" fileid="56" />
                <SequencePoint vc="4" uspid="13019" ordinal="0" offset="1" sl="555" sc="74" el="555" ec="74" bec="0" bev="0" fileid="56" />
                <SequencePoint vc="4" uspid="13020" ordinal="0" offset="8" sl="555" sc="95" el="555" ec="95" bec="0" bev="0" fileid="56" />
              </SequencePoints>
              <BranchPoints />
            </Method>
          </Methods>
        </Class>
        <Class>
          <Summary numSequencePoints="49" visitedSequencePoints="49" numBranchPoints="0" visitedBranchPoints="0" sequenceCoverage="100.0" branchCoverage="0.0" maxCyclomaticComplexity="0" minCyclomaticComplexity="0" maxCrapScore="0" minCrapScore="0" visitedClasses="1" numClasses="1" visitedMethods="10" numMethods="10" />
          <FullName>UserAvatar.FinalCharacterController.PlayerControls/PlayerActionMapActions</FullName>
          <Methods>
            <Method visited="true" cyclomaticComplexity="0" nPathComplexity="0" sequenceCoverage="100.0" branchCoverage="0" crapScore="0" isConstructor="false" isStatic="false" isGetter="true" isSetter="false">
              <Summary numSequencePoints="1" visitedSequencePoints="1" numBranchPoints="0" visitedBranchPoints="0" sequenceCoverage="100.0" branchCoverage="0" maxCyclomaticComplexity="0" minCyclomaticComplexity="0" maxCrapScore="0" minCrapScore="0" visitedClasses="0" numClasses="0" visitedMethods="1" numMethods="1" />
              <MetadataToken>100663996</MetadataToken>
              <Name>UnityEngine.InputSystem.InputAction UserAvatar.FinalCharacterController.PlayerControls/PlayerActionMapActions::get_Gather()</Name>
              <FileRef uid="56" />
              <SequencePoints>
                <SequencePoint vc="6" uspid="13064" ordinal="0" offset="0" sl="793" sc="43" el="793" ec="43" bec="0" bev="0" fileid="56" />
              </SequencePoints>
              <BranchPoints />
            </Method>
            <Method visited="true" cyclomaticComplexity="0" nPathComplexity="0" sequenceCoverage="100.0" branchCoverage="0" crapScore="0" isConstructor="false" isStatic="false" isGetter="true" isSetter="false">
              <Summary numSequencePoints="1" visitedSequencePoints="1" numBranchPoints="0" visitedBranchPoints="0" sequenceCoverage="100.0" branchCoverage="0" maxCyclomaticComplexity="0" minCyclomaticComplexity="0" maxCrapScore="0" minCrapScore="0" visitedClasses="0" numClasses="0" visitedMethods="1" numMethods="1" />
              <MetadataToken>100663997</MetadataToken>
              <Name>UnityEngine.InputSystem.InputAction UserAvatar.FinalCharacterController.PlayerControls/PlayerActionMapActions::get_Attack()</Name>
              <FileRef uid="56" />
              <SequencePoints>
                <SequencePoint vc="6" uspid="13065" ordinal="0" offset="0" sl="797" sc="43" el="797" ec="43" bec="0" bev="0" fileid="56" />
              </SequencePoints>
              <BranchPoints />
            </Method>
            <Method visited="true" cyclomaticComplexity="0" nPathComplexity="0" sequenceCoverage="100.0" branchCoverage="0" crapScore="0" isConstructor="false" isStatic="false" isGetter="true" isSetter="false">
              <Summary numSequencePoints="1" visitedSequencePoints="1" numBranchPoints="0" visitedBranchPoints="0" sequenceCoverage="100.0" branchCoverage="0" maxCyclomaticComplexity="0" minCyclomaticComplexity="0" maxCrapScore="0" minCrapScore="0" visitedClasses="0" numClasses="0" visitedMethods="1" numMethods="1" />
              <MetadataToken>100663998</MetadataToken>
              <Name>UnityEngine.InputSystem.InputAction UserAvatar.FinalCharacterController.PlayerControls/PlayerActionMapActions::get_Interact()</Name>
              <FileRef uid="56" />
              <SequencePoints>
                <SequencePoint vc="6" uspid="13066" ordinal="0" offset="0" sl="801" sc="45" el="801" ec="45" bec="0" bev="0" fileid="56" />
              </SequencePoints>
              <BranchPoints />
            </Method>
            <Method visited="true" cyclomaticComplexity="0" nPathComplexity="0" sequenceCoverage="100.0" branchCoverage="0" crapScore="0" isConstructor="false" isStatic="false" isGetter="false" isSetter="false">
              <Summary numSequencePoints="3" visitedSequencePoints="3" numBranchPoints="0" visitedBranchPoints="0" sequenceCoverage="100.0" branchCoverage="0" maxCyclomaticComplexity="0" minCyclomaticComplexity="0" maxCrapScore="0" minCrapScore="0" visitedClasses="0" numClasses="0" visitedMethods="1" numMethods="1" />
              <MetadataToken>100663999</MetadataToken>
              <Name>UnityEngine.InputSystem.InputActionMap UserAvatar.FinalCharacterController.PlayerControls/PlayerActionMapActions::Get()</Name>
              <FileRef uid="56" />
              <SequencePoints>
                <SequencePoint vc="2" uspid="13067" ordinal="0" offset="0" sl="805" sc="41" el="805" ec="41" bec="0" bev="0" fileid="56" />
                <SequencePoint vc="2" uspid="13068" ordinal="0" offset="1" sl="805" sc="43" el="805" ec="43" bec="0" bev="0" fileid="56" />
                <SequencePoint vc="2" uspid="13069" ordinal="0" offset="15" sl="805" sc="79" el="805" ec="79" bec="0" bev="0" fileid="56" />
              </SequencePoints>
              <BranchPoints />
            </Method>
            <Method visited="true" cyclomaticComplexity="0" nPathComplexity="0" sequenceCoverage="100.0" branchCoverage="0" crapScore="0" isConstructor="false" isStatic="false" isGetter="false" isSetter="false">
              <Summary numSequencePoints="3" visitedSequencePoints="3" numBranchPoints="0" visitedBranchPoints="0" sequenceCoverage="100.0" branchCoverage="0" maxCyclomaticComplexity="0" minCyclomaticComplexity="0" maxCrapScore="0" minCrapScore="0" visitedClasses="0" numClasses="0" visitedMethods="1" numMethods="1" />
              <MetadataToken>100664000</MetadataToken>
              <Name>System.Void UserAvatar.FinalCharacterController.PlayerControls/PlayerActionMapActions::Enable()</Name>
              <FileRef uid="56" />
              <SequencePoints>
                <SequencePoint vc="1" uspid="13070" ordinal="0" offset="0" sl="807" sc="34" el="807" ec="34" bec="0" bev="0" fileid="56" />
                <SequencePoint vc="1" uspid="13071" ordinal="0" offset="1" sl="807" sc="36" el="807" ec="36" bec="0" bev="0" fileid="56" />
                <SequencePoint vc="1" uspid="13072" ordinal="0" offset="13" sl="807" sc="52" el="807" ec="52" bec="0" bev="0" fileid="56" />
              </SequencePoints>
              <BranchPoints />
            </Method>
            <Method visited="true" cyclomaticComplexity="0" nPathComplexity="0" sequenceCoverage="100.0" branchCoverage="0" crapScore="0" isConstructor="false" isStatic="false" isGetter="false" isSetter="false">
              <Summary numSequencePoints="3" visitedSequencePoints="3" numBranchPoints="0" visitedBranchPoints="0" sequenceCoverage="100.0" branchCoverage="0" maxCyclomaticComplexity="0" minCyclomaticComplexity="0" maxCrapScore="0" minCrapScore="0" visitedClasses="0" numClasses="0" visitedMethods="1" numMethods="1" />
              <MetadataToken>100664001</MetadataToken>
              <Name>System.Void UserAvatar.FinalCharacterController.PlayerControls/PlayerActionMapActions::Disable()</Name>
              <FileRef uid="56" />
              <SequencePoints>
                <SequencePoint vc="1" uspid="13073" ordinal="0" offset="0" sl="809" sc="35" el="809" ec="35" bec="0" bev="0" fileid="56" />
                <SequencePoint vc="1" uspid="13074" ordinal="0" offset="1" sl="809" sc="37" el="809" ec="37" bec="0" bev="0" fileid="56" />
                <SequencePoint vc="1" uspid="13075" ordinal="0" offset="13" sl="809" sc="54" el="809" ec="54" bec="0" bev="0" fileid="56" />
              </SequencePoints>
              <BranchPoints />
            </Method>
            <Method visited="true" cyclomaticComplexity="0" nPathComplexity="0" sequenceCoverage="100.0" branchCoverage="0" crapScore="0" isConstructor="false" isStatic="false" isGetter="false" isSetter="false">
              <Summary numSequencePoints="14" visitedSequencePoints="14" numBranchPoints="0" visitedBranchPoints="0" sequenceCoverage="100.0" branchCoverage="0" maxCyclomaticComplexity="0" minCyclomaticComplexity="0" maxCrapScore="0" minCrapScore="0" visitedClasses="0" numClasses="0" visitedMethods="1" numMethods="1" />
              <MetadataToken>100664004</MetadataToken>
              <Name>System.Void UserAvatar.FinalCharacterController.PlayerControls/PlayerActionMapActions::AddCallbacks(UserAvatar.FinalCharacterController.PlayerControls/IPlayerActionMapActions)</Name>
              <FileRef uid="56" />
              <SequencePoints>
                <SequencePoint vc="2" uspid="13080" ordinal="0" offset="0" sl="825" sc="13" el="825" ec="13" bec="0" bev="0" fileid="56" />
                <SequencePoint vc="2" uspid="13081" ordinal="0" offset="1" sl="826" sc="17" el="826" ec="17" bec="0" bev="0" fileid="56" />
                <SequencePoint vc="1" uspid="13082" ordinal="0" offset="28" sl="826" sc="114" el="826" ec="114" bec="0" bev="0" fileid="56" />
                <SequencePoint vc="1" uspid="13083" ordinal="0" offset="33" sl="827" sc="17" el="827" ec="17" bec="0" bev="0" fileid="56" />
                <SequencePoint vc="1" uspid="13084" ordinal="0" offset="51" sl="828" sc="17" el="828" ec="17" bec="0" bev="0" fileid="56" />
                <SequencePoint vc="1" uspid="13085" ordinal="0" offset="76" sl="829" sc="17" el="829" ec="17" bec="0" bev="0" fileid="56" />
                <SequencePoint vc="1" uspid="13086" ordinal="0" offset="101" sl="830" sc="17" el="830" ec="17" bec="0" bev="0" fileid="56" />
                <SequencePoint vc="1" uspid="13087" ordinal="0" offset="126" sl="831" sc="17" el="831" ec="17" bec="0" bev="0" fileid="56" />
                <SequencePoint vc="1" uspid="13088" ordinal="0" offset="151" sl="832" sc="17" el="832" ec="17" bec="0" bev="0" fileid="56" />
                <SequencePoint vc="1" uspid="13089" ordinal="0" offset="176" sl="833" sc="17" el="833" ec="17" bec="0" bev="0" fileid="56" />
                <SequencePoint vc="1" uspid="13090" ordinal="0" offset="201" sl="834" sc="17" el="834" ec="17" bec="0" bev="0" fileid="56" />
                <SequencePoint vc="1" uspid="13091" ordinal="0" offset="226" sl="835" sc="17" el="835" ec="17" bec="0" bev="0" fileid="56" />
                <SequencePoint vc="1" uspid="13092" ordinal="0" offset="251" sl="836" sc="17" el="836" ec="17" bec="0" bev="0" fileid="56" />
                <SequencePoint vc="2" uspid="13093" ordinal="0" offset="276" sl="837" sc="13" el="837" ec="13" bec="0" bev="0" fileid="56" />
              </SequencePoints>
              <BranchPoints />
            </Method>
            <Method visited="true" cyclomaticComplexity="0" nPathComplexity="0" sequenceCoverage="100.0" branchCoverage="0" crapScore="0" isConstructor="false" isStatic="false" isGetter="false" isSetter="false">
              <Summary numSequencePoints="11" visitedSequencePoints="11" numBranchPoints="0" visitedBranchPoints="0" sequenceCoverage="100.0" branchCoverage="0" maxCyclomaticComplexity="0" minCyclomaticComplexity="0" maxCrapScore="0" minCrapScore="0" visitedClasses="0" numClasses="0" visitedMethods="1" numMethods="1" />
              <MetadataToken>100664005</MetadataToken>
              <Name>System.Void UserAvatar.FinalCharacterController.PlayerControls/PlayerActionMapActions::UnregisterCallbacks(UserAvatar.FinalCharacterController.PlayerControls/IPlayerActionMapActions)</Name>
              <FileRef uid="56" />
              <SequencePoints>
                <SequencePoint vc="1" uspid="13094" ordinal="0" offset="0" sl="847" sc="13" el="847" ec="13" bec="0" bev="0" fileid="56" />
                <SequencePoint vc="1" uspid="13095" ordinal="0" offset="1" sl="848" sc="17" el="848" ec="17" bec="0" bev="0" fileid="56" />
                <SequencePoint vc="1" uspid="13096" ordinal="0" offset="26" sl="849" sc="17" el="849" ec="17" bec="0" bev="0" fileid="56" />
                <SequencePoint vc="1" uspid="13097" ordinal="0" offset="51" sl="850" sc="17" el="850" ec="17" bec="0" bev="0" fileid="56" />
                <SequencePoint vc="1" uspid="13098" ordinal="0" offset="76" sl="851" sc="17" el="851" ec="17" bec="0" bev="0" fileid="56" />
                <SequencePoint vc="1" uspid="13099" ordinal="0" offset="101" sl="852" sc="17" el="852" ec="17" bec="0" bev="0" fileid="56" />
                <SequencePoint vc="1" uspid="13100" ordinal="0" offset="126" sl="853" sc="17" el="853" ec="17" bec="0" bev="0" fileid="56" />
                <SequencePoint vc="1" uspid="13101" ordinal="0" offset="151" sl="854" sc="17" el="854" ec="17" bec="0" bev="0" fileid="56" />
                <SequencePoint vc="1" uspid="13102" ordinal="0" offset="176" sl="855" sc="17" el="855" ec="17" bec="0" bev="0" fileid="56" />
                <SequencePoint vc="1" uspid="13103" ordinal="0" offset="201" sl="856" sc="17" el="856" ec="17" bec="0" bev="0" fileid="56" />
                <SequencePoint vc="1" uspid="13104" ordinal="0" offset="226" sl="857" sc="13" el="857" ec="13" bec="0" bev="0" fileid="56" />
              </SequencePoints>
              <BranchPoints />
            </Method>
            <Method visited="true" cyclomaticComplexity="0" nPathComplexity="0" sequenceCoverage="100.0" branchCoverage="0" crapScore="0" isConstructor="false" isStatic="false" isGetter="false" isSetter="false">
              <Summary numSequencePoints="9" visitedSequencePoints="9" numBranchPoints="0" visitedBranchPoints="0" sequenceCoverage="100.0" branchCoverage="0" maxCyclomaticComplexity="0" minCyclomaticComplexity="0" maxCrapScore="0" minCrapScore="0" visitedClasses="0" numClasses="0" visitedMethods="1" numMethods="1" />
              <MetadataToken>100664007</MetadataToken>
              <Name>System.Void UserAvatar.FinalCharacterController.PlayerControls/PlayerActionMapActions::SetCallbacks(UserAvatar.FinalCharacterController.PlayerControls/IPlayerActionMapActions)</Name>
              <FileRef uid="56" />
              <SequencePoints>
                <SequencePoint vc="2" uspid="13109" ordinal="0" offset="0" sl="879" sc="13" el="879" ec="13" bec="0" bev="0" fileid="56" />
                <SequencePoint vc="2" uspid="13110" ordinal="0" offset="1" sl="880" sc="17" el="880" ec="17" bec="0" bev="0" fileid="56" />
                <SequencePoint vc="2" uspid="13111" ordinal="0" offset="2" sl="880" sc="38" el="880" ec="38" bec="0" bev="0" fileid="56" />
                <SequencePoint vc="1" uspid="13112" ordinal="0" offset="21" sl="880" sc="26" el="880" ec="26" bec="0" bev="0" fileid="56" />
                <SequencePoint vc="1" uspid="13113" ordinal="0" offset="29" sl="881" sc="21" el="881" ec="21" bec="0" bev="0" fileid="56" />
                <SequencePoint vc="3" uspid="13114" ordinal="0" offset="37" sl="880" sc="35" el="880" ec="35" bec="0" bev="0" fileid="56" />
                <SequencePoint vc="2" uspid="13115" ordinal="0" offset="63" sl="882" sc="17" el="882" ec="17" bec="0" bev="0" fileid="56" />
                <SequencePoint vc="2" uspid="13116" ordinal="0" offset="80" sl="883" sc="17" el="883" ec="17" bec="0" bev="0" fileid="56" />
                <SequencePoint vc="2" uspid="13117" ordinal="0" offset="88" sl="884" sc="13" el="884" ec="13" bec="0" bev="0" fileid="56" />
              </SequencePoints>
              <BranchPoints />
            </Method>
            <Method visited="true" cyclomaticComplexity="0" nPathComplexity="0" sequenceCoverage="100.0" branchCoverage="0" crapScore="0" isConstructor="true" isStatic="false" isGetter="false" isSetter="false">
              <Summary numSequencePoints="3" visitedSequencePoints="3" numBranchPoints="0" visitedBranchPoints="0" sequenceCoverage="100.0" branchCoverage="0" maxCyclomaticComplexity="0" minCyclomaticComplexity="0" maxCrapScore="0" minCrapScore="0" visitedClasses="0" numClasses="0" visitedMethods="1" numMethods="1" />
              <MetadataToken>100663995</MetadataToken>
              <Name>UserAvatar.FinalCharacterController.PlayerControls/PlayerActionMapActions::PlayerActionMapActions(UserAvatar.FinalCharacterController.PlayerControls)</Name>
              <FileRef uid="56" />
              <SequencePoints>
                <SequencePoint vc="4" uspid="13118" ordinal="0" offset="0" sl="789" sc="68" el="789" ec="68" bec="0" bev="0" fileid="56" />
                <SequencePoint vc="4" uspid="13119" ordinal="0" offset="1" sl="789" sc="70" el="789" ec="70" bec="0" bev="0" fileid="56" />
                <SequencePoint vc="4" uspid="13120" ordinal="0" offset="8" sl="789" sc="91" el="789" ec="91" bec="0" bev="0" fileid="56" />
              </SequencePoints>
              <BranchPoints />
            </Method>
          </Methods>
        </Class>
      </Classes>
    </Module>
  </Modules>
</CoverageSession>