<?xml version="1.0" encoding="utf-8"?>
<CoverageSession xmlns:xsd="http://www.w3.org/2001/XMLSchema" xmlns:xsi="http://www.w3.org/2001/XMLSchema-instance" Version="0.0.0.0">
  <Summary numSequencePoints="805" visitedSequencePoints="0" numBranchPoints="0" visitedBranchPoints="0" sequenceCoverage="0.0" branchCoverage="0.0" maxCyclomaticComplexity="0" minCyclomaticComplexity="0" maxCrapScore="0" minCrapScore="0" visitedClasses="0" numClasses="22" visitedMethods="0" numMethods="166" />
  <Modules>
    <Module>
      <Summary numSequencePoints="805" visitedSequencePoints="0" numBranchPoints="0" visitedBranchPoints="0" sequenceCoverage="0.0" branchCoverage="0.0" maxCyclomaticComplexity="0" minCyclomaticComplexity="0" maxCrapScore="0" minCrapScore="0" visitedClasses="0" numClasses="22" visitedMethods="0" numMethods="166" />
      <ModuleTime>0001-01-01T00:00:00</ModuleTime>
      <ModuleName>Assembly-CSharp</ModuleName>
      <Files>
        <File uid="1" fullPath="C:/Users/Layan/Desktop/capstone-project/MathQuest-Capstone/Assets/Core/UserAvatar/FinalCharacterController/Scripts/AudioManager.cs" />
        <File uid="2" fullPath="C:/Users/Layan/Desktop/capstone-project/MathQuest-Capstone/Assets/Core/UserAvatar/FinalCharacterController/Scripts/Interactor.cs" />
        <File uid="3" fullPath="C:/Users/Layan/Desktop/capstone-project/MathQuest-Capstone/Assets/Core/UserAvatar/FinalCharacterController/Scripts/MainMenu.cs" />
        <File uid="4" fullPath="C:/Users/Layan/Desktop/capstone-project/MathQuest-Capstone/Assets/Core/UserAvatar/FinalCharacterController/Scripts/NumberGenerator.cs" />
        <File uid="5" fullPath="C:/Users/Layan/Desktop/capstone-project/MathQuest-Capstone/Assets/Core/UserAvatar/FinalCharacterController/Scripts/Quest3DTransition.cs" />
        <File uid="6" fullPath="C:/Users/Layan/Desktop/capstone-project/MathQuest-Capstone/Assets/Core/UserAvatar/FinalCharacterController/Scripts/QuestManager.cs" />
        <File uid="7" fullPath="C:/Users/Layan/Desktop/capstone-project/MathQuest-Capstone/Assets/Core/UserAvatar/FinalCharacterController/Scripts/VolumeControl.cs" />
        <File uid="8" fullPath="C:/Users/Layan/Desktop/capstone-project/MathQuest-Capstone/Assets/Core/UserAvatar/FinalCharacterController/Input/PlayerControls.cs" />
        <File uid="9" fullPath="C:/Users/Layan/Desktop/capstone-project/MathQuest-Capstone/Assets/Core/UserAvatar/FinalCharacterController/Scripts/CharacterControllerUtils.cs" />
        <File uid="10" fullPath="C:/Users/Layan/Desktop/capstone-project/MathQuest-Capstone/Assets/Core/UserAvatar/FinalCharacterController/Scripts/Input/PlayerInputManager.cs" />
        <File uid="11" fullPath="C:/Users/Layan/Desktop/capstone-project/MathQuest-Capstone/Assets/Core/UserAvatar/FinalCharacterController/Scripts/Input/PlayerInteractInput.cs" />
        <File uid="12" fullPath="C:/Users/Layan/Desktop/capstone-project/MathQuest-Capstone/Assets/Core/UserAvatar/FinalCharacterController/Scripts/Input/PlayerLocomotionInput.cs" />
        <File uid="13" fullPath="C:/Users/Layan/Desktop/capstone-project/MathQuest-Capstone/Assets/Core/UserAvatar/FinalCharacterController/Scripts/Input/ThirdPersonInput.cs" />
        <File uid="14" fullPath="C:/Users/Layan/Desktop/capstone-project/MathQuest-Capstone/Assets/Core/UserAvatar/FinalCharacterController/Scripts/PlayerAnimation.cs" />
        <File uid="15" fullPath="C:/Users/Layan/Desktop/capstone-project/MathQuest-Capstone/Assets/Core/UserAvatar/FinalCharacterController/Scripts/PlayerController.cs" />
        <File uid="16" fullPath="C:/Users/Layan/Desktop/capstone-project/MathQuest-Capstone/Assets/Core/UserAvatar/FinalCharacterController/Scripts/PlayerState.cs" />
      </Files>
      <Classes>
        <Class>
          <Summary numSequencePoints="33" visitedSequencePoints="0" numBranchPoints="0" visitedBranchPoints="0" sequenceCoverage="0.0" branchCoverage="0.0" maxCyclomaticComplexity="0" minCyclomaticComplexity="0" maxCrapScore="0" minCrapScore="0" visitedClasses="0" numClasses="1" visitedMethods="0" numMethods="5" />
          <FullName>AudioManager</FullName>
          <Methods>
            <Method visited="false" cyclomaticComplexity="0" nPathComplexity="0" sequenceCoverage="0.0" branchCoverage="0" crapScore="0" isConstructor="false" isStatic="false" isGetter="false" isSetter="false">
              <Summary numSequencePoints="14" visitedSequencePoints="0" numBranchPoints="0" visitedBranchPoints="0" sequenceCoverage="0.0" branchCoverage="0" maxCyclomaticComplexity="0" minCyclomaticComplexity="0" maxCrapScore="0" minCrapScore="0" visitedClasses="0" numClasses="0" visitedMethods="0" numMethods="1" />
              <MetadataToken>100663303</MetadataToken>
              <Name>System.Void AudioManager::Awake()</Name>
              <FileRef uid="1" />
              <SequencePoints>
                <SequencePoint vc="0" uspid="2297" ordinal="0" offset="0" sl="13" sc="5" el="13" ec="5" bec="0" bev="0" fileid="1" />
                <SequencePoint vc="0" uspid="2298" ordinal="0" offset="1" sl="15" sc="9" el="15" ec="9" bec="0" bev="0" fileid="1" />
                <SequencePoint vc="0" uspid="2299" ordinal="0" offset="16" sl="16" sc="9" el="16" ec="9" bec="0" bev="0" fileid="1" />
                <SequencePoint vc="0" uspid="2300" ordinal="0" offset="17" sl="18" sc="13" el="18" ec="13" bec="0" bev="0" fileid="1" />
                <SequencePoint vc="0" uspid="2301" ordinal="0" offset="23" sl="19" sc="13" el="19" ec="13" bec="0" bev="0" fileid="1" />
                <SequencePoint vc="0" uspid="2302" ordinal="0" offset="35" sl="20" sc="9" el="20" ec="9" bec="0" bev="0" fileid="1" />
                <SequencePoint vc="0" uspid="2303" ordinal="0" offset="38" sl="22" sc="9" el="22" ec="9" bec="0" bev="0" fileid="1" />
                <SequencePoint vc="0" uspid="2304" ordinal="0" offset="39" sl="24" sc="13" el="24" ec="13" bec="0" bev="0" fileid="1" />
                <SequencePoint vc="0" uspid="2305" ordinal="0" offset="51" sl="25" sc="9" el="25" ec="9" bec="0" bev="0" fileid="1" />
                <SequencePoint vc="0" uspid="2306" ordinal="0" offset="52" sl="27" sc="9" el="27" ec="9" bec="0" bev="0" fileid="1" />
                <SequencePoint vc="0" uspid="2307" ordinal="0" offset="68" sl="28" sc="9" el="28" ec="9" bec="0" bev="0" fileid="1" />
                <SequencePoint vc="0" uspid="2308" ordinal="0" offset="69" sl="29" sc="13" el="29" ec="13" bec="0" bev="0" fileid="1" />
                <SequencePoint vc="0" uspid="2309" ordinal="0" offset="81" sl="30" sc="9" el="30" ec="9" bec="0" bev="0" fileid="1" />
                <SequencePoint vc="0" uspid="2310" ordinal="0" offset="82" sl="31" sc="5" el="31" ec="5" bec="0" bev="0" fileid="1" />
              </SequencePoints>
              <BranchPoints />
            </Method>
            <Method visited="false" cyclomaticComplexity="0" nPathComplexity="0" sequenceCoverage="0.0" branchCoverage="0" crapScore="0" isConstructor="false" isStatic="false" isGetter="false" isSetter="false">
              <Summary numSequencePoints="9" visitedSequencePoints="0" numBranchPoints="0" visitedBranchPoints="0" sequenceCoverage="0.0" branchCoverage="0" maxCyclomaticComplexity="0" minCyclomaticComplexity="0" maxCrapScore="0" minCrapScore="0" visitedClasses="0" numClasses="0" visitedMethods="0" numMethods="1" />
              <MetadataToken>100663304</MetadataToken>
              <Name>System.Void AudioManager::StopMusic()</Name>
              <FileRef uid="1" />
              <SequencePoints>
                <SequencePoint vc="0" uspid="2311" ordinal="0" offset="0" sl="34" sc="5" el="34" ec="5" bec="0" bev="0" fileid="1" />
                <SequencePoint vc="0" uspid="2312" ordinal="0" offset="1" sl="35" sc="9" el="35" ec="9" bec="0" bev="0" fileid="1" />
                <SequencePoint vc="0" uspid="2313" ordinal="0" offset="33" sl="36" sc="9" el="36" ec="9" bec="0" bev="0" fileid="1" />
                <SequencePoint vc="0" uspid="2314" ordinal="0" offset="34" sl="37" sc="13" el="37" ec="13" bec="0" bev="0" fileid="1" />
                <SequencePoint vc="0" uspid="2315" ordinal="0" offset="46" sl="38" sc="9" el="38" ec="9" bec="0" bev="0" fileid="1" />
                <SequencePoint vc="0" uspid="2316" ordinal="0" offset="49" sl="40" sc="9" el="40" ec="9" bec="0" bev="0" fileid="1" />
                <SequencePoint vc="0" uspid="2317" ordinal="0" offset="50" sl="41" sc="13" el="41" ec="13" bec="0" bev="0" fileid="1" />
                <SequencePoint vc="0" uspid="2318" ordinal="0" offset="61" sl="42" sc="9" el="42" ec="9" bec="0" bev="0" fileid="1" />
                <SequencePoint vc="0" uspid="2319" ordinal="0" offset="62" sl="43" sc="5" el="43" ec="5" bec="0" bev="0" fileid="1" />
              </SequencePoints>
              <BranchPoints />
            </Method>
            <Method visited="false" cyclomaticComplexity="0" nPathComplexity="0" sequenceCoverage="0.0" branchCoverage="0" crapScore="0" isConstructor="false" isStatic="false" isGetter="false" isSetter="false">
              <Summary numSequencePoints="4" visitedSequencePoints="0" numBranchPoints="0" visitedBranchPoints="0" sequenceCoverage="0.0" branchCoverage="0" maxCyclomaticComplexity="0" minCyclomaticComplexity="0" maxCrapScore="0" minCrapScore="0" visitedClasses="0" numClasses="0" visitedMethods="0" numMethods="1" />
              <MetadataToken>100663305</MetadataToken>
              <Name>System.Void AudioManager::SetMusicVolume(System.Single)</Name>
              <FileRef uid="1" />
              <SequencePoints>
                <SequencePoint vc="0" uspid="2320" ordinal="0" offset="0" sl="46" sc="0" el="46" ec="0" bec="0" bev="0" fileid="1" />
                <SequencePoint vc="0" uspid="2321" ordinal="0" offset="1" sl="48" sc="0" el="48" ec="0" bec="0" bev="0" fileid="1" />
                <SequencePoint vc="0" uspid="2322" ordinal="0" offset="29" sl="49" sc="0" el="49" ec="0" bec="0" bev="0" fileid="1" />
                <SequencePoint vc="0" uspid="2323" ordinal="0" offset="48" sl="50" sc="0" el="50" ec="0" bec="0" bev="0" fileid="1" />
              </SequencePoints>
              <BranchPoints />
            </Method>
            <Method visited="false" cyclomaticComplexity="0" nPathComplexity="0" sequenceCoverage="0.0" branchCoverage="0" crapScore="0" isConstructor="false" isStatic="false" isGetter="false" isSetter="false">
              <Summary numSequencePoints="4" visitedSequencePoints="0" numBranchPoints="0" visitedBranchPoints="0" sequenceCoverage="0.0" branchCoverage="0" maxCyclomaticComplexity="0" minCyclomaticComplexity="0" maxCrapScore="0" minCrapScore="0" visitedClasses="0" numClasses="0" visitedMethods="0" numMethods="1" />
              <MetadataToken>100663306</MetadataToken>
              <Name>System.Void AudioManager::SetSFXVolume(System.Single)</Name>
              <FileRef uid="1" />
              <SequencePoints>
                <SequencePoint vc="0" uspid="2324" ordinal="0" offset="0" sl="53" sc="0" el="53" ec="0" bec="0" bev="0" fileid="1" />
                <SequencePoint vc="0" uspid="2325" ordinal="0" offset="1" sl="55" sc="0" el="55" ec="0" bec="0" bev="0" fileid="1" />
                <SequencePoint vc="0" uspid="2326" ordinal="0" offset="29" sl="56" sc="0" el="56" ec="0" bec="0" bev="0" fileid="1" />
                <SequencePoint vc="0" uspid="2327" ordinal="0" offset="48" sl="57" sc="0" el="57" ec="0" bec="0" bev="0" fileid="1" />
              </SequencePoints>
              <BranchPoints />
            </Method>
            <Method visited="false" cyclomaticComplexity="0" nPathComplexity="0" sequenceCoverage="0.0" branchCoverage="0" crapScore="0" isConstructor="true" isStatic="false" isGetter="false" isSetter="false">
              <Summary numSequencePoints="2" visitedSequencePoints="0" numBranchPoints="0" visitedBranchPoints="0" sequenceCoverage="0.0" branchCoverage="0" maxCyclomaticComplexity="0" minCyclomaticComplexity="0" maxCrapScore="0" minCrapScore="0" visitedClasses="0" numClasses="0" visitedMethods="0" numMethods="1" />
              <MetadataToken>100663307</MetadataToken>
              <Name>AudioManager::AudioManager()</Name>
              <FileRef uid="1" />
              <SequencePoints>
                <SequencePoint vc="0" uspid="2328" ordinal="0" offset="0" sl="8" sc="5" el="8" ec="5" bec="0" bev="0" fileid="1" />
                <SequencePoint vc="0" uspid="2329" ordinal="0" offset="11" sl="9" sc="5" el="9" ec="5" bec="0" bev="0" fileid="1" />
              </SequencePoints>
              <BranchPoints />
            </Method>
          </Methods>
        </Class>
        <Class>
          <Summary numSequencePoints="15" visitedSequencePoints="0" numBranchPoints="0" visitedBranchPoints="0" sequenceCoverage="0.0" branchCoverage="0.0" maxCyclomaticComplexity="0" minCyclomaticComplexity="0" maxCrapScore="0" minCrapScore="0" visitedClasses="0" numClasses="1" visitedMethods="0" numMethods="2" />
          <FullName>Interactor</FullName>
          <Methods>
            <Method visited="false" cyclomaticComplexity="0" nPathComplexity="0" sequenceCoverage="0.0" branchCoverage="0" crapScore="0" isConstructor="false" isStatic="false" isGetter="false" isSetter="false">
              <Summary numSequencePoints="13" visitedSequencePoints="0" numBranchPoints="0" visitedBranchPoints="0" sequenceCoverage="0.0" branchCoverage="0" maxCyclomaticComplexity="0" minCyclomaticComplexity="0" maxCrapScore="0" minCrapScore="0" visitedClasses="0" numClasses="0" visitedMethods="0" numMethods="1" />
              <MetadataToken>100663309</MetadataToken>
              <Name>System.Boolean Interactor::TryInteract()</Name>
              <FileRef uid="2" />
              <SequencePoints>
                <SequencePoint vc="0" uspid="2330" ordinal="0" offset="0" sl="10" sc="0" el="10" ec="0" bec="0" bev="0" fileid="2" />
                <SequencePoint vc="0" uspid="2331" ordinal="0" offset="1" sl="11" sc="0" el="11" ec="0" bec="0" bev="0" fileid="2" />
                <SequencePoint vc="0" uspid="2332" ordinal="0" offset="19" sl="11" sc="0" el="11" ec="0" bec="0" bev="0" fileid="2" />
                <SequencePoint vc="0" uspid="2333" ordinal="0" offset="23" sl="13" sc="0" el="13" ec="0" bec="0" bev="0" fileid="2" />
                <SequencePoint vc="0" uspid="2334" ordinal="0" offset="52" sl="15" sc="0" el="15" ec="0" bec="0" bev="0" fileid="2" />
                <SequencePoint vc="0" uspid="2335" ordinal="0" offset="84" sl="16" sc="0" el="16" ec="0" bec="0" bev="0" fileid="2" />
                <SequencePoint vc="0" uspid="2336" ordinal="0" offset="85" sl="17" sc="0" el="17" ec="0" bec="0" bev="0" fileid="2" />
                <SequencePoint vc="0" uspid="2337" ordinal="0" offset="110" sl="18" sc="0" el="18" ec="0" bec="0" bev="0" fileid="2" />
                <SequencePoint vc="0" uspid="2338" ordinal="0" offset="111" sl="19" sc="0" el="19" ec="0" bec="0" bev="0" fileid="2" />
                <SequencePoint vc="0" uspid="2339" ordinal="0" offset="119" sl="20" sc="0" el="20" ec="0" bec="0" bev="0" fileid="2" />
                <SequencePoint vc="0" uspid="2340" ordinal="0" offset="123" sl="22" sc="0" el="22" ec="0" bec="0" bev="0" fileid="2" />
                <SequencePoint vc="0" uspid="2341" ordinal="0" offset="124" sl="23" sc="0" el="23" ec="0" bec="0" bev="0" fileid="2" />
                <SequencePoint vc="0" uspid="2342" ordinal="0" offset="128" sl="24" sc="0" el="24" ec="0" bec="0" bev="0" fileid="2" />
              </SequencePoints>
              <BranchPoints />
            </Method>
            <Method visited="false" cyclomaticComplexity="0" nPathComplexity="0" sequenceCoverage="0.0" branchCoverage="0" crapScore="0" isConstructor="true" isStatic="false" isGetter="false" isSetter="false">
              <Summary numSequencePoints="2" visitedSequencePoints="0" numBranchPoints="0" visitedBranchPoints="0" sequenceCoverage="0.0" branchCoverage="0" maxCyclomaticComplexity="0" minCyclomaticComplexity="0" maxCrapScore="0" minCrapScore="0" visitedClasses="0" numClasses="0" visitedMethods="0" numMethods="1" />
              <MetadataToken>100663310</MetadataToken>
              <Name>Interactor::Interactor()</Name>
              <FileRef uid="2" />
              <SequencePoints>
                <SequencePoint vc="0" uspid="2343" ordinal="0" offset="0" sl="6" sc="5" el="6" ec="5" bec="0" bev="0" fileid="2" />
                <SequencePoint vc="0" uspid="2344" ordinal="0" offset="11" sl="7" sc="5" el="7" ec="5" bec="0" bev="0" fileid="2" />
              </SequencePoints>
              <BranchPoints />
            </Method>
          </Methods>
        </Class>
        <Class>
          <Summary numSequencePoints="27" visitedSequencePoints="0" numBranchPoints="0" visitedBranchPoints="0" sequenceCoverage="0.0" branchCoverage="0.0" maxCyclomaticComplexity="0" minCyclomaticComplexity="0" maxCrapScore="0" minCrapScore="0" visitedClasses="0" numClasses="1" visitedMethods="0" numMethods="6" />
          <FullName>MainMenu</FullName>
          <Methods>
            <Method visited="false" cyclomaticComplexity="0" nPathComplexity="0" sequenceCoverage="0.0" branchCoverage="0" crapScore="0" isConstructor="false" isStatic="false" isGetter="false" isSetter="false">
              <Summary numSequencePoints="7" visitedSequencePoints="0" numBranchPoints="0" visitedBranchPoints="0" sequenceCoverage="0.0" branchCoverage="0" maxCyclomaticComplexity="0" minCyclomaticComplexity="0" maxCrapScore="0" minCrapScore="0" visitedClasses="0" numClasses="0" visitedMethods="0" numMethods="1" />
              <MetadataToken>100663311</MetadataToken>
              <Name>System.Void MainMenu::LoadQuests()</Name>
              <FileRef uid="3" />
              <SequencePoints>
                <SequencePoint vc="0" uspid="2345" ordinal="0" offset="0" sl="7" sc="5" el="7" ec="5" bec="0" bev="0" fileid="3" />
                <SequencePoint vc="0" uspid="2346" ordinal="0" offset="1" sl="9" sc="9" el="9" ec="9" bec="0" bev="0" fileid="3" />
                <SequencePoint vc="0" uspid="2347" ordinal="0" offset="16" sl="10" sc="9" el="10" ec="9" bec="0" bev="0" fileid="3" />
                <SequencePoint vc="0" uspid="2348" ordinal="0" offset="17" sl="11" sc="13" el="11" ec="13" bec="0" bev="0" fileid="3" />
                <SequencePoint vc="0" uspid="2349" ordinal="0" offset="33" sl="12" sc="9" el="12" ec="9" bec="0" bev="0" fileid="3" />
                <SequencePoint vc="0" uspid="2350" ordinal="0" offset="34" sl="14" sc="9" el="14" ec="9" bec="0" bev="0" fileid="3" />
                <SequencePoint vc="0" uspid="2351" ordinal="0" offset="41" sl="15" sc="5" el="15" ec="5" bec="0" bev="0" fileid="3" />
              </SequencePoints>
              <BranchPoints />
            </Method>
            <Method visited="false" cyclomaticComplexity="0" nPathComplexity="0" sequenceCoverage="0.0" branchCoverage="0" crapScore="0" isConstructor="false" isStatic="false" isGetter="false" isSetter="false">
              <Summary numSequencePoints="3" visitedSequencePoints="0" numBranchPoints="0" visitedBranchPoints="0" sequenceCoverage="0.0" branchCoverage="0" maxCyclomaticComplexity="0" minCyclomaticComplexity="0" maxCrapScore="0" minCrapScore="0" visitedClasses="0" numClasses="0" visitedMethods="0" numMethods="1" />
              <MetadataToken>100663312</MetadataToken>
              <Name>System.Void MainMenu::LoadProfile()</Name>
              <FileRef uid="3" />
              <SequencePoints>
                <SequencePoint vc="0" uspid="2352" ordinal="0" offset="0" sl="18" sc="5" el="18" ec="5" bec="0" bev="0" fileid="3" />
                <SequencePoint vc="0" uspid="2353" ordinal="0" offset="1" sl="19" sc="9" el="19" ec="9" bec="0" bev="0" fileid="3" />
                <SequencePoint vc="0" uspid="2354" ordinal="0" offset="8" sl="20" sc="5" el="20" ec="5" bec="0" bev="0" fileid="3" />
              </SequencePoints>
              <BranchPoints />
            </Method>
            <Method visited="false" cyclomaticComplexity="0" nPathComplexity="0" sequenceCoverage="0.0" branchCoverage="0" crapScore="0" isConstructor="false" isStatic="false" isGetter="false" isSetter="false">
              <Summary numSequencePoints="3" visitedSequencePoints="0" numBranchPoints="0" visitedBranchPoints="0" sequenceCoverage="0.0" branchCoverage="0" maxCyclomaticComplexity="0" minCyclomaticComplexity="0" maxCrapScore="0" minCrapScore="0" visitedClasses="0" numClasses="0" visitedMethods="0" numMethods="1" />
              <MetadataToken>100663313</MetadataToken>
              <Name>System.Void MainMenu::LoadSettings()</Name>
              <FileRef uid="3" />
              <SequencePoints>
                <SequencePoint vc="0" uspid="2355" ordinal="0" offset="0" sl="23" sc="5" el="23" ec="5" bec="0" bev="0" fileid="3" />
                <SequencePoint vc="0" uspid="2356" ordinal="0" offset="1" sl="24" sc="9" el="24" ec="9" bec="0" bev="0" fileid="3" />
                <SequencePoint vc="0" uspid="2357" ordinal="0" offset="8" sl="25" sc="5" el="25" ec="5" bec="0" bev="0" fileid="3" />
              </SequencePoints>
              <BranchPoints />
            </Method>
            <Method visited="false" cyclomaticComplexity="0" nPathComplexity="0" sequenceCoverage="0.0" branchCoverage="0" crapScore="0" isConstructor="false" isStatic="false" isGetter="false" isSetter="false">
              <Summary numSequencePoints="7" visitedSequencePoints="0" numBranchPoints="0" visitedBranchPoints="0" sequenceCoverage="0.0" branchCoverage="0" maxCyclomaticComplexity="0" minCyclomaticComplexity="0" maxCrapScore="0" minCrapScore="0" visitedClasses="0" numClasses="0" visitedMethods="0" numMethods="1" />
              <MetadataToken>100663314</MetadataToken>
              <Name>System.Void MainMenu::BackToMainMenu()</Name>
              <FileRef uid="3" />
              <SequencePoints>
                <SequencePoint vc="0" uspid="2358" ordinal="0" offset="0" sl="28" sc="5" el="28" ec="5" bec="0" bev="0" fileid="3" />
                <SequencePoint vc="0" uspid="2359" ordinal="0" offset="1" sl="30" sc="9" el="30" ec="9" bec="0" bev="0" fileid="3" />
                <SequencePoint vc="0" uspid="2360" ordinal="0" offset="16" sl="31" sc="9" el="31" ec="9" bec="0" bev="0" fileid="3" />
                <SequencePoint vc="0" uspid="2361" ordinal="0" offset="17" sl="32" sc="13" el="32" ec="13" bec="0" bev="0" fileid="3" />
                <SequencePoint vc="0" uspid="2362" ordinal="0" offset="33" sl="33" sc="9" el="33" ec="9" bec="0" bev="0" fileid="3" />
                <SequencePoint vc="0" uspid="2363" ordinal="0" offset="34" sl="34" sc="9" el="34" ec="9" bec="0" bev="0" fileid="3" />
                <SequencePoint vc="0" uspid="2364" ordinal="0" offset="41" sl="35" sc="5" el="35" ec="5" bec="0" bev="0" fileid="3" />
              </SequencePoints>
              <BranchPoints />
            </Method>
            <Method visited="false" cyclomaticComplexity="0" nPathComplexity="0" sequenceCoverage="0.0" branchCoverage="0" crapScore="0" isConstructor="false" isStatic="false" isGetter="false" isSetter="false">
              <Summary numSequencePoints="4" visitedSequencePoints="0" numBranchPoints="0" visitedBranchPoints="0" sequenceCoverage="0.0" branchCoverage="0" maxCyclomaticComplexity="0" minCyclomaticComplexity="0" maxCrapScore="0" minCrapScore="0" visitedClasses="0" numClasses="0" visitedMethods="0" numMethods="1" />
              <MetadataToken>100663315</MetadataToken>
              <Name>System.Void MainMenu::LoadGame()</Name>
              <FileRef uid="3" />
              <SequencePoints>
                <SequencePoint vc="0" uspid="2365" ordinal="0" offset="0" sl="38" sc="5" el="38" ec="5" bec="0" bev="0" fileid="3" />
                <SequencePoint vc="0" uspid="2366" ordinal="0" offset="1" sl="39" sc="9" el="39" ec="9" bec="0" bev="0" fileid="3" />
                <SequencePoint vc="0" uspid="2367" ordinal="0" offset="12" sl="40" sc="9" el="40" ec="9" bec="0" bev="0" fileid="3" />
                <SequencePoint vc="0" uspid="2368" ordinal="0" offset="19" sl="41" sc="5" el="41" ec="5" bec="0" bev="0" fileid="3" />
              </SequencePoints>
              <BranchPoints />
            </Method>
            <Method visited="false" cyclomaticComplexity="0" nPathComplexity="0" sequenceCoverage="0.0" branchCoverage="0" crapScore="0" isConstructor="false" isStatic="false" isGetter="false" isSetter="false">
              <Summary numSequencePoints="3" visitedSequencePoints="0" numBranchPoints="0" visitedBranchPoints="0" sequenceCoverage="0.0" branchCoverage="0" maxCyclomaticComplexity="0" minCyclomaticComplexity="0" maxCrapScore="0" minCrapScore="0" visitedClasses="0" numClasses="0" visitedMethods="0" numMethods="1" />
              <MetadataToken>100663316</MetadataToken>
              <Name>System.Void MainMenu::QuitGame()</Name>
              <FileRef uid="3" />
              <SequencePoints>
                <SequencePoint vc="0" uspid="2369" ordinal="0" offset="0" sl="45" sc="5" el="45" ec="5" bec="0" bev="0" fileid="3" />
                <SequencePoint vc="0" uspid="2370" ordinal="0" offset="1" sl="46" sc="9" el="46" ec="9" bec="0" bev="0" fileid="3" />
                <SequencePoint vc="0" uspid="2371" ordinal="0" offset="7" sl="47" sc="5" el="47" ec="5" bec="0" bev="0" fileid="3" />
              </SequencePoints>
              <BranchPoints />
            </Method>
          </Methods>
        </Class>
        <Class>
          <Summary numSequencePoints="3" visitedSequencePoints="0" numBranchPoints="0" visitedBranchPoints="0" sequenceCoverage="0.0" branchCoverage="0.0" maxCyclomaticComplexity="0" minCyclomaticComplexity="0" maxCrapScore="0" minCrapScore="0" visitedClasses="0" numClasses="1" visitedMethods="0" numMethods="1" />
          <FullName>NumberGenerator</FullName>
          <Methods>
            <Method visited="false" cyclomaticComplexity="0" nPathComplexity="0" sequenceCoverage="0.0" branchCoverage="0" crapScore="0" isConstructor="false" isStatic="false" isGetter="false" isSetter="false">
              <Summary numSequencePoints="3" visitedSequencePoints="0" numBranchPoints="0" visitedBranchPoints="0" sequenceCoverage="0.0" branchCoverage="0" maxCyclomaticComplexity="0" minCyclomaticComplexity="0" maxCrapScore="0" minCrapScore="0" visitedClasses="0" numClasses="0" visitedMethods="0" numMethods="1" />
              <MetadataToken>100663318</MetadataToken>
              <Name>System.Void NumberGenerator::Interact()</Name>
              <FileRef uid="4" />
              <SequencePoints>
                <SequencePoint vc="0" uspid="2372" ordinal="0" offset="0" sl="6" sc="0" el="6" ec="0" bec="0" bev="0" fileid="4" />
                <SequencePoint vc="0" uspid="2373" ordinal="0" offset="1" sl="7" sc="0" el="7" ec="0" bec="0" bev="0" fileid="4" />
                <SequencePoint vc="0" uspid="2374" ordinal="0" offset="20" sl="8" sc="0" el="8" ec="0" bec="0" bev="0" fileid="4" />
              </SequencePoints>
              <BranchPoints />
            </Method>
          </Methods>
        </Class>
        <Class>
          <Summary numSequencePoints="20" visitedSequencePoints="0" numBranchPoints="0" visitedBranchPoints="0" sequenceCoverage="0.0" branchCoverage="0.0" maxCyclomaticComplexity="0" minCyclomaticComplexity="0" maxCrapScore="0" minCrapScore="0" visitedClasses="0" numClasses="1" visitedMethods="0" numMethods="2" />
          <FullName>Quest3DTransition</FullName>
          <Methods>
            <Method visited="false" cyclomaticComplexity="0" nPathComplexity="0" sequenceCoverage="0.0" branchCoverage="0" crapScore="0" isConstructor="false" isStatic="false" isGetter="false" isSetter="false">
              <Summary numSequencePoints="14" visitedSequencePoints="0" numBranchPoints="0" visitedBranchPoints="0" sequenceCoverage="0.0" branchCoverage="0" maxCyclomaticComplexity="0" minCyclomaticComplexity="0" maxCrapScore="0" minCrapScore="0" visitedClasses="0" numClasses="0" visitedMethods="0" numMethods="1" />
              <MetadataToken>100663321</MetadataToken>
              <Name>System.Void Quest3DTransition::TransitionBetweenPanels(UnityEngine.RectTransform, UnityEngine.RectTransform, System.Boolean, System.Action)</Name>
              <FileRef uid="5" />
              <SequencePoints>
                <SequencePoint vc="0" uspid="2375" ordinal="0" offset="14" sl="32" sc="0" el="32" ec="0" bec="0" bev="0" fileid="5" />
                <SequencePoint vc="0" uspid="2376" ordinal="0" offset="15" sl="34" sc="0" el="34" ec="0" bec="0" bev="0" fileid="5" />
                <SequencePoint vc="0" uspid="2377" ordinal="0" offset="28" sl="36" sc="0" el="36" ec="0" bec="0" bev="0" fileid="5" />
                <SequencePoint vc="0" uspid="2378" ordinal="0" offset="33" sl="37" sc="0" el="37" ec="0" bec="0" bev="0" fileid="5" />
                <SequencePoint vc="0" uspid="2379" ordinal="0" offset="34" sl="39" sc="0" el="39" ec="0" bec="0" bev="0" fileid="5" />
                <SequencePoint vc="0" uspid="2380" ordinal="0" offset="47" sl="41" sc="0" el="41" ec="0" bec="0" bev="0" fileid="5" />
                <SequencePoint vc="0" uspid="2381" ordinal="0" offset="67" sl="43" sc="0" el="43" ec="0" bec="0" bev="0" fileid="5" />
                <SequencePoint vc="0" uspid="2382" ordinal="0" offset="104" sl="47" sc="0" el="47" ec="0" bec="0" bev="0" fileid="5" />
                <SequencePoint vc="0" uspid="2383" ordinal="0" offset="107" sl="49" sc="0" el="49" ec="0" bec="0" bev="0" fileid="5" />
                <SequencePoint vc="0" uspid="2384" ordinal="0" offset="108" sl="51" sc="0" el="51" ec="0" bec="0" bev="0" fileid="5" />
                <SequencePoint vc="0" uspid="2385" ordinal="0" offset="121" sl="53" sc="0" el="53" ec="0" bec="0" bev="0" fileid="5" />
                <SequencePoint vc="0" uspid="2386" ordinal="0" offset="141" sl="55" sc="0" el="55" ec="0" bec="0" bev="0" fileid="5" />
                <SequencePoint vc="0" uspid="2387" ordinal="0" offset="178" sl="59" sc="0" el="59" ec="0" bec="0" bev="0" fileid="5" />
                <SequencePoint vc="0" uspid="2388" ordinal="0" offset="179" sl="60" sc="0" el="60" ec="0" bec="0" bev="0" fileid="5" />
              </SequencePoints>
              <BranchPoints />
            </Method>
            <Method visited="false" cyclomaticComplexity="0" nPathComplexity="0" sequenceCoverage="0.0" branchCoverage="0" crapScore="0" isConstructor="true" isStatic="false" isGetter="false" isSetter="false">
              <Summary numSequencePoints="6" visitedSequencePoints="0" numBranchPoints="0" visitedBranchPoints="0" sequenceCoverage="0.0" branchCoverage="0" maxCyclomaticComplexity="0" minCyclomaticComplexity="0" maxCrapScore="0" minCrapScore="0" visitedClasses="0" numClasses="0" visitedMethods="0" numMethods="1" />
              <MetadataToken>100663322</MetadataToken>
              <Name>Quest3DTransition::Quest3DTransition()</Name>
              <FileRef uid="5" />
              <SequencePoints>
                <SequencePoint vc="0" uspid="2389" ordinal="0" offset="0" sl="8" sc="5" el="8" ec="5" bec="0" bev="0" fileid="5" />
                <SequencePoint vc="0" uspid="2390" ordinal="0" offset="11" sl="10" sc="5" el="10" ec="5" bec="0" bev="0" fileid="5" />
                <SequencePoint vc="0" uspid="2391" ordinal="0" offset="37" sl="14" sc="5" el="14" ec="5" bec="0" bev="0" fileid="5" />
                <SequencePoint vc="0" uspid="2392" ordinal="0" offset="63" sl="16" sc="5" el="16" ec="5" bec="0" bev="0" fileid="5" />
                <SequencePoint vc="0" uspid="2393" ordinal="0" offset="89" sl="20" sc="5" el="20" ec="5" bec="0" bev="0" fileid="5" />
                <SequencePoint vc="0" uspid="2394" ordinal="0" offset="115" sl="22" sc="5" el="22" ec="5" bec="0" bev="0" fileid="5" />
              </SequencePoints>
              <BranchPoints />
            </Method>
          </Methods>
        </Class>
        <Class>
          <Summary numSequencePoints="63" visitedSequencePoints="0" numBranchPoints="0" visitedBranchPoints="0" sequenceCoverage="0.0" branchCoverage="0.0" maxCyclomaticComplexity="0" minCyclomaticComplexity="0" maxCrapScore="0" minCrapScore="0" visitedClasses="0" numClasses="1" visitedMethods="0" numMethods="6" />
          <FullName>QuestManager</FullName>
          <Methods>
            <Method visited="false" cyclomaticComplexity="0" nPathComplexity="0" sequenceCoverage="0.0" branchCoverage="0" crapScore="0" isConstructor="false" isStatic="false" isGetter="false" isSetter="false">
              <Summary numSequencePoints="10" visitedSequencePoints="0" numBranchPoints="0" visitedBranchPoints="0" sequenceCoverage="0.0" branchCoverage="0" maxCyclomaticComplexity="0" minCyclomaticComplexity="0" maxCrapScore="0" minCrapScore="0" visitedClasses="0" numClasses="0" visitedMethods="0" numMethods="1" />
              <MetadataToken>100663323</MetadataToken>
              <Name>System.Void QuestManager::Awake()</Name>
              <FileRef uid="6" />
              <SequencePoints>
                <SequencePoint vc="0" uspid="2395" ordinal="0" offset="0" sl="35" sc="5" el="35" ec="5" bec="0" bev="0" fileid="6" />
                <SequencePoint vc="0" uspid="2396" ordinal="0" offset="1" sl="36" sc="9" el="36" ec="9" bec="0" bev="0" fileid="6" />
                <SequencePoint vc="0" uspid="2397" ordinal="0" offset="16" sl="37" sc="9" el="37" ec="9" bec="0" bev="0" fileid="6" />
                <SequencePoint vc="0" uspid="2398" ordinal="0" offset="17" sl="38" sc="13" el="38" ec="13" bec="0" bev="0" fileid="6" />
                <SequencePoint vc="0" uspid="2399" ordinal="0" offset="23" sl="39" sc="13" el="39" ec="13" bec="0" bev="0" fileid="6" />
                <SequencePoint vc="0" uspid="2400" ordinal="0" offset="35" sl="40" sc="9" el="40" ec="9" bec="0" bev="0" fileid="6" />
                <SequencePoint vc="0" uspid="2401" ordinal="0" offset="38" sl="42" sc="9" el="42" ec="9" bec="0" bev="0" fileid="6" />
                <SequencePoint vc="0" uspid="2402" ordinal="0" offset="39" sl="43" sc="13" el="43" ec="13" bec="0" bev="0" fileid="6" />
                <SequencePoint vc="0" uspid="2403" ordinal="0" offset="51" sl="44" sc="9" el="44" ec="9" bec="0" bev="0" fileid="6" />
                <SequencePoint vc="0" uspid="2404" ordinal="0" offset="52" sl="45" sc="5" el="45" ec="5" bec="0" bev="0" fileid="6" />
              </SequencePoints>
              <BranchPoints />
            </Method>
            <Method visited="false" cyclomaticComplexity="0" nPathComplexity="0" sequenceCoverage="0.0" branchCoverage="0" crapScore="0" isConstructor="false" isStatic="false" isGetter="false" isSetter="false">
              <Summary numSequencePoints="23" visitedSequencePoints="0" numBranchPoints="0" visitedBranchPoints="0" sequenceCoverage="0.0" branchCoverage="0" maxCyclomaticComplexity="0" minCyclomaticComplexity="0" maxCrapScore="0" minCrapScore="0" visitedClasses="0" numClasses="0" visitedMethods="0" numMethods="1" />
              <MetadataToken>100663324</MetadataToken>
              <Name>System.Void QuestManager::Start()</Name>
              <FileRef uid="6" />
              <SequencePoints>
                <SequencePoint vc="0" uspid="2405" ordinal="0" offset="0" sl="48" sc="5" el="48" ec="5" bec="0" bev="0" fileid="6" />
                <SequencePoint vc="0" uspid="2406" ordinal="0" offset="1" sl="51" sc="9" el="51" ec="9" bec="0" bev="0" fileid="6" />
                <SequencePoint vc="0" uspid="2407" ordinal="0" offset="2" sl="51" sc="33" el="51" ec="33" bec="0" bev="0" fileid="6" />
                <SequencePoint vc="0" uspid="2408" ordinal="0" offset="16" sl="51" sc="18" el="51" ec="18" bec="0" bev="0" fileid="6" />
                <SequencePoint vc="0" uspid="2409" ordinal="0" offset="20" sl="52" sc="9" el="52" ec="9" bec="0" bev="0" fileid="6" />
                <SequencePoint vc="0" uspid="2410" ordinal="0" offset="21" sl="53" sc="13" el="53" ec="13" bec="0" bev="0" fileid="6" />
                <SequencePoint vc="0" uspid="2411" ordinal="0" offset="39" sl="54" sc="13" el="54" ec="13" bec="0" bev="0" fileid="6" />
                <SequencePoint vc="0" uspid="2412" ordinal="0" offset="47" sl="57" sc="13" el="57" ec="13" bec="0" bev="0" fileid="6" />
                <SequencePoint vc="0" uspid="2413" ordinal="0" offset="67" sl="58" sc="13" el="58" ec="13" bec="0" bev="0" fileid="6" />
                <SequencePoint vc="0" uspid="2414" ordinal="0" offset="68" sl="59" sc="17" el="59" ec="17" bec="0" bev="0" fileid="6" />
                <SequencePoint vc="0" uspid="2415" ordinal="0" offset="96" sl="60" sc="13" el="60" ec="13" bec="0" bev="0" fileid="6" />
                <SequencePoint vc="0" uspid="2416" ordinal="0" offset="99" sl="62" sc="13" el="62" ec="13" bec="0" bev="0" fileid="6" />
                <SequencePoint vc="0" uspid="2417" ordinal="0" offset="100" sl="64" sc="17" el="64" ec="17" bec="0" bev="0" fileid="6" />
                <SequencePoint vc="0" uspid="2418" ordinal="0" offset="128" sl="65" sc="13" el="65" ec="13" bec="0" bev="0" fileid="6" />
                <SequencePoint vc="0" uspid="2419" ordinal="0" offset="129" sl="67" sc="13" el="67" ec="13" bec="0" bev="0" fileid="6" />
                <SequencePoint vc="0" uspid="2420" ordinal="0" offset="137" sl="68" sc="13" el="68" ec="13" bec="0" bev="0" fileid="6" />
                <SequencePoint vc="0" uspid="2421" ordinal="0" offset="151" sl="71" sc="13" el="71" ec="13" bec="0" bev="0" fileid="6" />
                <SequencePoint vc="0" uspid="2422" ordinal="0" offset="161" sl="72" sc="9" el="72" ec="9" bec="0" bev="0" fileid="6" />
                <SequencePoint vc="0" uspid="2423" ordinal="0" offset="166" sl="51" sc="30" el="51" ec="30" bec="0" bev="0" fileid="6" />
                <SequencePoint vc="0" uspid="2424" ordinal="0" offset="175" sl="76" sc="9" el="76" ec="9" bec="0" bev="0" fileid="6" />
                <SequencePoint vc="0" uspid="2425" ordinal="0" offset="198" sl="79" sc="9" el="79" ec="9" bec="0" bev="0" fileid="6" />
                <SequencePoint vc="0" uspid="2426" ordinal="0" offset="227" sl="80" sc="9" el="80" ec="9" bec="0" bev="0" fileid="6" />
                <SequencePoint vc="0" uspid="2427" ordinal="0" offset="256" sl="81" sc="5" el="81" ec="5" bec="0" bev="0" fileid="6" />
              </SequencePoints>
              <BranchPoints />
            </Method>
            <Method visited="false" cyclomaticComplexity="0" nPathComplexity="0" sequenceCoverage="0.0" branchCoverage="0" crapScore="0" isConstructor="false" isStatic="false" isGetter="false" isSetter="false">
              <Summary numSequencePoints="12" visitedSequencePoints="0" numBranchPoints="0" visitedBranchPoints="0" sequenceCoverage="0.0" branchCoverage="0" maxCyclomaticComplexity="0" minCyclomaticComplexity="0" maxCrapScore="0" minCrapScore="0" visitedClasses="0" numClasses="0" visitedMethods="0" numMethods="1" />
              <MetadataToken>100663325</MetadataToken>
              <Name>System.Void QuestManager::UpdatePanelUI(UnityEngine.RectTransform, Quest)</Name>
              <FileRef uid="6" />
              <SequencePoints>
                <SequencePoint vc="0" uspid="2428" ordinal="0" offset="0" sl="85" sc="0" el="85" ec="0" bec="0" bev="0" fileid="6" />
                <SequencePoint vc="0" uspid="2429" ordinal="0" offset="1" sl="86" sc="0" el="86" ec="0" bec="0" bev="0" fileid="6" />
                <SequencePoint vc="0" uspid="2430" ordinal="0" offset="18" sl="87" sc="0" el="87" ec="0" bec="0" bev="0" fileid="6" />
                <SequencePoint vc="0" uspid="2431" ordinal="0" offset="35" sl="88" sc="0" el="88" ec="0" bec="0" bev="0" fileid="6" />
                <SequencePoint vc="0" uspid="2432" ordinal="0" offset="52" sl="89" sc="0" el="89" ec="0" bec="0" bev="0" fileid="6" />
                <SequencePoint vc="0" uspid="2433" ordinal="0" offset="69" sl="90" sc="0" el="90" ec="0" bec="0" bev="0" fileid="6" />
                <SequencePoint vc="0" uspid="2434" ordinal="0" offset="87" sl="92" sc="0" el="92" ec="0" bec="0" bev="0" fileid="6" />
                <SequencePoint vc="0" uspid="2435" ordinal="0" offset="100" sl="93" sc="0" el="93" ec="0" bec="0" bev="0" fileid="6" />
                <SequencePoint vc="0" uspid="2436" ordinal="0" offset="113" sl="94" sc="0" el="94" ec="0" bec="0" bev="0" fileid="6" />
                <SequencePoint vc="0" uspid="2437" ordinal="0" offset="126" sl="95" sc="0" el="95" ec="0" bec="0" bev="0" fileid="6" />
                <SequencePoint vc="0" uspid="2438" ordinal="0" offset="139" sl="96" sc="0" el="96" ec="0" bec="0" bev="0" fileid="6" />
                <SequencePoint vc="0" uspid="2439" ordinal="0" offset="153" sl="97" sc="0" el="97" ec="0" bec="0" bev="0" fileid="6" />
              </SequencePoints>
              <BranchPoints />
            </Method>
            <Method visited="false" cyclomaticComplexity="0" nPathComplexity="0" sequenceCoverage="0.0" branchCoverage="0" crapScore="0" isConstructor="false" isStatic="false" isGetter="false" isSetter="false">
              <Summary numSequencePoints="8" visitedSequencePoints="0" numBranchPoints="0" visitedBranchPoints="0" sequenceCoverage="0.0" branchCoverage="0" maxCyclomaticComplexity="0" minCyclomaticComplexity="0" maxCrapScore="0" minCrapScore="0" visitedClasses="0" numClasses="0" visitedMethods="0" numMethods="1" />
              <MetadataToken>100663326</MetadataToken>
              <Name>System.Void QuestManager::AnimateToNextQuest()</Name>
              <FileRef uid="6" />
              <SequencePoints>
                <SequencePoint vc="0" uspid="2440" ordinal="0" offset="0" sl="101" sc="0" el="101" ec="0" bec="0" bev="0" fileid="6" />
                <SequencePoint vc="0" uspid="2441" ordinal="0" offset="1" sl="102" sc="0" el="102" ec="0" bec="0" bev="0" fileid="6" />
                <SequencePoint vc="0" uspid="2442" ordinal="0" offset="39" sl="103" sc="0" el="103" ec="0" bec="0" bev="0" fileid="6" />
                <SequencePoint vc="0" uspid="2443" ordinal="0" offset="40" sl="104" sc="0" el="104" ec="0" bec="0" bev="0" fileid="6" />
                <SequencePoint vc="0" uspid="2444" ordinal="0" offset="54" sl="108" sc="0" el="108" ec="0" bec="0" bev="0" fileid="6" />
                <SequencePoint vc="0" uspid="2445" ordinal="0" offset="77" sl="111" sc="0" el="111" ec="0" bec="0" bev="0" fileid="6" />
                <SequencePoint vc="0" uspid="2446" ordinal="0" offset="136" sl="118" sc="0" el="118" ec="0" bec="0" bev="0" fileid="6" />
                <SequencePoint vc="0" uspid="2447" ordinal="0" offset="137" sl="119" sc="0" el="119" ec="0" bec="0" bev="0" fileid="6" />
              </SequencePoints>
              <BranchPoints />
            </Method>
            <Method visited="false" cyclomaticComplexity="0" nPathComplexity="0" sequenceCoverage="0.0" branchCoverage="0" crapScore="0" isConstructor="false" isStatic="false" isGetter="false" isSetter="false">
              <Summary numSequencePoints="8" visitedSequencePoints="0" numBranchPoints="0" visitedBranchPoints="0" sequenceCoverage="0.0" branchCoverage="0" maxCyclomaticComplexity="0" minCyclomaticComplexity="0" maxCrapScore="0" minCrapScore="0" visitedClasses="0" numClasses="0" visitedMethods="0" numMethods="1" />
              <MetadataToken>100663327</MetadataToken>
              <Name>System.Void QuestManager::AnimateToPreviousQuest()</Name>
              <FileRef uid="6" />
              <SequencePoints>
                <SequencePoint vc="0" uspid="2448" ordinal="0" offset="0" sl="123" sc="0" el="123" ec="0" bec="0" bev="0" fileid="6" />
                <SequencePoint vc="0" uspid="2449" ordinal="0" offset="1" sl="124" sc="0" el="124" ec="0" bec="0" bev="0" fileid="6" />
                <SequencePoint vc="0" uspid="2450" ordinal="0" offset="27" sl="125" sc="0" el="125" ec="0" bec="0" bev="0" fileid="6" />
                <SequencePoint vc="0" uspid="2451" ordinal="0" offset="28" sl="126" sc="0" el="126" ec="0" bec="0" bev="0" fileid="6" />
                <SequencePoint vc="0" uspid="2452" ordinal="0" offset="42" sl="129" sc="0" el="129" ec="0" bec="0" bev="0" fileid="6" />
                <SequencePoint vc="0" uspid="2453" ordinal="0" offset="65" sl="132" sc="0" el="132" ec="0" bec="0" bev="0" fileid="6" />
                <SequencePoint vc="0" uspid="2454" ordinal="0" offset="124" sl="137" sc="0" el="137" ec="0" bec="0" bev="0" fileid="6" />
                <SequencePoint vc="0" uspid="2455" ordinal="0" offset="125" sl="138" sc="0" el="138" ec="0" bec="0" bev="0" fileid="6" />
              </SequencePoints>
              <BranchPoints />
            </Method>
            <Method visited="false" cyclomaticComplexity="0" nPathComplexity="0" sequenceCoverage="0.0" branchCoverage="0" crapScore="0" isConstructor="true" isStatic="false" isGetter="false" isSetter="false">
              <Summary numSequencePoints="2" visitedSequencePoints="0" numBranchPoints="0" visitedBranchPoints="0" sequenceCoverage="0.0" branchCoverage="0" maxCyclomaticComplexity="0" minCyclomaticComplexity="0" maxCrapScore="0" minCrapScore="0" visitedClasses="0" numClasses="0" visitedMethods="0" numMethods="1" />
              <MetadataToken>100663328</MetadataToken>
              <Name>QuestManager::QuestManager()</Name>
              <FileRef uid="6" />
              <SequencePoints>
                <SequencePoint vc="0" uspid="2456" ordinal="0" offset="0" sl="29" sc="5" el="29" ec="5" bec="0" bev="0" fileid="6" />
                <SequencePoint vc="0" uspid="2457" ordinal="0" offset="11" sl="32" sc="5" el="32" ec="5" bec="0" bev="0" fileid="6" />
              </SequencePoints>
              <BranchPoints />
            </Method>
          </Methods>
        </Class>
        <Class>
          <Summary numSequencePoints="8" visitedSequencePoints="0" numBranchPoints="0" visitedBranchPoints="0" sequenceCoverage="0.0" branchCoverage="0.0" maxCyclomaticComplexity="0" minCyclomaticComplexity="0" maxCrapScore="0" minCrapScore="0" visitedClasses="0" numClasses="1" visitedMethods="0" numMethods="2" />
          <FullName>VolumeControl</FullName>
          <Methods>
            <Method visited="false" cyclomaticComplexity="0" nPathComplexity="0" sequenceCoverage="0.0" branchCoverage="0" crapScore="0" isConstructor="false" isStatic="false" isGetter="false" isSetter="false">
              <Summary numSequencePoints="4" visitedSequencePoints="0" numBranchPoints="0" visitedBranchPoints="0" sequenceCoverage="0.0" branchCoverage="0" maxCyclomaticComplexity="0" minCyclomaticComplexity="0" maxCrapScore="0" minCrapScore="0" visitedClasses="0" numClasses="0" visitedMethods="0" numMethods="1" />
              <MetadataToken>100663329</MetadataToken>
              <Name>System.Void VolumeControl::Start()</Name>
              <FileRef uid="7" />
              <SequencePoints>
                <SequencePoint vc="0" uspid="2458" ordinal="0" offset="0" sl="13" sc="0" el="13" ec="0" bec="0" bev="0" fileid="7" />
                <SequencePoint vc="0" uspid="2459" ordinal="0" offset="1" sl="14" sc="0" el="14" ec="0" bec="0" bev="0" fileid="7" />
                <SequencePoint vc="0" uspid="2460" ordinal="0" offset="18" sl="15" sc="0" el="15" ec="0" bec="0" bev="0" fileid="7" />
                <SequencePoint vc="0" uspid="2461" ordinal="0" offset="35" sl="16" sc="0" el="16" ec="0" bec="0" bev="0" fileid="7" />
              </SequencePoints>
              <BranchPoints />
            </Method>
            <Method visited="false" cyclomaticComplexity="0" nPathComplexity="0" sequenceCoverage="0.0" branchCoverage="0" crapScore="0" isConstructor="false" isStatic="false" isGetter="false" isSetter="false">
              <Summary numSequencePoints="4" visitedSequencePoints="0" numBranchPoints="0" visitedBranchPoints="0" sequenceCoverage="0.0" branchCoverage="0" maxCyclomaticComplexity="0" minCyclomaticComplexity="0" maxCrapScore="0" minCrapScore="0" visitedClasses="0" numClasses="0" visitedMethods="0" numMethods="1" />
              <MetadataToken>100663330</MetadataToken>
              <Name>System.Void VolumeControl::Update()</Name>
              <FileRef uid="7" />
              <SequencePoints>
                <SequencePoint vc="0" uspid="2462" ordinal="0" offset="0" sl="19" sc="0" el="19" ec="0" bec="0" bev="0" fileid="7" />
                <SequencePoint vc="0" uspid="2463" ordinal="0" offset="1" sl="21" sc="0" el="21" ec="0" bec="0" bev="0" fileid="7" />
                <SequencePoint vc="0" uspid="2464" ordinal="0" offset="24" sl="22" sc="0" el="22" ec="0" bec="0" bev="0" fileid="7" />
                <SequencePoint vc="0" uspid="2465" ordinal="0" offset="47" sl="23" sc="0" el="23" ec="0" bec="0" bev="0" fileid="7" />
              </SequencePoints>
              <BranchPoints />
            </Method>
          </Methods>
        </Class>
        <Class>
          <Summary numSequencePoints="60" visitedSequencePoints="0" numBranchPoints="0" visitedBranchPoints="0" sequenceCoverage="0.0" branchCoverage="0.0" maxCyclomaticComplexity="0" minCyclomaticComplexity="0" maxCrapScore="0" minCrapScore="0" visitedClasses="0" numClasses="1" visitedMethods="0" numMethods="20" />
          <FullName>UserAvatar.FinalCharacterController.PlayerControls</FullName>
          <Methods>
            <Method visited="false" cyclomaticComplexity="0" nPathComplexity="0" sequenceCoverage="0.0" branchCoverage="0" crapScore="0" isConstructor="false" isStatic="false" isGetter="true" isSetter="false">
              <Summary numSequencePoints="1" visitedSequencePoints="0" numBranchPoints="0" visitedBranchPoints="0" sequenceCoverage="0.0" branchCoverage="0" maxCyclomaticComplexity="0" minCyclomaticComplexity="0" maxCrapScore="0" minCrapScore="0" visitedClasses="0" numClasses="0" visitedMethods="0" numMethods="1" />
              <MetadataToken>100663664</MetadataToken>
              <Name>UnityEngine.InputSystem.InputActionAsset UserAvatar.FinalCharacterController.PlayerControls::get_asset()</Name>
              <FileRef uid="8" />
              <SequencePoints>
                <SequencePoint vc="0" uspid="2466" ordinal="0" offset="0" sl="82" sc="41" el="82" ec="41" bec="0" bev="0" fileid="8" />
              </SequencePoints>
              <BranchPoints />
            </Method>
            <Method visited="false" cyclomaticComplexity="0" nPathComplexity="0" sequenceCoverage="0.0" branchCoverage="0" crapScore="0" isConstructor="false" isStatic="false" isGetter="false" isSetter="false">
              <Summary numSequencePoints="7" visitedSequencePoints="0" numBranchPoints="0" visitedBranchPoints="0" sequenceCoverage="0.0" branchCoverage="0" maxCyclomaticComplexity="0" minCyclomaticComplexity="0" maxCrapScore="0" minCrapScore="0" visitedClasses="0" numClasses="0" visitedMethods="0" numMethods="1" />
              <MetadataToken>100663666</MetadataToken>
              <Name>System.Void UserAvatar.FinalCharacterController.PlayerControls::Finalize()</Name>
              <FileRef uid="8" />
              <SequencePoints>
                <SequencePoint vc="0" uspid="2467" ordinal="0" offset="0" sl="461" sc="9" el="461" ec="9" bec="0" bev="0" fileid="8" />
                <SequencePoint vc="0" uspid="2468" ordinal="0" offset="1" sl="461" sc="9" el="461" ec="9" bec="0" bev="0" fileid="8" />
                <SequencePoint vc="0" uspid="2469" ordinal="0" offset="2" sl="462" sc="13" el="462" ec="13" bec="0" bev="0" fileid="8" />
                <SequencePoint vc="0" uspid="2470" ordinal="0" offset="27" sl="463" sc="13" el="463" ec="13" bec="0" bev="0" fileid="8" />
                <SequencePoint vc="0" uspid="2471" ordinal="0" offset="52" sl="464" sc="13" el="464" ec="13" bec="0" bev="0" fileid="8" />
                <SequencePoint vc="0" uspid="2472" ordinal="0" offset="79" sl="465" sc="9" el="465" ec="9" bec="0" bev="0" fileid="8" />
                <SequencePoint vc="0" uspid="2473" ordinal="0" offset="87" sl="465" sc="9" el="465" ec="9" bec="0" bev="0" fileid="8" />
              </SequencePoints>
              <BranchPoints />
            </Method>
            <Method visited="false" cyclomaticComplexity="0" nPathComplexity="0" sequenceCoverage="0.0" branchCoverage="0" crapScore="0" isConstructor="false" isStatic="false" isGetter="false" isSetter="false">
              <Summary numSequencePoints="3" visitedSequencePoints="0" numBranchPoints="0" visitedBranchPoints="0" sequenceCoverage="0.0" branchCoverage="0" maxCyclomaticComplexity="0" minCyclomaticComplexity="0" maxCrapScore="0" minCrapScore="0" visitedClasses="0" numClasses="0" visitedMethods="0" numMethods="1" />
              <MetadataToken>100663667</MetadataToken>
              <Name>System.Void UserAvatar.FinalCharacterController.PlayerControls::Dispose()</Name>
              <FileRef uid="8" />
              <SequencePoints>
                <SequencePoint vc="0" uspid="2474" ordinal="0" offset="0" sl="471" sc="0" el="471" ec="0" bec="0" bev="0" fileid="8" />
                <SequencePoint vc="0" uspid="2475" ordinal="0" offset="1" sl="472" sc="0" el="472" ec="0" bec="0" bev="0" fileid="8" />
                <SequencePoint vc="0" uspid="2476" ordinal="0" offset="13" sl="473" sc="0" el="473" ec="0" bec="0" bev="0" fileid="8" />
              </SequencePoints>
              <BranchPoints />
            </Method>
            <Method visited="false" cyclomaticComplexity="0" nPathComplexity="0" sequenceCoverage="0.0" branchCoverage="0" crapScore="0" isConstructor="false" isStatic="false" isGetter="true" isSetter="false">
              <Summary numSequencePoints="1" visitedSequencePoints="0" numBranchPoints="0" visitedBranchPoints="0" sequenceCoverage="0.0" branchCoverage="0" maxCyclomaticComplexity="0" minCyclomaticComplexity="0" maxCrapScore="0" minCrapScore="0" visitedClasses="0" numClasses="0" visitedMethods="0" numMethods="1" />
              <MetadataToken>100663668</MetadataToken>
              <Name>System.Nullable[InputBinding] UserAvatar.FinalCharacterController.PlayerControls::get_bindingMask()</Name>
              <FileRef uid="8" />
              <SequencePoints>
                <SequencePoint vc="0" uspid="2477" ordinal="0" offset="0" sl="478" sc="0" el="478" ec="0" bec="0" bev="0" fileid="8" />
              </SequencePoints>
              <BranchPoints />
            </Method>
            <Method visited="false" cyclomaticComplexity="0" nPathComplexity="0" sequenceCoverage="0.0" branchCoverage="0" crapScore="0" isConstructor="false" isStatic="false" isGetter="false" isSetter="true">
              <Summary numSequencePoints="1" visitedSequencePoints="0" numBranchPoints="0" visitedBranchPoints="0" sequenceCoverage="0.0" branchCoverage="0" maxCyclomaticComplexity="0" minCyclomaticComplexity="0" maxCrapScore="0" minCrapScore="0" visitedClasses="0" numClasses="0" visitedMethods="0" numMethods="1" />
              <MetadataToken>100663669</MetadataToken>
              <Name>System.Void UserAvatar.FinalCharacterController.PlayerControls::set_bindingMask(System.Nullable[InputBinding])</Name>
              <FileRef uid="8" />
              <SequencePoints>
                <SequencePoint vc="0" uspid="2478" ordinal="0" offset="0" sl="479" sc="0" el="479" ec="0" bec="0" bev="0" fileid="8" />
              </SequencePoints>
              <BranchPoints />
            </Method>
            <Method visited="false" cyclomaticComplexity="0" nPathComplexity="0" sequenceCoverage="0.0" branchCoverage="0" crapScore="0" isConstructor="false" isStatic="false" isGetter="true" isSetter="false">
              <Summary numSequencePoints="1" visitedSequencePoints="0" numBranchPoints="0" visitedBranchPoints="0" sequenceCoverage="0.0" branchCoverage="0" maxCyclomaticComplexity="0" minCyclomaticComplexity="0" maxCrapScore="0" minCrapScore="0" visitedClasses="0" numClasses="0" visitedMethods="0" numMethods="1" />
              <MetadataToken>100663670</MetadataToken>
              <Name>System.Nullable[ReadOnlyArray`1] UserAvatar.FinalCharacterController.PlayerControls::get_devices()</Name>
              <FileRef uid="8" />
              <SequencePoints>
                <SequencePoint vc="0" uspid="2479" ordinal="0" offset="0" sl="485" sc="0" el="485" ec="0" bec="0" bev="0" fileid="8" />
              </SequencePoints>
              <BranchPoints />
            </Method>
            <Method visited="false" cyclomaticComplexity="0" nPathComplexity="0" sequenceCoverage="0.0" branchCoverage="0" crapScore="0" isConstructor="false" isStatic="false" isGetter="false" isSetter="true">
              <Summary numSequencePoints="1" visitedSequencePoints="0" numBranchPoints="0" visitedBranchPoints="0" sequenceCoverage="0.0" branchCoverage="0" maxCyclomaticComplexity="0" minCyclomaticComplexity="0" maxCrapScore="0" minCrapScore="0" visitedClasses="0" numClasses="0" visitedMethods="0" numMethods="1" />
              <MetadataToken>100663671</MetadataToken>
              <Name>System.Void UserAvatar.FinalCharacterController.PlayerControls::set_devices(System.Nullable[ReadOnlyArray`1])</Name>
              <FileRef uid="8" />
              <SequencePoints>
                <SequencePoint vc="0" uspid="2480" ordinal="0" offset="0" sl="486" sc="0" el="486" ec="0" bec="0" bev="0" fileid="8" />
              </SequencePoints>
              <BranchPoints />
            </Method>
            <Method visited="false" cyclomaticComplexity="0" nPathComplexity="0" sequenceCoverage="0.0" branchCoverage="0" crapScore="0" isConstructor="false" isStatic="false" isGetter="true" isSetter="false">
              <Summary numSequencePoints="1" visitedSequencePoints="0" numBranchPoints="0" visitedBranchPoints="0" sequenceCoverage="0.0" branchCoverage="0" maxCyclomaticComplexity="0" minCyclomaticComplexity="0" maxCrapScore="0" minCrapScore="0" visitedClasses="0" numClasses="0" visitedMethods="0" numMethods="1" />
              <MetadataToken>100663672</MetadataToken>
              <Name>UnityEngine.InputSystem.Utilities.ReadOnlyArray[InputControlScheme] UserAvatar.FinalCharacterController.PlayerControls::get_controlSchemes()</Name>
              <FileRef uid="8" />
              <SequencePoints>
                <SequencePoint vc="0" uspid="2481" ordinal="0" offset="0" sl="490" sc="0" el="490" ec="0" bec="0" bev="0" fileid="8" />
              </SequencePoints>
              <BranchPoints />
            </Method>
            <Method visited="false" cyclomaticComplexity="0" nPathComplexity="0" sequenceCoverage="0.0" branchCoverage="0" crapScore="0" isConstructor="false" isStatic="false" isGetter="false" isSetter="false">
              <Summary numSequencePoints="3" visitedSequencePoints="0" numBranchPoints="0" visitedBranchPoints="0" sequenceCoverage="0.0" branchCoverage="0" maxCyclomaticComplexity="0" minCyclomaticComplexity="0" maxCrapScore="0" minCrapScore="0" visitedClasses="0" numClasses="0" visitedMethods="0" numMethods="1" />
              <MetadataToken>100663673</MetadataToken>
              <Name>System.Boolean UserAvatar.FinalCharacterController.PlayerControls::Contains(UnityEngine.InputSystem.InputAction)</Name>
              <FileRef uid="8" />
              <SequencePoints>
                <SequencePoint vc="0" uspid="2482" ordinal="0" offset="0" sl="494" sc="0" el="494" ec="0" bec="0" bev="0" fileid="8" />
                <SequencePoint vc="0" uspid="2483" ordinal="0" offset="1" sl="495" sc="0" el="495" ec="0" bec="0" bev="0" fileid="8" />
                <SequencePoint vc="0" uspid="2484" ordinal="0" offset="16" sl="496" sc="0" el="496" ec="0" bec="0" bev="0" fileid="8" />
              </SequencePoints>
              <BranchPoints />
            </Method>
            <Method visited="false" cyclomaticComplexity="0" nPathComplexity="0" sequenceCoverage="0.0" branchCoverage="0" crapScore="0" isConstructor="false" isStatic="false" isGetter="false" isSetter="false">
              <Summary numSequencePoints="3" visitedSequencePoints="0" numBranchPoints="0" visitedBranchPoints="0" sequenceCoverage="0.0" branchCoverage="0" maxCyclomaticComplexity="0" minCyclomaticComplexity="0" maxCrapScore="0" minCrapScore="0" visitedClasses="0" numClasses="0" visitedMethods="0" numMethods="1" />
              <MetadataToken>100663674</MetadataToken>
              <Name>System.Collections.Generic.IEnumerator[InputAction] UserAvatar.FinalCharacterController.PlayerControls::GetEnumerator()</Name>
              <FileRef uid="8" />
              <SequencePoints>
                <SequencePoint vc="0" uspid="2485" ordinal="0" offset="0" sl="500" sc="0" el="500" ec="0" bec="0" bev="0" fileid="8" />
                <SequencePoint vc="0" uspid="2486" ordinal="0" offset="1" sl="501" sc="0" el="501" ec="0" bec="0" bev="0" fileid="8" />
                <SequencePoint vc="0" uspid="2487" ordinal="0" offset="15" sl="502" sc="0" el="502" ec="0" bec="0" bev="0" fileid="8" />
              </SequencePoints>
              <BranchPoints />
            </Method>
            <Method visited="false" cyclomaticComplexity="0" nPathComplexity="0" sequenceCoverage="0.0" branchCoverage="0" crapScore="0" isConstructor="false" isStatic="false" isGetter="false" isSetter="false">
              <Summary numSequencePoints="3" visitedSequencePoints="0" numBranchPoints="0" visitedBranchPoints="0" sequenceCoverage="0.0" branchCoverage="0" maxCyclomaticComplexity="0" minCyclomaticComplexity="0" maxCrapScore="0" minCrapScore="0" visitedClasses="0" numClasses="0" visitedMethods="0" numMethods="1" />
              <MetadataToken>100663675</MetadataToken>
              <Name>System.Collections.IEnumerator UserAvatar.FinalCharacterController.PlayerControls.System.Collections.IEnumerable::GetEnumerator()</Name>
              <FileRef uid="8" />
              <SequencePoints>
                <SequencePoint vc="0" uspid="2488" ordinal="0" offset="0" sl="506" sc="0" el="506" ec="0" bec="0" bev="0" fileid="8" />
                <SequencePoint vc="0" uspid="2489" ordinal="0" offset="1" sl="507" sc="0" el="507" ec="0" bec="0" bev="0" fileid="8" />
                <SequencePoint vc="0" uspid="2490" ordinal="0" offset="10" sl="508" sc="0" el="508" ec="0" bec="0" bev="0" fileid="8" />
              </SequencePoints>
              <BranchPoints />
            </Method>
            <Method visited="false" cyclomaticComplexity="0" nPathComplexity="0" sequenceCoverage="0.0" branchCoverage="0" crapScore="0" isConstructor="false" isStatic="false" isGetter="false" isSetter="false">
              <Summary numSequencePoints="3" visitedSequencePoints="0" numBranchPoints="0" visitedBranchPoints="0" sequenceCoverage="0.0" branchCoverage="0" maxCyclomaticComplexity="0" minCyclomaticComplexity="0" maxCrapScore="0" minCrapScore="0" visitedClasses="0" numClasses="0" visitedMethods="0" numMethods="1" />
              <MetadataToken>100663676</MetadataToken>
              <Name>System.Void UserAvatar.FinalCharacterController.PlayerControls::Enable()</Name>
              <FileRef uid="8" />
              <SequencePoints>
                <SequencePoint vc="0" uspid="2491" ordinal="0" offset="0" sl="512" sc="9" el="512" ec="9" bec="0" bev="0" fileid="8" />
                <SequencePoint vc="0" uspid="2492" ordinal="0" offset="1" sl="513" sc="13" el="513" ec="13" bec="0" bev="0" fileid="8" />
                <SequencePoint vc="0" uspid="2493" ordinal="0" offset="13" sl="514" sc="9" el="514" ec="9" bec="0" bev="0" fileid="8" />
              </SequencePoints>
              <BranchPoints />
            </Method>
            <Method visited="false" cyclomaticComplexity="0" nPathComplexity="0" sequenceCoverage="0.0" branchCoverage="0" crapScore="0" isConstructor="false" isStatic="false" isGetter="false" isSetter="false">
              <Summary numSequencePoints="3" visitedSequencePoints="0" numBranchPoints="0" visitedBranchPoints="0" sequenceCoverage="0.0" branchCoverage="0" maxCyclomaticComplexity="0" minCyclomaticComplexity="0" maxCrapScore="0" minCrapScore="0" visitedClasses="0" numClasses="0" visitedMethods="0" numMethods="1" />
              <MetadataToken>100663677</MetadataToken>
              <Name>System.Void UserAvatar.FinalCharacterController.PlayerControls::Disable()</Name>
              <FileRef uid="8" />
              <SequencePoints>
                <SequencePoint vc="0" uspid="2494" ordinal="0" offset="0" sl="518" sc="9" el="518" ec="9" bec="0" bev="0" fileid="8" />
                <SequencePoint vc="0" uspid="2495" ordinal="0" offset="1" sl="519" sc="13" el="519" ec="13" bec="0" bev="0" fileid="8" />
                <SequencePoint vc="0" uspid="2496" ordinal="0" offset="13" sl="520" sc="9" el="520" ec="9" bec="0" bev="0" fileid="8" />
              </SequencePoints>
              <BranchPoints />
            </Method>
            <Method visited="false" cyclomaticComplexity="0" nPathComplexity="0" sequenceCoverage="0.0" branchCoverage="0" crapScore="0" isConstructor="false" isStatic="false" isGetter="true" isSetter="false">
              <Summary numSequencePoints="1" visitedSequencePoints="0" numBranchPoints="0" visitedBranchPoints="0" sequenceCoverage="0.0" branchCoverage="0" maxCyclomaticComplexity="0" minCyclomaticComplexity="0" maxCrapScore="0" minCrapScore="0" visitedClasses="0" numClasses="0" visitedMethods="0" numMethods="1" />
              <MetadataToken>100663678</MetadataToken>
              <Name>System.Collections.Generic.IEnumerable[InputBinding] UserAvatar.FinalCharacterController.PlayerControls::get_bindings()</Name>
              <FileRef uid="8" />
              <SequencePoints>
                <SequencePoint vc="0" uspid="2497" ordinal="0" offset="0" sl="523" sc="0" el="523" ec="0" bec="0" bev="0" fileid="8" />
              </SequencePoints>
              <BranchPoints />
            </Method>
            <Method visited="false" cyclomaticComplexity="0" nPathComplexity="0" sequenceCoverage="0.0" branchCoverage="0" crapScore="0" isConstructor="false" isStatic="false" isGetter="false" isSetter="false">
              <Summary numSequencePoints="3" visitedSequencePoints="0" numBranchPoints="0" visitedBranchPoints="0" sequenceCoverage="0.0" branchCoverage="0" maxCyclomaticComplexity="0" minCyclomaticComplexity="0" maxCrapScore="0" minCrapScore="0" visitedClasses="0" numClasses="0" visitedMethods="0" numMethods="1" />
              <MetadataToken>100663679</MetadataToken>
              <Name>UnityEngine.InputSystem.InputAction UserAvatar.FinalCharacterController.PlayerControls::FindAction(System.String, System.Boolean)</Name>
              <FileRef uid="8" />
              <SequencePoints>
                <SequencePoint vc="0" uspid="2498" ordinal="0" offset="0" sl="527" sc="0" el="527" ec="0" bec="0" bev="0" fileid="8" />
                <SequencePoint vc="0" uspid="2499" ordinal="0" offset="1" sl="528" sc="0" el="528" ec="0" bec="0" bev="0" fileid="8" />
                <SequencePoint vc="0" uspid="2500" ordinal="0" offset="17" sl="529" sc="0" el="529" ec="0" bec="0" bev="0" fileid="8" />
              </SequencePoints>
              <BranchPoints />
            </Method>
            <Method visited="false" cyclomaticComplexity="0" nPathComplexity="0" sequenceCoverage="0.0" branchCoverage="0" crapScore="0" isConstructor="false" isStatic="false" isGetter="false" isSetter="false">
              <Summary numSequencePoints="3" visitedSequencePoints="0" numBranchPoints="0" visitedBranchPoints="0" sequenceCoverage="0.0" branchCoverage="0" maxCyclomaticComplexity="0" minCyclomaticComplexity="0" maxCrapScore="0" minCrapScore="0" visitedClasses="0" numClasses="0" visitedMethods="0" numMethods="1" />
              <MetadataToken>100663680</MetadataToken>
              <Name>System.Int32 UserAvatar.FinalCharacterController.PlayerControls::FindBinding(UnityEngine.InputSystem.InputBinding, UnityEngine.InputSystem.InputAction&amp;)</Name>
              <FileRef uid="8" />
              <SequencePoints>
                <SequencePoint vc="0" uspid="2501" ordinal="0" offset="0" sl="533" sc="0" el="533" ec="0" bec="0" bev="0" fileid="8" />
                <SequencePoint vc="0" uspid="2502" ordinal="0" offset="1" sl="534" sc="0" el="534" ec="0" bec="0" bev="0" fileid="8" />
                <SequencePoint vc="0" uspid="2503" ordinal="0" offset="17" sl="535" sc="0" el="535" ec="0" bec="0" bev="0" fileid="8" />
              </SequencePoints>
              <BranchPoints />
            </Method>
            <Method visited="false" cyclomaticComplexity="0" nPathComplexity="0" sequenceCoverage="0.0" branchCoverage="0" crapScore="0" isConstructor="false" isStatic="false" isGetter="true" isSetter="false">
              <Summary numSequencePoints="1" visitedSequencePoints="0" numBranchPoints="0" visitedBranchPoints="0" sequenceCoverage="0.0" branchCoverage="0" maxCyclomaticComplexity="0" minCyclomaticComplexity="0" maxCrapScore="0" minCrapScore="0" visitedClasses="0" numClasses="0" visitedMethods="0" numMethods="1" />
              <MetadataToken>100663681</MetadataToken>
              <Name>UserAvatar.FinalCharacterController.PlayerControls/PlayerLocomotionMapActions UserAvatar.FinalCharacterController.PlayerControls::get_PlayerLocomotionMap()</Name>
              <FileRef uid="8" />
              <SequencePoints>
                <SequencePoint vc="0" uspid="2504" ordinal="0" offset="0" sl="675" sc="67" el="675" ec="67" bec="0" bev="0" fileid="8" />
              </SequencePoints>
              <BranchPoints />
            </Method>
            <Method visited="false" cyclomaticComplexity="0" nPathComplexity="0" sequenceCoverage="0.0" branchCoverage="0" crapScore="0" isConstructor="false" isStatic="false" isGetter="true" isSetter="false">
              <Summary numSequencePoints="1" visitedSequencePoints="0" numBranchPoints="0" visitedBranchPoints="0" sequenceCoverage="0.0" branchCoverage="0" maxCyclomaticComplexity="0" minCyclomaticComplexity="0" maxCrapScore="0" minCrapScore="0" visitedClasses="0" numClasses="0" visitedMethods="0" numMethods="1" />
              <MetadataToken>100663682</MetadataToken>
              <Name>UserAvatar.FinalCharacterController.PlayerControls/ThirdPersonMapActions UserAvatar.FinalCharacterController.PlayerControls::get_ThirdPersonMap()</Name>
              <FileRef uid="8" />
              <SequencePoints>
                <SequencePoint vc="0" uspid="2505" ordinal="0" offset="0" sl="771" sc="57" el="771" ec="57" bec="0" bev="0" fileid="8" />
              </SequencePoints>
              <BranchPoints />
            </Method>
            <Method visited="false" cyclomaticComplexity="0" nPathComplexity="0" sequenceCoverage="0.0" branchCoverage="0" crapScore="0" isConstructor="false" isStatic="false" isGetter="true" isSetter="false">
              <Summary numSequencePoints="1" visitedSequencePoints="0" numBranchPoints="0" visitedBranchPoints="0" sequenceCoverage="0.0" branchCoverage="0" maxCyclomaticComplexity="0" minCyclomaticComplexity="0" maxCrapScore="0" minCrapScore="0" visitedClasses="0" numClasses="0" visitedMethods="0" numMethods="1" />
              <MetadataToken>100663683</MetadataToken>
              <Name>UserAvatar.FinalCharacterController.PlayerControls/PlayerActionMapActions UserAvatar.FinalCharacterController.PlayerControls::get_PlayerActionMap()</Name>
              <FileRef uid="8" />
              <SequencePoints>
                <SequencePoint vc="0" uspid="2506" ordinal="0" offset="0" sl="889" sc="59" el="889" ec="59" bec="0" bev="0" fileid="8" />
              </SequencePoints>
              <BranchPoints />
            </Method>
            <Method visited="false" cyclomaticComplexity="0" nPathComplexity="0" sequenceCoverage="0.0" branchCoverage="0" crapScore="0" isConstructor="true" isStatic="false" isGetter="false" isSetter="false">
              <Summary numSequencePoints="19" visitedSequencePoints="0" numBranchPoints="0" visitedBranchPoints="0" sequenceCoverage="0.0" branchCoverage="0" maxCyclomaticComplexity="0" minCyclomaticComplexity="0" maxCrapScore="0" minCrapScore="0" visitedClasses="0" numClasses="0" visitedMethods="0" numMethods="1" />
              <MetadataToken>100663665</MetadataToken>
              <Name>UserAvatar.FinalCharacterController.PlayerControls::PlayerControls()</Name>
              <FileRef uid="8" />
              <SequencePoints>
                <SequencePoint vc="0" uspid="2507" ordinal="0" offset="0" sl="539" sc="9" el="539" ec="9" bec="0" bev="0" fileid="8" />
                <SequencePoint vc="0" uspid="2508" ordinal="0" offset="11" sl="679" sc="9" el="679" ec="9" bec="0" bev="0" fileid="8" />
                <SequencePoint vc="0" uspid="2509" ordinal="0" offset="22" sl="775" sc="9" el="775" ec="9" bec="0" bev="0" fileid="8" />
                <SequencePoint vc="0" uspid="2510" ordinal="0" offset="33" sl="87" sc="9" el="87" ec="9" bec="0" bev="0" fileid="8" />
                <SequencePoint vc="0" uspid="2511" ordinal="0" offset="40" sl="88" sc="9" el="88" ec="9" bec="0" bev="0" fileid="8" />
                <SequencePoint vc="0" uspid="2512" ordinal="0" offset="41" sl="89" sc="13" el="89" ec="13" bec="0" bev="0" fileid="8" />
                <SequencePoint vc="0" uspid="2513" ordinal="0" offset="57" sl="444" sc="13" el="444" ec="13" bec="0" bev="0" fileid="8" />
                <SequencePoint vc="0" uspid="2514" ordinal="0" offset="80" sl="445" sc="13" el="445" ec="13" bec="0" bev="0" fileid="8" />
                <SequencePoint vc="0" uspid="2515" ordinal="0" offset="103" sl="446" sc="13" el="446" ec="13" bec="0" bev="0" fileid="8" />
                <SequencePoint vc="0" uspid="2516" ordinal="0" offset="126" sl="447" sc="13" el="447" ec="13" bec="0" bev="0" fileid="8" />
                <SequencePoint vc="0" uspid="2517" ordinal="0" offset="149" sl="448" sc="13" el="448" ec="13" bec="0" bev="0" fileid="8" />
                <SequencePoint vc="0" uspid="2518" ordinal="0" offset="172" sl="449" sc="13" el="449" ec="13" bec="0" bev="0" fileid="8" />
                <SequencePoint vc="0" uspid="2519" ordinal="0" offset="195" sl="451" sc="13" el="451" ec="13" bec="0" bev="0" fileid="8" />
                <SequencePoint vc="0" uspid="2520" ordinal="0" offset="218" sl="452" sc="13" el="452" ec="13" bec="0" bev="0" fileid="8" />
                <SequencePoint vc="0" uspid="2521" ordinal="0" offset="241" sl="454" sc="13" el="454" ec="13" bec="0" bev="0" fileid="8" />
                <SequencePoint vc="0" uspid="2522" ordinal="0" offset="264" sl="455" sc="13" el="455" ec="13" bec="0" bev="0" fileid="8" />
                <SequencePoint vc="0" uspid="2523" ordinal="0" offset="287" sl="456" sc="13" el="456" ec="13" bec="0" bev="0" fileid="8" />
                <SequencePoint vc="0" uspid="2524" ordinal="0" offset="310" sl="457" sc="13" el="457" ec="13" bec="0" bev="0" fileid="8" />
                <SequencePoint vc="0" uspid="2525" ordinal="0" offset="333" sl="458" sc="9" el="458" ec="9" bec="0" bev="0" fileid="8" />
              </SequencePoints>
              <BranchPoints />
            </Method>
          </Methods>
        </Class>
        <Class>
          <Summary numSequencePoints="10" visitedSequencePoints="0" numBranchPoints="0" visitedBranchPoints="0" sequenceCoverage="0.0" branchCoverage="0.0" maxCyclomaticComplexity="0" minCyclomaticComplexity="0" maxCrapScore="0" minCrapScore="0" visitedClasses="0" numClasses="1" visitedMethods="0" numMethods="1" />
          <FullName>UserAvatar.FinalCharacterController.CharacterControllerUtils</FullName>
          <Methods>
            <Method visited="false" cyclomaticComplexity="0" nPathComplexity="0" sequenceCoverage="0.0" branchCoverage="0" crapScore="0" isConstructor="false" isStatic="true" isGetter="false" isSetter="false">
              <Summary numSequencePoints="10" visitedSequencePoints="0" numBranchPoints="0" visitedBranchPoints="0" sequenceCoverage="0.0" branchCoverage="0" maxCyclomaticComplexity="0" minCyclomaticComplexity="0" maxCrapScore="0" minCrapScore="0" visitedClasses="0" numClasses="0" visitedMethods="0" numMethods="1" />
              <MetadataToken>100663684</MetadataToken>
              <Name>static UnityEngine.Vector3 UserAvatar.FinalCharacterController.CharacterControllerUtils::GetNormalWithSphereCast(UnityEngine.CharacterController, UnityEngine.LayerMask)</Name>
              <FileRef uid="9" />
              <SequencePoints>
                <SequencePoint vc="0" uspid="2526" ordinal="0" offset="0" sl="10" sc="0" el="10" ec="0" bec="0" bev="0" fileid="9" />
                <SequencePoint vc="0" uspid="2527" ordinal="0" offset="1" sl="11" sc="0" el="11" ec="0" bec="0" bev="0" fileid="9" />
                <SequencePoint vc="0" uspid="2528" ordinal="0" offset="7" sl="12" sc="0" el="12" ec="0" bec="0" bev="0" fileid="9" />
                <SequencePoint vc="0" uspid="2529" ordinal="0" offset="30" sl="13" sc="0" el="13" ec="0" bec="0" bev="0" fileid="9" />
                <SequencePoint vc="0" uspid="2530" ordinal="0" offset="56" sl="16" sc="0" el="16" ec="0" bec="0" bev="0" fileid="9" />
                <SequencePoint vc="0" uspid="2531" ordinal="0" offset="88" sl="17" sc="0" el="17" ec="0" bec="0" bev="0" fileid="9" />
                <SequencePoint vc="0" uspid="2532" ordinal="0" offset="89" sl="18" sc="0" el="18" ec="0" bec="0" bev="0" fileid="9" />
                <SequencePoint vc="0" uspid="2533" ordinal="0" offset="97" sl="19" sc="0" el="19" ec="0" bec="0" bev="0" fileid="9" />
                <SequencePoint vc="0" uspid="2534" ordinal="0" offset="98" sl="21" sc="0" el="21" ec="0" bec="0" bev="0" fileid="9" />
                <SequencePoint vc="0" uspid="2535" ordinal="0" offset="103" sl="22" sc="0" el="22" ec="0" bec="0" bev="0" fileid="9" />
              </SequencePoints>
              <BranchPoints />
            </Method>
          </Methods>
        </Class>
        <Class>
          <Summary numSequencePoints="17" visitedSequencePoints="0" numBranchPoints="0" visitedBranchPoints="0" sequenceCoverage="0.0" branchCoverage="0.0" maxCyclomaticComplexity="0" minCyclomaticComplexity="0" maxCrapScore="0" minCrapScore="0" visitedClasses="0" numClasses="1" visitedMethods="0" numMethods="5" />
          <FullName>UserAvatar.FinalCharacterController.PlayerInputManager</FullName>
          <Methods>
            <Method visited="false" cyclomaticComplexity="0" nPathComplexity="0" sequenceCoverage="0.0" branchCoverage="0" crapScore="0" isConstructor="false" isStatic="false" isGetter="true" isSetter="false">
              <Summary numSequencePoints="1" visitedSequencePoints="0" numBranchPoints="0" visitedBranchPoints="0" sequenceCoverage="0.0" branchCoverage="0" maxCyclomaticComplexity="0" minCyclomaticComplexity="0" maxCrapScore="0" minCrapScore="0" visitedClasses="0" numClasses="0" visitedMethods="0" numMethods="1" />
              <MetadataToken>100663685</MetadataToken>
              <Name>UserAvatar.FinalCharacterController.PlayerControls UserAvatar.FinalCharacterController.PlayerInputManager::get_PlayerControls()</Name>
              <FileRef uid="10" />
              <SequencePoints>
                <SequencePoint vc="0" uspid="2536" ordinal="0" offset="0" sl="9" sc="49" el="9" ec="49" bec="0" bev="0" fileid="10" />
              </SequencePoints>
              <BranchPoints />
            </Method>
            <Method visited="false" cyclomaticComplexity="0" nPathComplexity="0" sequenceCoverage="0.0" branchCoverage="0" crapScore="0" isConstructor="false" isStatic="false" isGetter="false" isSetter="true">
              <Summary numSequencePoints="1" visitedSequencePoints="0" numBranchPoints="0" visitedBranchPoints="0" sequenceCoverage="0.0" branchCoverage="0" maxCyclomaticComplexity="0" minCyclomaticComplexity="0" maxCrapScore="0" minCrapScore="0" visitedClasses="0" numClasses="0" visitedMethods="0" numMethods="1" />
              <MetadataToken>100663686</MetadataToken>
[...]
          <FullName>UserAvatar.FinalCharacterController.PlayerControls/PlayerActionMapActions</FullName>
          <Methods>
            <Method visited="false" cyclomaticComplexity="0" nPathComplexity="0" sequenceCoverage="0.0" branchCoverage="0" crapScore="0" isConstructor="false" isStatic="false" isGetter="true" isSetter="false">
              <Summary numSequencePoints="1" visitedSequencePoints="0" numBranchPoints="0" visitedBranchPoints="0" sequenceCoverage="0.0" branchCoverage="0" maxCyclomaticComplexity="0" minCyclomaticComplexity="0" maxCrapScore="0" minCrapScore="0" visitedClasses="0" numClasses="0" visitedMethods="0" numMethods="1" />
              <MetadataToken>100663996</MetadataToken>
              <Name>UnityEngine.InputSystem.InputAction UserAvatar.FinalCharacterController.PlayerControls/PlayerActionMapActions::get_Gather()</Name>
              <FileRef uid="8" />
              <SequencePoints>
                <SequencePoint vc="0" uspid="3045" ordinal="0" offset="0" sl="793" sc="43" el="793" ec="43" bec="0" bev="0" fileid="8" />
              </SequencePoints>
              <BranchPoints />
            </Method>
            <Method visited="false" cyclomaticComplexity="0" nPathComplexity="0" sequenceCoverage="0.0" branchCoverage="0" crapScore="0" isConstructor="false" isStatic="false" isGetter="true" isSetter="false">
              <Summary numSequencePoints="1" visitedSequencePoints="0" numBranchPoints="0" visitedBranchPoints="0" sequenceCoverage="0.0" branchCoverage="0" maxCyclomaticComplexity="0" minCyclomaticComplexity="0" maxCrapScore="0" minCrapScore="0" visitedClasses="0" numClasses="0" visitedMethods="0" numMethods="1" />
              <MetadataToken>100663997</MetadataToken>
              <Name>UnityEngine.InputSystem.InputAction UserAvatar.FinalCharacterController.PlayerControls/PlayerActionMapActions::get_Attack()</Name>
              <FileRef uid="8" />
              <SequencePoints>
                <SequencePoint vc="0" uspid="3046" ordinal="0" offset="0" sl="797" sc="43" el="797" ec="43" bec="0" bev="0" fileid="8" />
              </SequencePoints>
              <BranchPoints />
            </Method>
            <Method visited="false" cyclomaticComplexity="0" nPathComplexity="0" sequenceCoverage="0.0" branchCoverage="0" crapScore="0" isConstructor="false" isStatic="false" isGetter="true" isSetter="false">
              <Summary numSequencePoints="1" visitedSequencePoints="0" numBranchPoints="0" visitedBranchPoints="0" sequenceCoverage="0.0" branchCoverage="0" maxCyclomaticComplexity="0" minCyclomaticComplexity="0" maxCrapScore="0" minCrapScore="0" visitedClasses="0" numClasses="0" visitedMethods="0" numMethods="1" />
              <MetadataToken>100663998</MetadataToken>
              <Name>UnityEngine.InputSystem.InputAction UserAvatar.FinalCharacterController.PlayerControls/PlayerActionMapActions::get_Interact()</Name>
              <FileRef uid="8" />
              <SequencePoints>
                <SequencePoint vc="0" uspid="3047" ordinal="0" offset="0" sl="801" sc="45" el="801" ec="45" bec="0" bev="0" fileid="8" />
              </SequencePoints>
              <BranchPoints />
            </Method>
            <Method visited="false" cyclomaticComplexity="0" nPathComplexity="0" sequenceCoverage="0.0" branchCoverage="0" crapScore="0" isConstructor="false" isStatic="false" isGetter="false" isSetter="false">
              <Summary numSequencePoints="3" visitedSequencePoints="0" numBranchPoints="0" visitedBranchPoints="0" sequenceCoverage="0.0" branchCoverage="0" maxCyclomaticComplexity="0" minCyclomaticComplexity="0" maxCrapScore="0" minCrapScore="0" visitedClasses="0" numClasses="0" visitedMethods="0" numMethods="1" />
              <MetadataToken>100663999</MetadataToken>
              <Name>UnityEngine.InputSystem.InputActionMap UserAvatar.FinalCharacterController.PlayerControls/PlayerActionMapActions::Get()</Name>
              <FileRef uid="8" />
              <SequencePoints>
                <SequencePoint vc="0" uspid="3048" ordinal="0" offset="0" sl="805" sc="41" el="805" ec="41" bec="0" bev="0" fileid="8" />
                <SequencePoint vc="0" uspid="3049" ordinal="0" offset="1" sl="805" sc="43" el="805" ec="43" bec="0" bev="0" fileid="8" />
                <SequencePoint vc="0" uspid="3050" ordinal="0" offset="15" sl="805" sc="79" el="805" ec="79" bec="0" bev="0" fileid="8" />
              </SequencePoints>
              <BranchPoints />
            </Method>
            <Method visited="false" cyclomaticComplexity="0" nPathComplexity="0" sequenceCoverage="0.0" branchCoverage="0" crapScore="0" isConstructor="false" isStatic="false" isGetter="false" isSetter="false">
              <Summary numSequencePoints="3" visitedSequencePoints="0" numBranchPoints="0" visitedBranchPoints="0" sequenceCoverage="0.0" branchCoverage="0" maxCyclomaticComplexity="0" minCyclomaticComplexity="0" maxCrapScore="0" minCrapScore="0" visitedClasses="0" numClasses="0" visitedMethods="0" numMethods="1" />
              <MetadataToken>100664000</MetadataToken>
              <Name>System.Void UserAvatar.FinalCharacterController.PlayerControls/PlayerActionMapActions::Enable()</Name>
              <FileRef uid="8" />
              <SequencePoints>
                <SequencePoint vc="0" uspid="3051" ordinal="0" offset="0" sl="807" sc="34" el="807" ec="34" bec="0" bev="0" fileid="8" />
                <SequencePoint vc="0" uspid="3052" ordinal="0" offset="1" sl="807" sc="36" el="807" ec="36" bec="0" bev="0" fileid="8" />
                <SequencePoint vc="0" uspid="3053" ordinal="0" offset="13" sl="807" sc="52" el="807" ec="52" bec="0" bev="0" fileid="8" />
              </SequencePoints>
              <BranchPoints />
            </Method>
            <Method visited="false" cyclomaticComplexity="0" nPathComplexity="0" sequenceCoverage="0.0" branchCoverage="0" crapScore="0" isConstructor="false" isStatic="false" isGetter="false" isSetter="false">
              <Summary numSequencePoints="3" visitedSequencePoints="0" numBranchPoints="0" visitedBranchPoints="0" sequenceCoverage="0.0" branchCoverage="0" maxCyclomaticComplexity="0" minCyclomaticComplexity="0" maxCrapScore="0" minCrapScore="0" visitedClasses="0" numClasses="0" visitedMethods="0" numMethods="1" />
              <MetadataToken>100664001</MetadataToken>
              <Name>System.Void UserAvatar.FinalCharacterController.PlayerControls/PlayerActionMapActions::Disable()</Name>
              <FileRef uid="8" />
              <SequencePoints>
                <SequencePoint vc="0" uspid="3054" ordinal="0" offset="0" sl="809" sc="35" el="809" ec="35" bec="0" bev="0" fileid="8" />
                <SequencePoint vc="0" uspid="3055" ordinal="0" offset="1" sl="809" sc="37" el="809" ec="37" bec="0" bev="0" fileid="8" />
                <SequencePoint vc="0" uspid="3056" ordinal="0" offset="13" sl="809" sc="54" el="809" ec="54" bec="0" bev="0" fileid="8" />
              </SequencePoints>
              <BranchPoints />
            </Method>
            <Method visited="false" cyclomaticComplexity="0" nPathComplexity="0" sequenceCoverage="0.0" branchCoverage="0" crapScore="0" isConstructor="false" isStatic="false" isGetter="true" isSetter="false">
              <Summary numSequencePoints="1" visitedSequencePoints="0" numBranchPoints="0" visitedBranchPoints="0" sequenceCoverage="0.0" branchCoverage="0" maxCyclomaticComplexity="0" minCyclomaticComplexity="0" maxCrapScore="0" minCrapScore="0" visitedClasses="0" numClasses="0" visitedMethods="0" numMethods="1" />
              <MetadataToken>100664002</MetadataToken>
              <Name>System.Boolean UserAvatar.FinalCharacterController.PlayerControls/PlayerActionMapActions::get_enabled()</Name>
              <FileRef uid="8" />
              <SequencePoints>
                <SequencePoint vc="0" uspid="3057" ordinal="0" offset="0" sl="811" sc="0" el="811" ec="0" bec="0" bev="0" fileid="8" />
              </SequencePoints>
              <BranchPoints />
            </Method>
            <Method visited="false" cyclomaticComplexity="0" nPathComplexity="0" sequenceCoverage="0.0" branchCoverage="0" crapScore="0" isConstructor="false" isStatic="true" isGetter="false" isSetter="false">
              <Summary numSequencePoints="3" visitedSequencePoints="0" numBranchPoints="0" visitedBranchPoints="0" sequenceCoverage="0.0" branchCoverage="0" maxCyclomaticComplexity="0" minCyclomaticComplexity="0" maxCrapScore="0" minCrapScore="0" visitedClasses="0" numClasses="0" visitedMethods="0" numMethods="1" />
              <MetadataToken>100664003</MetadataToken>
              <Name>static UnityEngine.InputSystem.InputActionMap UserAvatar.FinalCharacterController.PlayerControls/PlayerActionMapActions::implicit operator UnityEngine.InputSystem.InputActionMap(UserAvatar.FinalCharacterController.PlayerControls/PlayerActionMapActions)</Name>
              <FileRef uid="8" />
              <SequencePoints>
                <SequencePoint vc="0" uspid="3058" ordinal="0" offset="0" sl="815" sc="0" el="815" ec="0" bec="0" bev="0" fileid="8" />
                <SequencePoint vc="0" uspid="3059" ordinal="0" offset="1" sl="815" sc="0" el="815" ec="0" bec="0" bev="0" fileid="8" />
                <SequencePoint vc="0" uspid="3060" ordinal="0" offset="11" sl="815" sc="0" el="815" ec="0" bec="0" bev="0" fileid="8" />
              </SequencePoints>
              <BranchPoints />
            </Method>
            <Method visited="false" cyclomaticComplexity="0" nPathComplexity="0" sequenceCoverage="0.0" branchCoverage="0" crapScore="0" isConstructor="false" isStatic="false" isGetter="false" isSetter="false">
              <Summary numSequencePoints="14" visitedSequencePoints="0" numBranchPoints="0" visitedBranchPoints="0" sequenceCoverage="0.0" branchCoverage="0" maxCyclomaticComplexity="0" minCyclomaticComplexity="0" maxCrapScore="0" minCrapScore="0" visitedClasses="0" numClasses="0" visitedMethods="0" numMethods="1" />
              <MetadataToken>100664004</MetadataToken>
              <Name>System.Void UserAvatar.FinalCharacterController.PlayerControls/PlayerActionMapActions::AddCallbacks(UserAvatar.FinalCharacterController.PlayerControls/IPlayerActionMapActions)</Name>
              <FileRef uid="8" />
              <SequencePoints>
                <SequencePoint vc="0" uspid="3061" ordinal="0" offset="0" sl="825" sc="13" el="825" ec="13" bec="0" bev="0" fileid="8" />
                <SequencePoint vc="0" uspid="3062" ordinal="0" offset="1" sl="826" sc="17" el="826" ec="17" bec="0" bev="0" fileid="8" />
                <SequencePoint vc="0" uspid="3063" ordinal="0" offset="28" sl="826" sc="114" el="826" ec="114" bec="0" bev="0" fileid="8" />
                <SequencePoint vc="0" uspid="3064" ordinal="0" offset="33" sl="827" sc="17" el="827" ec="17" bec="0" bev="0" fileid="8" />
                <SequencePoint vc="0" uspid="3065" ordinal="0" offset="51" sl="828" sc="17" el="828" ec="17" bec="0" bev="0" fileid="8" />
                <SequencePoint vc="0" uspid="3066" ordinal="0" offset="76" sl="829" sc="17" el="829" ec="17" bec="0" bev="0" fileid="8" />
                <SequencePoint vc="0" uspid="3067" ordinal="0" offset="101" sl="830" sc="17" el="830" ec="17" bec="0" bev="0" fileid="8" />
                <SequencePoint vc="0" uspid="3068" ordinal="0" offset="126" sl="831" sc="17" el="831" ec="17" bec="0" bev="0" fileid="8" />
                <SequencePoint vc="0" uspid="3069" ordinal="0" offset="151" sl="832" sc="17" el="832" ec="17" bec="0" bev="0" fileid="8" />
                <SequencePoint vc="0" uspid="3070" ordinal="0" offset="176" sl="833" sc="17" el="833" ec="17" bec="0" bev="0" fileid="8" />
                <SequencePoint vc="0" uspid="3071" ordinal="0" offset="201" sl="834" sc="17" el="834" ec="17" bec="0" bev="0" fileid="8" />
                <SequencePoint vc="0" uspid="3072" ordinal="0" offset="226" sl="835" sc="17" el="835" ec="17" bec="0" bev="0" fileid="8" />
                <SequencePoint vc="0" uspid="3073" ordinal="0" offset="251" sl="836" sc="17" el="836" ec="17" bec="0" bev="0" fileid="8" />
                <SequencePoint vc="0" uspid="3074" ordinal="0" offset="276" sl="837" sc="13" el="837" ec="13" bec="0" bev="0" fileid="8" />
              </SequencePoints>
              <BranchPoints />
            </Method>
            <Method visited="false" cyclomaticComplexity="0" nPathComplexity="0" sequenceCoverage="0.0" branchCoverage="0" crapScore="0" isConstructor="false" isStatic="false" isGetter="false" isSetter="false">
              <Summary numSequencePoints="11" visitedSequencePoints="0" numBranchPoints="0" visitedBranchPoints="0" sequenceCoverage="0.0" branchCoverage="0" maxCyclomaticComplexity="0" minCyclomaticComplexity="0" maxCrapScore="0" minCrapScore="0" visitedClasses="0" numClasses="0" visitedMethods="0" numMethods="1" />
              <MetadataToken>100664005</MetadataToken>
              <Name>System.Void UserAvatar.FinalCharacterController.PlayerControls/PlayerActionMapActions::UnregisterCallbacks(UserAvatar.FinalCharacterController.PlayerControls/IPlayerActionMapActions)</Name>
              <FileRef uid="8" />
              <SequencePoints>
                <SequencePoint vc="0" uspid="3075" ordinal="0" offset="0" sl="847" sc="13" el="847" ec="13" bec="0" bev="0" fileid="8" />
                <SequencePoint vc="0" uspid="3076" ordinal="0" offset="1" sl="848" sc="17" el="848" ec="17" bec="0" bev="0" fileid="8" />
                <SequencePoint vc="0" uspid="3077" ordinal="0" offset="26" sl="849" sc="17" el="849" ec="17" bec="0" bev="0" fileid="8" />
                <SequencePoint vc="0" uspid="3078" ordinal="0" offset="51" sl="850" sc="17" el="850" ec="17" bec="0" bev="0" fileid="8" />
                <SequencePoint vc="0" uspid="3079" ordinal="0" offset="76" sl="851" sc="17" el="851" ec="17" bec="0" bev="0" fileid="8" />
                <SequencePoint vc="0" uspid="3080" ordinal="0" offset="101" sl="852" sc="17" el="852" ec="17" bec="0" bev="0" fileid="8" />
                <SequencePoint vc="0" uspid="3081" ordinal="0" offset="126" sl="853" sc="17" el="853" ec="17" bec="0" bev="0" fileid="8" />
                <SequencePoint vc="0" uspid="3082" ordinal="0" offset="151" sl="854" sc="17" el="854" ec="17" bec="0" bev="0" fileid="8" />
                <SequencePoint vc="0" uspid="3083" ordinal="0" offset="176" sl="855" sc="17" el="855" ec="17" bec="0" bev="0" fileid="8" />
                <SequencePoint vc="0" uspid="3084" ordinal="0" offset="201" sl="856" sc="17" el="856" ec="17" bec="0" bev="0" fileid="8" />
                <SequencePoint vc="0" uspid="3085" ordinal="0" offset="226" sl="857" sc="13" el="857" ec="13" bec="0" bev="0" fileid="8" />
              </SequencePoints>
              <BranchPoints />
            </Method>
            <Method visited="false" cyclomaticComplexity="0" nPathComplexity="0" sequenceCoverage="0.0" branchCoverage="0" crapScore="0" isConstructor="false" isStatic="false" isGetter="false" isSetter="false">
              <Summary numSequencePoints="4" visitedSequencePoints="0" numBranchPoints="0" visitedBranchPoints="0" sequenceCoverage="0.0" branchCoverage="0" maxCyclomaticComplexity="0" minCyclomaticComplexity="0" maxCrapScore="0" minCrapScore="0" visitedClasses="0" numClasses="0" visitedMethods="0" numMethods="1" />
              <MetadataToken>100664006</MetadataToken>
              <Name>System.Void UserAvatar.FinalCharacterController.PlayerControls/PlayerActionMapActions::RemoveCallbacks(UserAvatar.FinalCharacterController.PlayerControls/IPlayerActionMapActions)</Name>
              <FileRef uid="8" />
              <SequencePoints>
                <SequencePoint vc="0" uspid="3086" ordinal="0" offset="0" sl="864" sc="0" el="864" ec="0" bec="0" bev="0" fileid="8" />
                <SequencePoint vc="0" uspid="3087" ordinal="0" offset="1" sl="865" sc="0" el="865" ec="0" bec="0" bev="0" fileid="8" />
                <SequencePoint vc="0" uspid="3088" ordinal="0" offset="22" sl="866" sc="0" el="866" ec="0" bec="0" bev="0" fileid="8" />
                <SequencePoint vc="0" uspid="3089" ordinal="0" offset="30" sl="867" sc="0" el="867" ec="0" bec="0" bev="0" fileid="8" />
              </SequencePoints>
              <BranchPoints />
            </Method>
            <Method visited="false" cyclomaticComplexity="0" nPathComplexity="0" sequenceCoverage="0.0" branchCoverage="0" crapScore="0" isConstructor="false" isStatic="false" isGetter="false" isSetter="false">
              <Summary numSequencePoints="9" visitedSequencePoints="0" numBranchPoints="0" visitedBranchPoints="0" sequenceCoverage="0.0" branchCoverage="0" maxCyclomaticComplexity="0" minCyclomaticComplexity="0" maxCrapScore="0" minCrapScore="0" visitedClasses="0" numClasses="0" visitedMethods="0" numMethods="1" />
              <MetadataToken>100664007</MetadataToken>
              <Name>System.Void UserAvatar.FinalCharacterController.PlayerControls/PlayerActionMapActions::SetCallbacks(UserAvatar.FinalCharacterController.PlayerControls/IPlayerActionMapActions)</Name>
              <FileRef uid="8" />
              <SequencePoints>
                <SequencePoint vc="0" uspid="3090" ordinal="0" offset="0" sl="879" sc="13" el="879" ec="13" bec="0" bev="0" fileid="8" />
                <SequencePoint vc="0" uspid="3091" ordinal="0" offset="1" sl="880" sc="17" el="880" ec="17" bec="0" bev="0" fileid="8" />
                <SequencePoint vc="0" uspid="3092" ordinal="0" offset="2" sl="880" sc="38" el="880" ec="38" bec="0" bev="0" fileid="8" />
                <SequencePoint vc="0" uspid="3093" ordinal="0" offset="21" sl="880" sc="26" el="880" ec="26" bec="0" bev="0" fileid="8" />
                <SequencePoint vc="0" uspid="3094" ordinal="0" offset="29" sl="881" sc="21" el="881" ec="21" bec="0" bev="0" fileid="8" />
                <SequencePoint vc="0" uspid="3095" ordinal="0" offset="37" sl="880" sc="35" el="880" ec="35" bec="0" bev="0" fileid="8" />
                <SequencePoint vc="0" uspid="3096" ordinal="0" offset="63" sl="882" sc="17" el="882" ec="17" bec="0" bev="0" fileid="8" />
                <SequencePoint vc="0" uspid="3097" ordinal="0" offset="80" sl="883" sc="17" el="883" ec="17" bec="0" bev="0" fileid="8" />
                <SequencePoint vc="0" uspid="3098" ordinal="0" offset="88" sl="884" sc="13" el="884" ec="13" bec="0" bev="0" fileid="8" />
              </SequencePoints>
              <BranchPoints />
            </Method>
            <Method visited="false" cyclomaticComplexity="0" nPathComplexity="0" sequenceCoverage="0.0" branchCoverage="0" crapScore="0" isConstructor="true" isStatic="false" isGetter="false" isSetter="false">
              <Summary numSequencePoints="3" visitedSequencePoints="0" numBranchPoints="0" visitedBranchPoints="0" sequenceCoverage="0.0" branchCoverage="0" maxCyclomaticComplexity="0" minCyclomaticComplexity="0" maxCrapScore="0" minCrapScore="0" visitedClasses="0" numClasses="0" visitedMethods="0" numMethods="1" />
              <MetadataToken>100663995</MetadataToken>
              <Name>UserAvatar.FinalCharacterController.PlayerControls/PlayerActionMapActions::PlayerActionMapActions(UserAvatar.FinalCharacterController.PlayerControls)</Name>
              <FileRef uid="8" />
              <SequencePoints>
                <SequencePoint vc="0" uspid="3099" ordinal="0" offset="0" sl="789" sc="68" el="789" ec="68" bec="0" bev="0" fileid="8" />
                <SequencePoint vc="0" uspid="3100" ordinal="0" offset="1" sl="789" sc="70" el="789" ec="70" bec="0" bev="0" fileid="8" />
                <SequencePoint vc="0" uspid="3101" ordinal="0" offset="8" sl="789" sc="91" el="789" ec="91" bec="0" bev="0" fileid="8" />
              </SequencePoints>
              <BranchPoints />
            </Method>
          </Methods>
        </Class>
      </Classes>
    </Module>
  </Modules>
</CoverageSession>